{"C:\\MessWala\\backend\\src\\controllers\\advancedAnalyticsController.js": {"path":"C:\\MessWala\\backend\\src\\controllers\\advancedAnalyticsController.js","statementMap":{"0":{"start":{"line":12,"column":4},"end":{"line":12,"column":41}},"1":{"start":{"line":14,"column":16},"end":{"line":14,"column":44}},"2":{"start":{"line":15,"column":23},"end":{"line":15,"column":58}},"3":{"start":{"line":16,"column":17},"end":{"line":16,"column":46}},"4":{"start":{"line":23,"column":2},"end":{"line":50,"column":3}},"5":{"start":{"line":24,"column":35},"end":{"line":24,"column":44}},"6":{"start":{"line":26,"column":18},"end":{"line":26,"column":20}},"7":{"start":{"line":27,"column":4},"end":{"line":35,"column":5}},"8":{"start":{"line":28,"column":6},"end":{"line":28,"column":22}},"9":{"start":{"line":29,"column":6},"end":{"line":31,"column":7}},"10":{"start":{"line":30,"column":8},"end":{"line":30,"column":46}},"11":{"start":{"line":32,"column":6},"end":{"line":34,"column":7}},"12":{"start":{"line":33,"column":8},"end":{"line":33,"column":44}},"13":{"start":{"line":37,"column":18},"end":{"line":37,"column":50}},"14":{"start":{"line":38,"column":24},"end":{"line":38,"column":53}},"15":{"start":{"line":40,"column":4},"end":{"line":44,"column":7}},"16":{"start":{"line":46,"column":4},"end":{"line":49,"column":7}},"17":{"start":{"line":58,"column":2},"end":{"line":85,"column":3}},"18":{"start":{"line":59,"column":35},"end":{"line":59,"column":44}},"19":{"start":{"line":61,"column":18},"end":{"line":61,"column":20}},"20":{"start":{"line":62,"column":4},"end":{"line":70,"column":5}},"21":{"start":{"line":63,"column":6},"end":{"line":63,"column":22}},"22":{"start":{"line":64,"column":6},"end":{"line":66,"column":7}},"23":{"start":{"line":65,"column":8},"end":{"line":65,"column":46}},"24":{"start":{"line":67,"column":6},"end":{"line":69,"column":7}},"25":{"start":{"line":68,"column":8},"end":{"line":68,"column":44}},"26":{"start":{"line":72,"column":21},"end":{"line":72,"column":64}},"27":{"start":{"line":73,"column":19},"end":{"line":73,"column":49}},"28":{"start":{"line":75,"column":4},"end":{"line":79,"column":7}},"29":{"start":{"line":81,"column":4},"end":{"line":84,"column":7}},"30":{"start":{"line":93,"column":2},"end":{"line":121,"column":3}},"31":{"start":{"line":94,"column":51},"end":{"line":94,"column":60}},"32":{"start":{"line":96,"column":18},"end":{"line":96,"column":20}},"33":{"start":{"line":97,"column":4},"end":{"line":105,"column":5}},"34":{"start":{"line":98,"column":6},"end":{"line":98,"column":22}},"35":{"start":{"line":99,"column":6},"end":{"line":101,"column":7}},"36":{"start":{"line":100,"column":8},"end":{"line":100,"column":46}},"37":{"start":{"line":102,"column":6},"end":{"line":104,"column":7}},"38":{"start":{"line":103,"column":8},"end":{"line":103,"column":44}},"39":{"start":{"line":107,"column":21},"end":{"line":107,"column":64}},"40":{"start":{"line":108,"column":24},"end":{"line":108,"column":71}},"41":{"start":{"line":110,"column":4},"end":{"line":115,"column":7}},"42":{"start":{"line":117,"column":4},"end":{"line":120,"column":7}},"43":{"start":{"line":129,"column":2},"end":{"line":160,"column":3}},"44":{"start":{"line":130,"column":35},"end":{"line":130,"column":44}},"45":{"start":{"line":132,"column":18},"end":{"line":132,"column":20}},"46":{"start":{"line":133,"column":4},"end":{"line":141,"column":5}},"47":{"start":{"line":134,"column":6},"end":{"line":134,"column":22}},"48":{"start":{"line":135,"column":6},"end":{"line":137,"column":7}},"49":{"start":{"line":136,"column":8},"end":{"line":136,"column":46}},"50":{"start":{"line":138,"column":6},"end":{"line":140,"column":7}},"51":{"start":{"line":139,"column":8},"end":{"line":139,"column":44}},"52":{"start":{"line":143,"column":36},"end":{"line":146,"column":6}},"53":{"start":{"line":148,"column":20},"end":{"line":148,"column":57}},"54":{"start":{"line":150,"column":4},"end":{"line":154,"column":7}},"55":{"start":{"line":156,"column":4},"end":{"line":159,"column":7}},"56":{"start":{"line":168,"column":2},"end":{"line":195,"column":3}},"57":{"start":{"line":169,"column":35},"end":{"line":169,"column":44}},"58":{"start":{"line":171,"column":18},"end":{"line":171,"column":20}},"59":{"start":{"line":172,"column":4},"end":{"line":180,"column":5}},"60":{"start":{"line":173,"column":6},"end":{"line":173,"column":27}},"61":{"start":{"line":174,"column":6},"end":{"line":176,"column":7}},"62":{"start":{"line":175,"column":8},"end":{"line":175,"column":51}},"63":{"start":{"line":177,"column":6},"end":{"line":179,"column":7}},"64":{"start":{"line":178,"column":8},"end":{"line":178,"column":49}},"65":{"start":{"line":182,"column":21},"end":{"line":182,"column":47}},"66":{"start":{"line":183,"column":25},"end":{"line":183,"column":54}},"67":{"start":{"line":185,"column":4},"end":{"line":189,"column":7}},"68":{"start":{"line":191,"column":4},"end":{"line":194,"column":7}},"69":{"start":{"line":203,"column":2},"end":{"line":247,"column":3}},"70":{"start":{"line":204,"column":35},"end":{"line":204,"column":44}},"71":{"start":{"line":206,"column":18},"end":{"line":206,"column":20}},"72":{"start":{"line":207,"column":4},"end":{"line":215,"column":5}},"73":{"start":{"line":208,"column":6},"end":{"line":208,"column":22}},"74":{"start":{"line":209,"column":6},"end":{"line":211,"column":7}},"75":{"start":{"line":210,"column":8},"end":{"line":210,"column":46}},"76":{"start":{"line":212,"column":6},"end":{"line":214,"column":7}},"77":{"start":{"line":213,"column":8},"end":{"line":213,"column":44}},"78":{"start":{"line":217,"column":46},"end":{"line":221,"column":6}},"79":{"start":{"line":223,"column":22},"end":{"line":236,"column":5}},"80":{"start":{"line":230,"column":51},"end":{"line":230,"column":65}},"81":{"start":{"line":238,"column":4},"end":{"line":241,"column":7}},"82":{"start":{"line":243,"column":4},"end":{"line":246,"column":7}},"83":{"start":{"line":250,"column":0},"end":{"line":257,"column":2}}},"fnMap":{"0":{"name":"getMealPreferences","decl":{"start":{"line":22,"column":15},"end":{"line":22,"column":33}},"loc":{"start":{"line":22,"column":44},"end":{"line":51,"column":1}},"line":22},"1":{"name":"getExpenseTrends","decl":{"start":{"line":57,"column":15},"end":{"line":57,"column":31}},"loc":{"start":{"line":57,"column":42},"end":{"line":86,"column":1}},"line":57},"2":{"name":"getCostPredictions","decl":{"start":{"line":92,"column":15},"end":{"line":92,"column":33}},"loc":{"start":{"line":92,"column":44},"end":{"line":122,"column":1}},"line":92},"3":{"name":"getWastageAnalysis","decl":{"start":{"line":128,"column":15},"end":{"line":128,"column":33}},"loc":{"start":{"line":128,"column":44},"end":{"line":161,"column":1}},"line":128},"4":{"name":"getSatisfactionAnalytics","decl":{"start":{"line":167,"column":15},"end":{"line":167,"column":39}},"loc":{"start":{"line":167,"column":50},"end":{"line":196,"column":1}},"line":167},"5":{"name":"getComprehensiveAnalytics","decl":{"start":{"line":202,"column":15},"end":{"line":202,"column":40}},"loc":{"start":{"line":202,"column":51},"end":{"line":248,"column":1}},"line":202},"6":{"name":"(anonymous_6)","decl":{"start":{"line":230,"column":39},"end":{"line":230,"column":40}},"loc":{"start":{"line":230,"column":51},"end":{"line":230,"column":65}},"line":230}},"branchMap":{"0":{"loc":{"start":{"line":27,"column":4},"end":{"line":35,"column":5}},"type":"if","locations":[{"start":{"line":27,"column":4},"end":{"line":35,"column":5}},{"start":{},"end":{}}],"line":27},"1":{"loc":{"start":{"line":27,"column":8},"end":{"line":27,"column":28}},"type":"binary-expr","locations":[{"start":{"line":27,"column":8},"end":{"line":27,"column":17}},{"start":{"line":27,"column":21},"end":{"line":27,"column":28}}],"line":27},"2":{"loc":{"start":{"line":29,"column":6},"end":{"line":31,"column":7}},"type":"if","locations":[{"start":{"line":29,"column":6},"end":{"line":31,"column":7}},{"start":{},"end":{}}],"line":29},"3":{"loc":{"start":{"line":32,"column":6},"end":{"line":34,"column":7}},"type":"if","locations":[{"start":{"line":32,"column":6},"end":{"line":34,"column":7}},{"start":{},"end":{}}],"line":32},"4":{"loc":{"start":{"line":62,"column":4},"end":{"line":70,"column":5}},"type":"if","locations":[{"start":{"line":62,"column":4},"end":{"line":70,"column":5}},{"start":{},"end":{}}],"line":62},"5":{"loc":{"start":{"line":62,"column":8},"end":{"line":62,"column":28}},"type":"binary-expr","locations":[{"start":{"line":62,"column":8},"end":{"line":62,"column":17}},{"start":{"line":62,"column":21},"end":{"line":62,"column":28}}],"line":62},"6":{"loc":{"start":{"line":64,"column":6},"end":{"line":66,"column":7}},"type":"if","locations":[{"start":{"line":64,"column":6},"end":{"line":66,"column":7}},{"start":{},"end":{}}],"line":64},"7":{"loc":{"start":{"line":67,"column":6},"end":{"line":69,"column":7}},"type":"if","locations":[{"start":{"line":67,"column":6},"end":{"line":69,"column":7}},{"start":{},"end":{}}],"line":67},"8":{"loc":{"start":{"line":94,"column":12},"end":{"line":94,"column":26}},"type":"default-arg","locations":[{"start":{"line":94,"column":24},"end":{"line":94,"column":26}}],"line":94},"9":{"loc":{"start":{"line":97,"column":4},"end":{"line":105,"column":5}},"type":"if","locations":[{"start":{"line":97,"column":4},"end":{"line":105,"column":5}},{"start":{},"end":{}}],"line":97},"10":{"loc":{"start":{"line":97,"column":8},"end":{"line":97,"column":28}},"type":"binary-expr","locations":[{"start":{"line":97,"column":8},"end":{"line":97,"column":17}},{"start":{"line":97,"column":21},"end":{"line":97,"column":28}}],"line":97},"11":{"loc":{"start":{"line":99,"column":6},"end":{"line":101,"column":7}},"type":"if","locations":[{"start":{"line":99,"column":6},"end":{"line":101,"column":7}},{"start":{},"end":{}}],"line":99},"12":{"loc":{"start":{"line":102,"column":6},"end":{"line":104,"column":7}},"type":"if","locations":[{"start":{"line":102,"column":6},"end":{"line":104,"column":7}},{"start":{},"end":{}}],"line":102},"13":{"loc":{"start":{"line":133,"column":4},"end":{"line":141,"column":5}},"type":"if","locations":[{"start":{"line":133,"column":4},"end":{"line":141,"column":5}},{"start":{},"end":{}}],"line":133},"14":{"loc":{"start":{"line":133,"column":8},"end":{"line":133,"column":28}},"type":"binary-expr","locations":[{"start":{"line":133,"column":8},"end":{"line":133,"column":17}},{"start":{"line":133,"column":21},"end":{"line":133,"column":28}}],"line":133},"15":{"loc":{"start":{"line":135,"column":6},"end":{"line":137,"column":7}},"type":"if","locations":[{"start":{"line":135,"column":6},"end":{"line":137,"column":7}},{"start":{},"end":{}}],"line":135},"16":{"loc":{"start":{"line":138,"column":6},"end":{"line":140,"column":7}},"type":"if","locations":[{"start":{"line":138,"column":6},"end":{"line":140,"column":7}},{"start":{},"end":{}}],"line":138},"17":{"loc":{"start":{"line":172,"column":4},"end":{"line":180,"column":5}},"type":"if","locations":[{"start":{"line":172,"column":4},"end":{"line":180,"column":5}},{"start":{},"end":{}}],"line":172},"18":{"loc":{"start":{"line":172,"column":8},"end":{"line":172,"column":28}},"type":"binary-expr","locations":[{"start":{"line":172,"column":8},"end":{"line":172,"column":17}},{"start":{"line":172,"column":21},"end":{"line":172,"column":28}}],"line":172},"19":{"loc":{"start":{"line":174,"column":6},"end":{"line":176,"column":7}},"type":"if","locations":[{"start":{"line":174,"column":6},"end":{"line":176,"column":7}},{"start":{},"end":{}}],"line":174},"20":{"loc":{"start":{"line":177,"column":6},"end":{"line":179,"column":7}},"type":"if","locations":[{"start":{"line":177,"column":6},"end":{"line":179,"column":7}},{"start":{},"end":{}}],"line":177},"21":{"loc":{"start":{"line":207,"column":4},"end":{"line":215,"column":5}},"type":"if","locations":[{"start":{"line":207,"column":4},"end":{"line":215,"column":5}},{"start":{},"end":{}}],"line":207},"22":{"loc":{"start":{"line":207,"column":8},"end":{"line":207,"column":28}},"type":"binary-expr","locations":[{"start":{"line":207,"column":8},"end":{"line":207,"column":17}},{"start":{"line":207,"column":21},"end":{"line":207,"column":28}}],"line":207},"23":{"loc":{"start":{"line":209,"column":6},"end":{"line":211,"column":7}},"type":"if","locations":[{"start":{"line":209,"column":6},"end":{"line":211,"column":7}},{"start":{},"end":{}}],"line":209},"24":{"loc":{"start":{"line":212,"column":6},"end":{"line":214,"column":7}},"type":"if","locations":[{"start":{"line":212,"column":6},"end":{"line":214,"column":7}},{"start":{},"end":{}}],"line":212},"25":{"loc":{"start":{"line":220,"column":33},"end":{"line":220,"column":49}},"type":"binary-expr","locations":[{"start":{"line":220,"column":33},"end":{"line":220,"column":43}},{"start":{"line":220,"column":47},"end":{"line":220,"column":49}}],"line":220},"26":{"loc":{"start":{"line":233,"column":21},"end":{"line":233,"column":39}},"type":"binary-expr","locations":[{"start":{"line":233,"column":21},"end":{"line":233,"column":30}},{"start":{"line":233,"column":34},"end":{"line":233,"column":39}}],"line":233},"27":{"loc":{"start":{"line":234,"column":19},"end":{"line":234,"column":35}},"type":"binary-expr","locations":[{"start":{"line":234,"column":19},"end":{"line":234,"column":26}},{"start":{"line":234,"column":30},"end":{"line":234,"column":35}}],"line":234}},"s":{"0":0,"1":0,"2":0,"3":0,"4":0,"5":0,"6":0,"7":0,"8":0,"9":0,"10":0,"11":0,"12":0,"13":0,"14":0,"15":0,"16":0,"17":0,"18":0,"19":0,"20":0,"21":0,"22":0,"23":0,"24":0,"25":0,"26":0,"27":0,"28":0,"29":0,"30":0,"31":0,"32":0,"33":0,"34":0,"35":0,"36":0,"37":0,"38":0,"39":0,"40":0,"41":0,"42":0,"43":0,"44":0,"45":0,"46":0,"47":0,"48":0,"49":0,"50":0,"51":0,"52":0,"53":0,"54":0,"55":0,"56":0,"57":0,"58":0,"59":0,"60":0,"61":0,"62":0,"63":0,"64":0,"65":0,"66":0,"67":0,"68":0,"69":0,"70":0,"71":0,"72":0,"73":0,"74":0,"75":0,"76":0,"77":0,"78":0,"79":0,"80":0,"81":0,"82":0,"83":0},"f":{"0":0,"1":0,"2":0,"3":0,"4":0,"5":0,"6":0},"b":{"0":[0,0],"1":[0,0],"2":[0,0],"3":[0,0],"4":[0,0],"5":[0,0],"6":[0,0],"7":[0,0],"8":[0],"9":[0,0],"10":[0,0],"11":[0,0],"12":[0,0],"13":[0,0],"14":[0,0],"15":[0,0],"16":[0,0],"17":[0,0],"18":[0,0],"19":[0,0],"20":[0,0],"21":[0,0],"22":[0,0],"23":[0,0],"24":[0,0],"25":[0,0],"26":[0,0],"27":[0,0]}}
,"C:\\MessWala\\backend\\src\\controllers\\analyticsController.js": {"path":"C:\\MessWala\\backend\\src\\controllers\\analyticsController.js","statementMap":{"0":{"start":{"line":1,"column":16},"end":{"line":1,"column":44}},"1":{"start":{"line":2,"column":23},"end":{"line":2,"column":58}},"2":{"start":{"line":3,"column":17},"end":{"line":3,"column":46}},"3":{"start":{"line":4,"column":57},"end":{"line":4,"column":87}},"4":{"start":{"line":5,"column":29},"end":{"line":5,"column":58}},"5":{"start":{"line":9,"column":0},"end":{"line":45,"column":2}},"6":{"start":{"line":10,"column":2},"end":{"line":44,"column":3}},"7":{"start":{"line":11,"column":19},"end":{"line":11,"column":63}},"8":{"start":{"line":12,"column":4},"end":{"line":14,"column":5}},"9":{"start":{"line":13,"column":6},"end":{"line":13,"column":90}},"10":{"start":{"line":16,"column":20},"end":{"line":16,"column":22}},"11":{"start":{"line":18,"column":4},"end":{"line":39,"column":5}},"12":{"start":{"line":18,"column":17},"end":{"line":18,"column":27}},"13":{"start":{"line":19,"column":16},"end":{"line":19,"column":26}},"14":{"start":{"line":20,"column":6},"end":{"line":20,"column":35}},"15":{"start":{"line":21,"column":20},"end":{"line":21,"column":47}},"16":{"start":{"line":23,"column":18},"end":{"line":33,"column":8}},"17":{"start":{"line":35,"column":6},"end":{"line":38,"column":9}},"18":{"start":{"line":41,"column":4},"end":{"line":41,"column":48}},"19":{"start":{"line":43,"column":4},"end":{"line":43,"column":65}},"20":{"start":{"line":49,"column":0},"end":{"line":76,"column":2}},"21":{"start":{"line":50,"column":2},"end":{"line":75,"column":3}},"22":{"start":{"line":51,"column":18},"end":{"line":51,"column":73}},"23":{"start":{"line":54,"column":27},"end":{"line":54,"column":53}},"24":{"start":{"line":55,"column":4},"end":{"line":57,"column":5}},"25":{"start":{"line":56,"column":6},"end":{"line":56,"column":98}},"26":{"start":{"line":59,"column":22},"end":{"line":70,"column":6}},"27":{"start":{"line":72,"column":4},"end":{"line":72,"column":66}},"28":{"start":{"line":74,"column":4},"end":{"line":74,"column":65}},"29":{"start":{"line":80,"column":0},"end":{"line":128,"column":2}},"30":{"start":{"line":81,"column":2},"end":{"line":127,"column":3}},"31":{"start":{"line":82,"column":19},"end":{"line":82,"column":63}},"32":{"start":{"line":83,"column":4},"end":{"line":85,"column":5}},"33":{"start":{"line":84,"column":6},"end":{"line":84,"column":90}},"34":{"start":{"line":87,"column":20},"end":{"line":87,"column":22}},"35":{"start":{"line":89,"column":4},"end":{"line":122,"column":5}},"36":{"start":{"line":89,"column":17},"end":{"line":89,"column":27}},"37":{"start":{"line":90,"column":16},"end":{"line":90,"column":26}},"38":{"start":{"line":91,"column":6},"end":{"line":91,"column":35}},"39":{"start":{"line":92,"column":20},"end":{"line":92,"column":47}},"40":{"start":{"line":94,"column":25},"end":{"line":104,"column":8}},"41":{"start":{"line":106,"column":27},"end":{"line":106,"column":74}},"42":{"start":{"line":108,"column":26},"end":{"line":114,"column":8}},"43":{"start":{"line":116,"column":6},"end":{"line":121,"column":9}},"44":{"start":{"line":124,"column":4},"end":{"line":124,"column":48}},"45":{"start":{"line":126,"column":4},"end":{"line":126,"column":65}},"46":{"start":{"line":132,"column":0},"end":{"line":165,"column":2}},"47":{"start":{"line":133,"column":2},"end":{"line":164,"column":3}},"48":{"start":{"line":134,"column":18},"end":{"line":134,"column":73}},"49":{"start":{"line":135,"column":22},"end":{"line":135,"column":45}},"50":{"start":{"line":138,"column":25},"end":{"line":140,"column":6}},"51":{"start":{"line":142,"column":25},"end":{"line":145,"column":6}},"52":{"start":{"line":147,"column":24},"end":{"line":147,"column":51}},"53":{"start":{"line":152,"column":6},"end":{"line":152,"column":84}},"54":{"start":{"line":154,"column":4},"end":{"line":161,"column":7}},"55":{"start":{"line":163,"column":4},"end":{"line":163,"column":65}},"56":{"start":{"line":169,"column":0},"end":{"line":208,"column":2}},"57":{"start":{"line":170,"column":2},"end":{"line":207,"column":3}},"58":{"start":{"line":171,"column":26},"end":{"line":171,"column":36}},"59":{"start":{"line":172,"column":4},"end":{"line":172,"column":56}},"60":{"start":{"line":173,"column":22},"end":{"line":173,"column":63}},"61":{"start":{"line":176,"column":24},"end":{"line":176,"column":85}},"62":{"start":{"line":177,"column":25},"end":{"line":177,"column":71}},"63":{"start":{"line":180,"column":27},"end":{"line":180,"column":95}},"64":{"start":{"line":181,"column":28},"end":{"line":181,"column":77}},"65":{"start":{"line":184,"column":26},"end":{"line":184,"column":86}},"66":{"start":{"line":185,"column":23},"end":{"line":188,"column":6}},"67":{"start":{"line":189,"column":26},"end":{"line":189,"column":96}},"68":{"start":{"line":192,"column":30},"end":{"line":194,"column":5}},"69":{"start":{"line":196,"column":4},"end":{"line":204,"column":7}},"70":{"start":{"line":206,"column":4},"end":{"line":206,"column":65}},"71":{"start":{"line":212,"column":0},"end":{"line":242,"column":2}},"72":{"start":{"line":213,"column":2},"end":{"line":241,"column":3}},"73":{"start":{"line":214,"column":19},"end":{"line":214,"column":20}},"74":{"start":{"line":215,"column":23},"end":{"line":215,"column":25}},"75":{"start":{"line":217,"column":4},"end":{"line":229,"column":5}},"76":{"start":{"line":217,"column":17},"end":{"line":217,"column":27}},"77":{"start":{"line":218,"column":16},"end":{"line":218,"column":26}},"78":{"start":{"line":219,"column":6},"end":{"line":219,"column":35}},"79":{"start":{"line":220,"column":20},"end":{"line":220,"column":47}},"80":{"start":{"line":221,"column":24},"end":{"line":221,"column":47}},"81":{"start":{"line":223,"column":18},"end":{"line":226,"column":8}},"82":{"start":{"line":228,"column":6},"end":{"line":228,"column":57}},"83":{"start":{"line":231,"column":23},"end":{"line":231,"column":51}},"84":{"start":{"line":233,"column":4},"end":{"line":238,"column":7}},"85":{"start":{"line":237,"column":43},"end":{"line":237,"column":48}},"86":{"start":{"line":240,"column":4},"end":{"line":240,"column":65}}},"fnMap":{"0":{"name":"(anonymous_0)","decl":{"start":{"line":9,"column":26},"end":{"line":9,"column":27}},"loc":{"start":{"line":9,"column":46},"end":{"line":45,"column":1}},"line":9},"1":{"name":"(anonymous_1)","decl":{"start":{"line":49,"column":31},"end":{"line":49,"column":32}},"loc":{"start":{"line":49,"column":51},"end":{"line":76,"column":1}},"line":49},"2":{"name":"(anonymous_2)","decl":{"start":{"line":80,"column":31},"end":{"line":80,"column":32}},"loc":{"start":{"line":80,"column":51},"end":{"line":128,"column":1}},"line":80},"3":{"name":"(anonymous_3)","decl":{"start":{"line":132,"column":29},"end":{"line":132,"column":30}},"loc":{"start":{"line":132,"column":49},"end":{"line":165,"column":1}},"line":132},"4":{"name":"(anonymous_4)","decl":{"start":{"line":169,"column":31},"end":{"line":169,"column":32}},"loc":{"start":{"line":169,"column":51},"end":{"line":208,"column":1}},"line":169},"5":{"name":"(anonymous_5)","decl":{"start":{"line":212,"column":27},"end":{"line":212,"column":28}},"loc":{"start":{"line":212,"column":47},"end":{"line":242,"column":1}},"line":212},"6":{"name":"(anonymous_6)","decl":{"start":{"line":237,"column":36},"end":{"line":237,"column":37}},"loc":{"start":{"line":237,"column":43},"end":{"line":237,"column":48}},"line":237}},"branchMap":{"0":{"loc":{"start":{"line":12,"column":4},"end":{"line":14,"column":5}},"type":"if","locations":[{"start":{"line":12,"column":4},"end":{"line":14,"column":5}},{"start":{},"end":{}}],"line":12},"1":{"loc":{"start":{"line":37,"column":15},"end":{"line":37,"column":48}},"type":"cond-expr","locations":[{"start":{"line":37,"column":32},"end":{"line":37,"column":44}},{"start":{"line":37,"column":47},"end":{"line":37,"column":48}}],"line":37},"2":{"loc":{"start":{"line":51,"column":18},"end":{"line":51,"column":73}},"type":"binary-expr","locations":[{"start":{"line":51,"column":18},"end":{"line":51,"column":33}},{"start":{"line":51,"column":37},"end":{"line":51,"column":73}}],"line":51},"3":{"loc":{"start":{"line":55,"column":4},"end":{"line":57,"column":5}},"type":"if","locations":[{"start":{"line":55,"column":4},"end":{"line":57,"column":5}},{"start":{},"end":{}}],"line":55},"4":{"loc":{"start":{"line":83,"column":4},"end":{"line":85,"column":5}},"type":"if","locations":[{"start":{"line":83,"column":4},"end":{"line":85,"column":5}},{"start":{},"end":{}}],"line":83},"5":{"loc":{"start":{"line":106,"column":27},"end":{"line":106,"column":74}},"type":"cond-expr","locations":[{"start":{"line":106,"column":51},"end":{"line":106,"column":70}},{"start":{"line":106,"column":73},"end":{"line":106,"column":74}}],"line":106},"6":{"loc":{"start":{"line":118,"column":22},"end":{"line":118,"column":91}},"type":"cond-expr","locations":[{"start":{"line":118,"column":40},"end":{"line":118,"column":87}},{"start":{"line":118,"column":90},"end":{"line":118,"column":91}}],"line":118},"7":{"loc":{"start":{"line":134,"column":18},"end":{"line":134,"column":73}},"type":"binary-expr","locations":[{"start":{"line":134,"column":18},"end":{"line":134,"column":33}},{"start":{"line":134,"column":37},"end":{"line":134,"column":73}}],"line":134},"8":{"loc":{"start":{"line":152,"column":6},"end":{"line":152,"column":84}},"type":"cond-expr","locations":[{"start":{"line":152,"column":25},"end":{"line":152,"column":80}},{"start":{"line":152,"column":83},"end":{"line":152,"column":84}}],"line":152},"9":{"loc":{"start":{"line":189,"column":26},"end":{"line":189,"column":96}},"type":"cond-expr","locations":[{"start":{"line":189,"column":43},"end":{"line":189,"column":92}},{"start":{"line":189,"column":95},"end":{"line":189,"column":96}}],"line":189},"10":{"loc":{"start":{"line":228,"column":22},"end":{"line":228,"column":55}},"type":"cond-expr","locations":[{"start":{"line":228,"column":39},"end":{"line":228,"column":51}},{"start":{"line":228,"column":54},"end":{"line":228,"column":55}}],"line":228},"11":{"loc":{"start":{"line":237,"column":18},"end":{"line":237,"column":80}},"type":"cond-expr","locations":[{"start":{"line":237,"column":64},"end":{"line":237,"column":72}},{"start":{"line":237,"column":75},"end":{"line":237,"column":80}}],"line":237}},"s":{"0":0,"1":0,"2":0,"3":0,"4":0,"5":0,"6":0,"7":0,"8":0,"9":0,"10":0,"11":0,"12":0,"13":0,"14":0,"15":0,"16":0,"17":0,"18":0,"19":0,"20":0,"21":0,"22":0,"23":0,"24":0,"25":0,"26":0,"27":0,"28":0,"29":0,"30":0,"31":0,"32":0,"33":0,"34":0,"35":0,"36":0,"37":0,"38":0,"39":0,"40":0,"41":0,"42":0,"43":0,"44":0,"45":0,"46":0,"47":0,"48":0,"49":0,"50":0,"51":0,"52":0,"53":0,"54":0,"55":0,"56":0,"57":0,"58":0,"59":0,"60":0,"61":0,"62":0,"63":0,"64":0,"65":0,"66":0,"67":0,"68":0,"69":0,"70":0,"71":0,"72":0,"73":0,"74":0,"75":0,"76":0,"77":0,"78":0,"79":0,"80":0,"81":0,"82":0,"83":0,"84":0,"85":0,"86":0},"f":{"0":0,"1":0,"2":0,"3":0,"4":0,"5":0,"6":0},"b":{"0":[0,0],"1":[0,0],"2":[0,0],"3":[0,0],"4":[0,0],"5":[0,0],"6":[0,0],"7":[0,0],"8":[0,0],"9":[0,0],"10":[0,0],"11":[0,0]}}
,"C:\\MessWala\\backend\\src\\controllers\\authController.js": {"path":"C:\\MessWala\\backend\\src\\controllers\\authController.js","statementMap":{"0":{"start":{"line":1,"column":12},"end":{"line":1,"column":35}},"1":{"start":{"line":3,"column":25},"end":{"line":3,"column":55}},"2":{"start":{"line":4,"column":13},"end":{"line":4,"column":38}},"3":{"start":{"line":5,"column":38},"end":{"line":5,"column":63}},"4":{"start":{"line":6,"column":41},"end":{"line":6,"column":71}},"5":{"start":{"line":8,"column":21},"end":{"line":8,"column":67}},"6":{"start":{"line":10,"column":22},"end":{"line":14,"column":1}},"7":{"start":{"line":11,"column":2},"end":{"line":13,"column":5}},"8":{"start":{"line":17,"column":17},"end":{"line":17,"column":49}},"9":{"start":{"line":18,"column":2},"end":{"line":20,"column":3}},"10":{"start":{"line":19,"column":4},"end":{"line":19,"column":16}},"11":{"start":{"line":21,"column":14},"end":{"line":23,"column":3}},"12":{"start":{"line":24,"column":15},"end":{"line":24,"column":31}},"13":{"start":{"line":25,"column":2},"end":{"line":25,"column":43}},"14":{"start":{"line":29,"column":2},"end":{"line":43,"column":4}},"15":{"start":{"line":48,"column":0},"end":{"line":81,"column":2}},"16":{"start":{"line":49,"column":2},"end":{"line":80,"column":3}},"17":{"start":{"line":50,"column":32},"end":{"line":50,"column":40}},"18":{"start":{"line":51,"column":4},"end":{"line":53,"column":5}},"19":{"start":{"line":52,"column":6},"end":{"line":52,"column":96}},"20":{"start":{"line":56,"column":4},"end":{"line":58,"column":5}},"21":{"start":{"line":57,"column":6},"end":{"line":57,"column":85}},"22":{"start":{"line":60,"column":17},"end":{"line":60,"column":66}},"23":{"start":{"line":61,"column":4},"end":{"line":63,"column":5}},"24":{"start":{"line":62,"column":6},"end":{"line":62,"column":90}},"25":{"start":{"line":65,"column":4},"end":{"line":69,"column":5}},"26":{"start":{"line":66,"column":6},"end":{"line":68,"column":90}},"27":{"start":{"line":71,"column":20},"end":{"line":71,"column":54}},"28":{"start":{"line":72,"column":4},"end":{"line":74,"column":5}},"29":{"start":{"line":73,"column":6},"end":{"line":73,"column":90}},"30":{"start":{"line":76,"column":18},"end":{"line":76,"column":41}},"31":{"start":{"line":77,"column":4},"end":{"line":77,"column":65}},"32":{"start":{"line":79,"column":4},"end":{"line":79,"column":65}},"33":{"start":{"line":85,"column":0},"end":{"line":147,"column":2}},"34":{"start":{"line":86,"column":2},"end":{"line":146,"column":3}},"35":{"start":{"line":87,"column":41},"end":{"line":87,"column":49}},"36":{"start":{"line":89,"column":4},"end":{"line":91,"column":5}},"37":{"start":{"line":90,"column":6},"end":{"line":90,"column":94}},"38":{"start":{"line":93,"column":25},"end":{"line":93,"column":58}},"39":{"start":{"line":94,"column":4},"end":{"line":98,"column":5}},"40":{"start":{"line":95,"column":6},"end":{"line":97,"column":91}},"41":{"start":{"line":100,"column":19},"end":{"line":103,"column":6}},"42":{"start":{"line":104,"column":20},"end":{"line":104,"column":39}},"43":{"start":{"line":105,"column":52},"end":{"line":105,"column":59}},"44":{"start":{"line":107,"column":15},"end":{"line":107,"column":69}},"45":{"start":{"line":108,"column":16},"end":{"line":108,"column":21}},"46":{"start":{"line":110,"column":4},"end":{"line":129,"column":5}},"47":{"start":{"line":111,"column":6},"end":{"line":117,"column":7}},"48":{"start":{"line":112,"column":8},"end":{"line":112,"column":33}},"49":{"start":{"line":113,"column":8},"end":{"line":115,"column":9}},"50":{"start":{"line":114,"column":10},"end":{"line":114,"column":32}},"51":{"start":{"line":116,"column":8},"end":{"line":116,"column":26}},"52":{"start":{"line":119,"column":6},"end":{"line":119,"column":19}},"53":{"start":{"line":120,"column":6},"end":{"line":128,"column":9}},"54":{"start":{"line":131,"column":18},"end":{"line":131,"column":41}},"55":{"start":{"line":133,"column":4},"end":{"line":138,"column":7}},"56":{"start":{"line":140,"column":4},"end":{"line":144,"column":5}},"57":{"start":{"line":141,"column":6},"end":{"line":143,"column":86}},"58":{"start":{"line":145,"column":4},"end":{"line":145,"column":65}},"59":{"start":{"line":151,"column":0},"end":{"line":199,"column":2}},"60":{"start":{"line":152,"column":2},"end":{"line":198,"column":3}},"61":{"start":{"line":153,"column":59},"end":{"line":153,"column":67}},"62":{"start":{"line":155,"column":4},"end":{"line":159,"column":5}},"63":{"start":{"line":156,"column":6},"end":{"line":158,"column":92}},"64":{"start":{"line":162,"column":4},"end":{"line":164,"column":5}},"65":{"start":{"line":163,"column":6},"end":{"line":163,"column":92}},"66":{"start":{"line":167,"column":4},"end":{"line":171,"column":5}},"67":{"start":{"line":168,"column":6},"end":{"line":170,"column":82}},"68":{"start":{"line":172,"column":4},"end":{"line":176,"column":5}},"69":{"start":{"line":173,"column":6},"end":{"line":175,"column":83}},"70":{"start":{"line":178,"column":17},"end":{"line":178,"column":49}},"71":{"start":{"line":179,"column":4},"end":{"line":181,"column":5}},"72":{"start":{"line":180,"column":6},"end":{"line":180,"column":79}},"73":{"start":{"line":183,"column":4},"end":{"line":183,"column":38}},"74":{"start":{"line":184,"column":4},"end":{"line":184,"column":40}},"75":{"start":{"line":185,"column":4},"end":{"line":185,"column":23}},"76":{"start":{"line":186,"column":4},"end":{"line":188,"column":5}},"77":{"start":{"line":187,"column":6},"end":{"line":187,"column":36}},"78":{"start":{"line":189,"column":4},"end":{"line":191,"column":5}},"79":{"start":{"line":190,"column":6},"end":{"line":190,"column":21}},"80":{"start":{"line":192,"column":4},"end":{"line":192,"column":32}},"81":{"start":{"line":193,"column":4},"end":{"line":193,"column":22}},"82":{"start":{"line":195,"column":4},"end":{"line":195,"column":58}},"83":{"start":{"line":197,"column":4},"end":{"line":197,"column":65}},"84":{"start":{"line":203,"column":0},"end":{"line":236,"column":2}},"85":{"start":{"line":204,"column":2},"end":{"line":235,"column":3}},"86":{"start":{"line":205,"column":22},"end":{"line":205,"column":30}},"87":{"start":{"line":206,"column":4},"end":{"line":208,"column":5}},"88":{"start":{"line":207,"column":6},"end":{"line":207,"column":82}},"89":{"start":{"line":211,"column":4},"end":{"line":213,"column":5}},"90":{"start":{"line":212,"column":6},"end":{"line":212,"column":85}},"91":{"start":{"line":215,"column":17},"end":{"line":215,"column":72}},"92":{"start":{"line":216,"column":4},"end":{"line":219,"column":5}},"93":{"start":{"line":218,"column":6},"end":{"line":218,"column":95}},"94":{"start":{"line":221,"column":4},"end":{"line":223,"column":5}},"95":{"start":{"line":222,"column":6},"end":{"line":222,"column":95}},"96":{"start":{"line":225,"column":31},"end":{"line":225,"column":44}},"97":{"start":{"line":226,"column":4},"end":{"line":226,"column":19}},"98":{"start":{"line":227,"column":4},"end":{"line":227,"column":31}},"99":{"start":{"line":228,"column":4},"end":{"line":228,"column":51}},"100":{"start":{"line":230,"column":4},"end":{"line":230,"column":46}},"101":{"start":{"line":232,"column":4},"end":{"line":232,"column":67}},"102":{"start":{"line":234,"column":4},"end":{"line":234,"column":93}},"103":{"start":{"line":240,"column":0},"end":{"line":279,"column":2}},"104":{"start":{"line":241,"column":2},"end":{"line":278,"column":3}},"105":{"start":{"line":242,"column":27},"end":{"line":242,"column":35}},"106":{"start":{"line":243,"column":4},"end":{"line":245,"column":5}},"107":{"start":{"line":244,"column":6},"end":{"line":244,"column":91}},"108":{"start":{"line":247,"column":17},"end":{"line":247,"column":72}},"109":{"start":{"line":248,"column":4},"end":{"line":250,"column":5}},"110":{"start":{"line":249,"column":6},"end":{"line":249,"column":87}},"111":{"start":{"line":252,"column":4},"end":{"line":259,"column":5}},"112":{"start":{"line":253,"column":6},"end":{"line":253,"column":27}},"113":{"start":{"line":254,"column":6},"end":{"line":254,"column":33}},"114":{"start":{"line":255,"column":6},"end":{"line":255,"column":53}},"115":{"start":{"line":256,"column":6},"end":{"line":258,"column":87}},"116":{"start":{"line":261,"column":4},"end":{"line":263,"column":5}},"117":{"start":{"line":262,"column":6},"end":{"line":262,"column":76}},"118":{"start":{"line":266,"column":23},"end":{"line":268,"column":6}},"119":{"start":{"line":271,"column":4},"end":{"line":271,"column":25}},"120":{"start":{"line":272,"column":4},"end":{"line":272,"column":31}},"121":{"start":{"line":273,"column":4},"end":{"line":273,"column":51}},"122":{"start":{"line":275,"column":4},"end":{"line":275,"column":44}},"123":{"start":{"line":277,"column":4},"end":{"line":277,"column":65}},"124":{"start":{"line":283,"column":0},"end":{"line":321,"column":2}},"125":{"start":{"line":284,"column":2},"end":{"line":320,"column":3}},"126":{"start":{"line":285,"column":40},"end":{"line":285,"column":48}},"127":{"start":{"line":286,"column":4},"end":{"line":290,"column":5}},"128":{"start":{"line":287,"column":6},"end":{"line":289,"column":86}},"129":{"start":{"line":292,"column":4},"end":{"line":296,"column":5}},"130":{"start":{"line":293,"column":6},"end":{"line":295,"column":83}},"131":{"start":{"line":299,"column":4},"end":{"line":303,"column":5}},"132":{"start":{"line":300,"column":6},"end":{"line":300,"column":63}},"133":{"start":{"line":302,"column":6},"end":{"line":302,"column":95}},"134":{"start":{"line":305,"column":4},"end":{"line":307,"column":5}},"135":{"start":{"line":306,"column":6},"end":{"line":306,"column":84}},"136":{"start":{"line":309,"column":17},"end":{"line":309,"column":68}},"137":{"start":{"line":310,"column":4},"end":{"line":312,"column":5}},"138":{"start":{"line":311,"column":6},"end":{"line":311,"column":79}},"139":{"start":{"line":314,"column":4},"end":{"line":314,"column":32}},"140":{"start":{"line":315,"column":4},"end":{"line":315,"column":22}},"141":{"start":{"line":317,"column":4},"end":{"line":317,"column":72}},"142":{"start":{"line":319,"column":4},"end":{"line":319,"column":65}},"143":{"start":{"line":325,"column":0},"end":{"line":349,"column":2}},"144":{"start":{"line":326,"column":2},"end":{"line":348,"column":3}},"145":{"start":{"line":327,"column":27},"end":{"line":327,"column":35}},"146":{"start":{"line":328,"column":4},"end":{"line":330,"column":5}},"147":{"start":{"line":329,"column":6},"end":{"line":329,"column":88}},"148":{"start":{"line":332,"column":20},"end":{"line":332,"column":54}},"149":{"start":{"line":333,"column":4},"end":{"line":335,"column":5}},"150":{"start":{"line":334,"column":6},"end":{"line":334,"column":82}},"151":{"start":{"line":337,"column":4},"end":{"line":339,"column":5}},"152":{"start":{"line":338,"column":6},"end":{"line":338,"column":98}},"153":{"start":{"line":341,"column":4},"end":{"line":341,"column":30}},"154":{"start":{"line":342,"column":4},"end":{"line":342,"column":36}},"155":{"start":{"line":343,"column":4},"end":{"line":343,"column":25}},"156":{"start":{"line":345,"column":4},"end":{"line":345,"column":61}},"157":{"start":{"line":347,"column":4},"end":{"line":347,"column":65}},"158":{"start":{"line":353,"column":0},"end":{"line":369,"column":2}},"159":{"start":{"line":354,"column":2},"end":{"line":368,"column":3}},"160":{"start":{"line":355,"column":20},"end":{"line":355,"column":54}},"161":{"start":{"line":356,"column":4},"end":{"line":358,"column":5}},"162":{"start":{"line":357,"column":6},"end":{"line":357,"column":82}},"163":{"start":{"line":360,"column":4},"end":{"line":362,"column":5}},"164":{"start":{"line":361,"column":6},"end":{"line":361,"column":97}},"165":{"start":{"line":364,"column":4},"end":{"line":364,"column":48}},"166":{"start":{"line":365,"column":4},"end":{"line":365,"column":74}},"167":{"start":{"line":367,"column":4},"end":{"line":367,"column":65}},"168":{"start":{"line":373,"column":0},"end":{"line":384,"column":2}},"169":{"start":{"line":374,"column":2},"end":{"line":383,"column":3}},"170":{"start":{"line":375,"column":21},"end":{"line":379,"column":30}},"171":{"start":{"line":380,"column":4},"end":{"line":380,"column":94}},"172":{"start":{"line":382,"column":4},"end":{"line":382,"column":65}},"173":{"start":{"line":388,"column":0},"end":{"line":395,"column":2}},"174":{"start":{"line":389,"column":2},"end":{"line":394,"column":3}},"175":{"start":{"line":390,"column":21},"end":{"line":390,"column":99}},"176":{"start":{"line":391,"column":4},"end":{"line":391,"column":94}},"177":{"start":{"line":393,"column":4},"end":{"line":393,"column":65}},"178":{"start":{"line":399,"column":0},"end":{"line":406,"column":2}},"179":{"start":{"line":400,"column":2},"end":{"line":405,"column":3}},"180":{"start":{"line":401,"column":17},"end":{"line":401,"column":49}},"181":{"start":{"line":402,"column":4},"end":{"line":402,"column":58}},"182":{"start":{"line":404,"column":4},"end":{"line":404,"column":65}},"183":{"start":{"line":410,"column":0},"end":{"line":417,"column":2}},"184":{"start":{"line":411,"column":2},"end":{"line":416,"column":3}},"185":{"start":{"line":412,"column":18},"end":{"line":412,"column":79}},"186":{"start":{"line":413,"column":4},"end":{"line":413,"column":85}},"187":{"start":{"line":415,"column":4},"end":{"line":415,"column":65}},"188":{"start":{"line":421,"column":19},"end":{"line":421,"column":50}},"189":{"start":{"line":423,"column":0},"end":{"line":482,"column":2}},"190":{"start":{"line":424,"column":2},"end":{"line":481,"column":3}},"191":{"start":{"line":426,"column":4},"end":{"line":428,"column":5}},"192":{"start":{"line":427,"column":6},"end":{"line":427,"column":99}},"193":{"start":{"line":431,"column":17},"end":{"line":431,"column":43}},"194":{"start":{"line":432,"column":4},"end":{"line":437,"column":5}},"195":{"start":{"line":433,"column":6},"end":{"line":436,"column":9}},"196":{"start":{"line":447,"column":8},"end":{"line":447,"column":16}},"197":{"start":{"line":449,"column":4},"end":{"line":459,"column":5}},"198":{"start":{"line":456,"column":6},"end":{"line":458,"column":95}},"199":{"start":{"line":461,"column":4},"end":{"line":463,"column":5}},"200":{"start":{"line":462,"column":6},"end":{"line":462,"column":32}},"201":{"start":{"line":465,"column":4},"end":{"line":465,"column":31}},"202":{"start":{"line":466,"column":4},"end":{"line":466,"column":51}},"203":{"start":{"line":467,"column":4},"end":{"line":467,"column":39}},"204":{"start":{"line":468,"column":4},"end":{"line":468,"column":39}},"205":{"start":{"line":469,"column":4},"end":{"line":469,"column":49}},"206":{"start":{"line":470,"column":4},"end":{"line":470,"column":33}},"207":{"start":{"line":471,"column":4},"end":{"line":471,"column":84}},"208":{"start":{"line":472,"column":4},"end":{"line":472,"column":26}},"209":{"start":{"line":473,"column":4},"end":{"line":473,"column":41}},"210":{"start":{"line":474,"column":4},"end":{"line":474,"column":42}},"211":{"start":{"line":476,"column":4},"end":{"line":476,"column":24}},"212":{"start":{"line":478,"column":4},"end":{"line":478,"column":90}},"213":{"start":{"line":480,"column":4},"end":{"line":480,"column":65}},"214":{"start":{"line":486,"column":0},"end":{"line":498,"column":2}},"215":{"start":{"line":487,"column":2},"end":{"line":497,"column":3}},"216":{"start":{"line":488,"column":17},"end":{"line":488,"column":43}},"217":{"start":{"line":490,"column":4},"end":{"line":492,"column":5}},"218":{"start":{"line":491,"column":6},"end":{"line":491,"column":32}},"219":{"start":{"line":494,"column":4},"end":{"line":494,"column":40}},"220":{"start":{"line":496,"column":4},"end":{"line":496,"column":65}}},"fnMap":{"0":{"name":"(anonymous_0)","decl":{"start":{"line":10,"column":22},"end":{"line":10,"column":23}},"loc":{"start":{"line":10,"column":30},"end":{"line":14,"column":1}},"line":10},"1":{"name":"verifyCaptcha","decl":{"start":{"line":16,"column":15},"end":{"line":16,"column":28}},"loc":{"start":{"line":16,"column":36},"end":{"line":26,"column":1}},"line":16},"2":{"name":"userResponse","decl":{"start":{"line":28,"column":9},"end":{"line":28,"column":21}},"loc":{"start":{"line":28,"column":28},"end":{"line":44,"column":1}},"line":28},"3":{"name":"(anonymous_3)","decl":{"start":{"line":48,"column":21},"end":{"line":48,"column":22}},"loc":{"start":{"line":48,"column":41},"end":{"line":81,"column":1}},"line":48},"4":{"name":"(anonymous_4)","decl":{"start":{"line":85,"column":21},"end":{"line":85,"column":22}},"loc":{"start":{"line":85,"column":41},"end":{"line":147,"column":1}},"line":85},"5":{"name":"(anonymous_5)","decl":{"start":{"line":151,"column":26},"end":{"line":151,"column":27}},"loc":{"start":{"line":151,"column":46},"end":{"line":199,"column":1}},"line":151},"6":{"name":"(anonymous_6)","decl":{"start":{"line":203,"column":25},"end":{"line":203,"column":26}},"loc":{"start":{"line":203,"column":45},"end":{"line":236,"column":1}},"line":203},"7":{"name":"(anonymous_7)","decl":{"start":{"line":240,"column":20},"end":{"line":240,"column":21}},"loc":{"start":{"line":240,"column":40},"end":{"line":279,"column":1}},"line":240},"8":{"name":"(anonymous_8)","decl":{"start":{"line":283,"column":24},"end":{"line":283,"column":25}},"loc":{"start":{"line":283,"column":44},"end":{"line":321,"column":1}},"line":283},"9":{"name":"(anonymous_9)","decl":{"start":{"line":325,"column":25},"end":{"line":325,"column":26}},"loc":{"start":{"line":325,"column":45},"end":{"line":349,"column":1}},"line":325},"10":{"name":"(anonymous_10)","decl":{"start":{"line":353,"column":24},"end":{"line":353,"column":25}},"loc":{"start":{"line":353,"column":44},"end":{"line":369,"column":1}},"line":353},"11":{"name":"(anonymous_11)","decl":{"start":{"line":373,"column":29},"end":{"line":373,"column":30}},"loc":{"start":{"line":373,"column":49},"end":{"line":384,"column":1}},"line":373},"12":{"name":"(anonymous_12)","decl":{"start":{"line":388,"column":30},"end":{"line":388,"column":31}},"loc":{"start":{"line":388,"column":50},"end":{"line":395,"column":1}},"line":388},"13":{"name":"(anonymous_13)","decl":{"start":{"line":399,"column":21},"end":{"line":399,"column":22}},"loc":{"start":{"line":399,"column":41},"end":{"line":406,"column":1}},"line":399},"14":{"name":"(anonymous_14)","decl":{"start":{"line":410,"column":19},"end":{"line":410,"column":20}},"loc":{"start":{"line":410,"column":39},"end":{"line":417,"column":1}},"line":410},"15":{"name":"(anonymous_15)","decl":{"start":{"line":423,"column":21},"end":{"line":423,"column":22}},"loc":{"start":{"line":423,"column":41},"end":{"line":482,"column":1}},"line":423},"16":{"name":"(anonymous_16)","decl":{"start":{"line":486,"column":24},"end":{"line":486,"column":25}},"loc":{"start":{"line":486,"column":44},"end":{"line":498,"column":1}},"line":486}},"branchMap":{"0":{"loc":{"start":{"line":12,"column":15},"end":{"line":12,"column":46}},"type":"binary-expr","locations":[{"start":{"line":12,"column":15},"end":{"line":12,"column":37}},{"start":{"line":12,"column":41},"end":{"line":12,"column":46}}],"line":12},"1":{"loc":{"start":{"line":18,"column":2},"end":{"line":20,"column":3}},"type":"if","locations":[{"start":{"line":18,"column":2},"end":{"line":20,"column":3}},{"start":{},"end":{}}],"line":18},"2":{"loc":{"start":{"line":25,"column":9},"end":{"line":25,"column":42}},"type":"binary-expr","locations":[{"start":{"line":25,"column":9},"end":{"line":25,"column":21}},{"start":{"line":25,"column":25},"end":{"line":25,"column":42}}],"line":25},"3":{"loc":{"start":{"line":51,"column":4},"end":{"line":53,"column":5}},"type":"if","locations":[{"start":{"line":51,"column":4},"end":{"line":53,"column":5}},{"start":{},"end":{}}],"line":51},"4":{"loc":{"start":{"line":51,"column":8},"end":{"line":51,"column":27}},"type":"binary-expr","locations":[{"start":{"line":51,"column":8},"end":{"line":51,"column":14}},{"start":{"line":51,"column":18},"end":{"line":51,"column":27}}],"line":51},"5":{"loc":{"start":{"line":56,"column":4},"end":{"line":58,"column":5}},"type":"if","locations":[{"start":{"line":56,"column":4},"end":{"line":58,"column":5}},{"start":{},"end":{}}],"line":56},"6":{"loc":{"start":{"line":61,"column":4},"end":{"line":63,"column":5}},"type":"if","locations":[{"start":{"line":61,"column":4},"end":{"line":63,"column":5}},{"start":{},"end":{}}],"line":61},"7":{"loc":{"start":{"line":61,"column":8},"end":{"line":61,"column":31}},"type":"binary-expr","locations":[{"start":{"line":61,"column":8},"end":{"line":61,"column":13}},{"start":{"line":61,"column":17},"end":{"line":61,"column":31}}],"line":61},"8":{"loc":{"start":{"line":65,"column":4},"end":{"line":69,"column":5}},"type":"if","locations":[{"start":{"line":65,"column":4},"end":{"line":69,"column":5}},{"start":{},"end":{}}],"line":65},"9":{"loc":{"start":{"line":72,"column":4},"end":{"line":74,"column":5}},"type":"if","locations":[{"start":{"line":72,"column":4},"end":{"line":74,"column":5}},{"start":{},"end":{}}],"line":72},"10":{"loc":{"start":{"line":89,"column":4},"end":{"line":91,"column":5}},"type":"if","locations":[{"start":{"line":89,"column":4},"end":{"line":91,"column":5}},{"start":{},"end":{}}],"line":89},"11":{"loc":{"start":{"line":94,"column":4},"end":{"line":98,"column":5}},"type":"if","locations":[{"start":{"line":94,"column":4},"end":{"line":98,"column":5}},{"start":{},"end":{}}],"line":94},"12":{"loc":{"start":{"line":110,"column":4},"end":{"line":129,"column":5}},"type":"if","locations":[{"start":{"line":110,"column":4},"end":{"line":129,"column":5}},{"start":{"line":118,"column":11},"end":{"line":129,"column":5}}],"line":110},"13":{"loc":{"start":{"line":111,"column":6},"end":{"line":117,"column":7}},"type":"if","locations":[{"start":{"line":111,"column":6},"end":{"line":117,"column":7}},{"start":{},"end":{}}],"line":111},"14":{"loc":{"start":{"line":113,"column":8},"end":{"line":115,"column":9}},"type":"if","locations":[{"start":{"line":113,"column":8},"end":{"line":115,"column":9}},{"start":{},"end":{}}],"line":113},"15":{"loc":{"start":{"line":124,"column":16},"end":{"line":124,"column":29}},"type":"binary-expr","locations":[{"start":{"line":124,"column":16},"end":{"line":124,"column":23}},{"start":{"line":124,"column":27},"end":{"line":124,"column":29}}],"line":124},"16":{"loc":{"start":{"line":140,"column":4},"end":{"line":144,"column":5}},"type":"if","locations":[{"start":{"line":140,"column":4},"end":{"line":144,"column":5}},{"start":{},"end":{}}],"line":140},"17":{"loc":{"start":{"line":140,"column":8},"end":{"line":140,"column":94}},"type":"binary-expr","locations":[{"start":{"line":140,"column":8},"end":{"line":140,"column":52}},{"start":{"line":140,"column":56},"end":{"line":140,"column":94}}],"line":140},"18":{"loc":{"start":{"line":155,"column":4},"end":{"line":159,"column":5}},"type":"if","locations":[{"start":{"line":155,"column":4},"end":{"line":159,"column":5}},{"start":{},"end":{}}],"line":155},"19":{"loc":{"start":{"line":155,"column":8},"end":{"line":155,"column":43}},"type":"binary-expr","locations":[{"start":{"line":155,"column":8},"end":{"line":155,"column":18}},{"start":{"line":155,"column":22},"end":{"line":155,"column":33}},{"start":{"line":155,"column":37},"end":{"line":155,"column":43}}],"line":155},"20":{"loc":{"start":{"line":162,"column":4},"end":{"line":164,"column":5}},"type":"if","locations":[{"start":{"line":162,"column":4},"end":{"line":164,"column":5}},{"start":{},"end":{}}],"line":162},"21":{"loc":{"start":{"line":167,"column":4},"end":{"line":171,"column":5}},"type":"if","locations":[{"start":{"line":167,"column":4},"end":{"line":171,"column":5}},{"start":{},"end":{}}],"line":167},"22":{"loc":{"start":{"line":167,"column":8},"end":{"line":167,"column":70}},"type":"binary-expr","locations":[{"start":{"line":167,"column":8},"end":{"line":167,"column":37}},{"start":{"line":167,"column":41},"end":{"line":167,"column":70}}],"line":167},"23":{"loc":{"start":{"line":172,"column":4},"end":{"line":176,"column":5}},"type":"if","locations":[{"start":{"line":172,"column":4},"end":{"line":176,"column":5}},{"start":{},"end":{}}],"line":172},"24":{"loc":{"start":{"line":172,"column":8},"end":{"line":172,"column":72}},"type":"binary-expr","locations":[{"start":{"line":172,"column":8},"end":{"line":172,"column":38}},{"start":{"line":172,"column":42},"end":{"line":172,"column":72}}],"line":172},"25":{"loc":{"start":{"line":179,"column":4},"end":{"line":181,"column":5}},"type":"if","locations":[{"start":{"line":179,"column":4},"end":{"line":181,"column":5}},{"start":{},"end":{}}],"line":179},"26":{"loc":{"start":{"line":186,"column":4},"end":{"line":188,"column":5}},"type":"if","locations":[{"start":{"line":186,"column":4},"end":{"line":188,"column":5}},{"start":{},"end":{}}],"line":186},"27":{"loc":{"start":{"line":189,"column":4},"end":{"line":191,"column":5}},"type":"if","locations":[{"start":{"line":189,"column":4},"end":{"line":191,"column":5}},{"start":{},"end":{}}],"line":189},"28":{"loc":{"start":{"line":206,"column":4},"end":{"line":208,"column":5}},"type":"if","locations":[{"start":{"line":206,"column":4},"end":{"line":208,"column":5}},{"start":{},"end":{}}],"line":206},"29":{"loc":{"start":{"line":211,"column":4},"end":{"line":213,"column":5}},"type":"if","locations":[{"start":{"line":211,"column":4},"end":{"line":213,"column":5}},{"start":{},"end":{}}],"line":211},"30":{"loc":{"start":{"line":216,"column":4},"end":{"line":219,"column":5}},"type":"if","locations":[{"start":{"line":216,"column":4},"end":{"line":219,"column":5}},{"start":{},"end":{}}],"line":216},"31":{"loc":{"start":{"line":221,"column":4},"end":{"line":223,"column":5}},"type":"if","locations":[{"start":{"line":221,"column":4},"end":{"line":223,"column":5}},{"start":{},"end":{}}],"line":221},"32":{"loc":{"start":{"line":243,"column":4},"end":{"line":245,"column":5}},"type":"if","locations":[{"start":{"line":243,"column":4},"end":{"line":245,"column":5}},{"start":{},"end":{}}],"line":243},"33":{"loc":{"start":{"line":243,"column":8},"end":{"line":243,"column":22}},"type":"binary-expr","locations":[{"start":{"line":243,"column":8},"end":{"line":243,"column":14}},{"start":{"line":243,"column":18},"end":{"line":243,"column":22}}],"line":243},"34":{"loc":{"start":{"line":248,"column":4},"end":{"line":250,"column":5}},"type":"if","locations":[{"start":{"line":248,"column":4},"end":{"line":250,"column":5}},{"start":{},"end":{}}],"line":248},"35":{"loc":{"start":{"line":248,"column":8},"end":{"line":248,"column":26}},"type":"binary-expr","locations":[{"start":{"line":248,"column":8},"end":{"line":248,"column":13}},{"start":{"line":248,"column":17},"end":{"line":248,"column":26}}],"line":248},"36":{"loc":{"start":{"line":252,"column":4},"end":{"line":259,"column":5}},"type":"if","locations":[{"start":{"line":252,"column":4},"end":{"line":259,"column":5}},{"start":{},"end":{}}],"line":252},"37":{"loc":{"start":{"line":261,"column":4},"end":{"line":263,"column":5}},"type":"if","locations":[{"start":{"line":261,"column":4},"end":{"line":263,"column":5}},{"start":{},"end":{}}],"line":261},"38":{"loc":{"start":{"line":286,"column":4},"end":{"line":290,"column":5}},"type":"if","locations":[{"start":{"line":286,"column":4},"end":{"line":290,"column":5}},{"start":{},"end":{}}],"line":286},"39":{"loc":{"start":{"line":286,"column":8},"end":{"line":286,"column":35}},"type":"binary-expr","locations":[{"start":{"line":286,"column":8},"end":{"line":286,"column":19}},{"start":{"line":286,"column":23},"end":{"line":286,"column":35}}],"line":286},"40":{"loc":{"start":{"line":292,"column":4},"end":{"line":296,"column":5}},"type":"if","locations":[{"start":{"line":292,"column":4},"end":{"line":296,"column":5}},{"start":{},"end":{}}],"line":292},"41":{"loc":{"start":{"line":305,"column":4},"end":{"line":307,"column":5}},"type":"if","locations":[{"start":{"line":305,"column":4},"end":{"line":307,"column":5}},{"start":{},"end":{}}],"line":305},"42":{"loc":{"start":{"line":310,"column":4},"end":{"line":312,"column":5}},"type":"if","locations":[{"start":{"line":310,"column":4},"end":{"line":312,"column":5}},{"start":{},"end":{}}],"line":310},"43":{"loc":{"start":{"line":328,"column":4},"end":{"line":330,"column":5}},"type":"if","locations":[{"start":{"line":328,"column":4},"end":{"line":330,"column":5}},{"start":{},"end":{}}],"line":328},"44":{"loc":{"start":{"line":333,"column":4},"end":{"line":335,"column":5}},"type":"if","locations":[{"start":{"line":333,"column":4},"end":{"line":335,"column":5}},{"start":{},"end":{}}],"line":333},"45":{"loc":{"start":{"line":337,"column":4},"end":{"line":339,"column":5}},"type":"if","locations":[{"start":{"line":337,"column":4},"end":{"line":339,"column":5}},{"start":{},"end":{}}],"line":337},"46":{"loc":{"start":{"line":356,"column":4},"end":{"line":358,"column":5}},"type":"if","locations":[{"start":{"line":356,"column":4},"end":{"line":358,"column":5}},{"start":{},"end":{}}],"line":356},"47":{"loc":{"start":{"line":360,"column":4},"end":{"line":362,"column":5}},"type":"if","locations":[{"start":{"line":360,"column":4},"end":{"line":362,"column":5}},{"start":{},"end":{}}],"line":360},"48":{"loc":{"start":{"line":426,"column":4},"end":{"line":428,"column":5}},"type":"if","locations":[{"start":{"line":426,"column":4},"end":{"line":428,"column":5}},{"start":{},"end":{}}],"line":426},"49":{"loc":{"start":{"line":432,"column":4},"end":{"line":437,"column":5}},"type":"if","locations":[{"start":{"line":432,"column":4},"end":{"line":437,"column":5}},{"start":{},"end":{}}],"line":432},"50":{"loc":{"start":{"line":432,"column":8},"end":{"line":432,"column":32}},"type":"binary-expr","locations":[{"start":{"line":432,"column":8},"end":{"line":432,"column":14}},{"start":{"line":432,"column":18},"end":{"line":432,"column":32}}],"line":432},"51":{"loc":{"start":{"line":449,"column":4},"end":{"line":459,"column":5}},"type":"if","locations":[{"start":{"line":449,"column":4},"end":{"line":459,"column":5}},{"start":{},"end":{}}],"line":449},"52":{"loc":{"start":{"line":450,"column":6},"end":{"line":454,"column":23}},"type":"binary-expr","locations":[{"start":{"line":450,"column":6},"end":{"line":450,"column":15}},{"start":{"line":451,"column":6},"end":{"line":451,"column":24}},{"start":{"line":452,"column":6},"end":{"line":452,"column":31}},{"start":{"line":453,"column":6},"end":{"line":453,"column":16}},{"start":{"line":454,"column":6},"end":{"line":454,"column":23}}],"line":450},"53":{"loc":{"start":{"line":461,"column":4},"end":{"line":463,"column":5}},"type":"if","locations":[{"start":{"line":461,"column":4},"end":{"line":463,"column":5}},{"start":{},"end":{}}],"line":461},"54":{"loc":{"start":{"line":466,"column":29},"end":{"line":466,"column":50}},"type":"binary-expr","locations":[{"start":{"line":466,"column":29},"end":{"line":466,"column":44}},{"start":{"line":466,"column":48},"end":{"line":466,"column":50}}],"line":466},"55":{"loc":{"start":{"line":467,"column":23},"end":{"line":467,"column":38}},"type":"binary-expr","locations":[{"start":{"line":467,"column":23},"end":{"line":467,"column":32}},{"start":{"line":467,"column":36},"end":{"line":467,"column":38}}],"line":467},"56":{"loc":{"start":{"line":468,"column":23},"end":{"line":468,"column":38}},"type":"binary-expr","locations":[{"start":{"line":468,"column":23},"end":{"line":468,"column":32}},{"start":{"line":468,"column":36},"end":{"line":468,"column":38}}],"line":468},"57":{"loc":{"start":{"line":471,"column":22},"end":{"line":471,"column":83}},"type":"binary-expr","locations":[{"start":{"line":471,"column":22},"end":{"line":471,"column":30}},{"start":{"line":471,"column":34},"end":{"line":471,"column":83}}],"line":471},"58":{"loc":{"start":{"line":490,"column":4},"end":{"line":492,"column":5}},"type":"if","locations":[{"start":{"line":490,"column":4},"end":{"line":492,"column":5}},{"start":{},"end":{}}],"line":490}},"s":{"0":1,"1":1,"2":1,"3":1,"4":1,"5":1,"6":1,"7":0,"8":0,"9":0,"10":0,"11":0,"12":0,"13":0,"14":0,"15":1,"16":2,"17":2,"18":2,"19":2,"20":0,"21":0,"22":0,"23":0,"24":0,"25":0,"26":0,"27":0,"28":0,"29":0,"30":0,"31":0,"32":0,"33":1,"34":0,"35":0,"36":0,"37":0,"38":0,"39":0,"40":0,"41":0,"42":0,"43":0,"44":0,"45":0,"46":0,"47":0,"48":0,"49":0,"50":0,"51":0,"52":0,"53":0,"54":0,"55":0,"56":0,"57":0,"58":0,"59":1,"60":0,"61":0,"62":0,"63":0,"64":0,"65":0,"66":0,"67":0,"68":0,"69":0,"70":0,"71":0,"72":0,"73":0,"74":0,"75":0,"76":0,"77":0,"78":0,"79":0,"80":0,"81":0,"82":0,"83":0,"84":1,"85":0,"86":0,"87":0,"88":0,"89":0,"90":0,"91":0,"92":0,"93":0,"94":0,"95":0,"96":0,"97":0,"98":0,"99":0,"100":0,"101":0,"102":0,"103":1,"104":0,"105":0,"106":0,"107":0,"108":0,"109":0,"110":0,"111":0,"112":0,"113":0,"114":0,"115":0,"116":0,"117":0,"118":0,"119":0,"120":0,"121":0,"122":0,"123":0,"124":1,"125":0,"126":0,"127":0,"128":0,"129":0,"130":0,"131":0,"132":0,"133":0,"134":0,"135":0,"136":0,"137":0,"138":0,"139":0,"140":0,"141":0,"142":0,"143":1,"144":0,"145":0,"146":0,"147":0,"148":0,"149":0,"150":0,"151":0,"152":0,"153":0,"154":0,"155":0,"156":0,"157":0,"158":1,"159":0,"160":0,"161":0,"162":0,"163":0,"164":0,"165":0,"166":0,"167":0,"168":1,"169":0,"170":0,"171":0,"172":0,"173":1,"174":0,"175":0,"176":0,"177":0,"178":1,"179":0,"180":0,"181":0,"182":0,"183":1,"184":0,"185":0,"186":0,"187":0,"188":1,"189":1,"190":0,"191":0,"192":0,"193":0,"194":0,"195":0,"196":0,"197":0,"198":0,"199":0,"200":0,"201":0,"202":0,"203":0,"204":0,"205":0,"206":0,"207":0,"208":0,"209":0,"210":0,"211":0,"212":0,"213":0,"214":1,"215":0,"216":0,"217":0,"218":0,"219":0,"220":0},"f":{"0":0,"1":0,"2":0,"3":2,"4":0,"5":0,"6":0,"7":0,"8":0,"9":0,"10":0,"11":0,"12":0,"13":0,"14":0,"15":0,"16":0},"b":{"0":[0,0],"1":[0,0],"2":[0,0],"3":[2,0],"4":[2,1],"5":[0,0],"6":[0,0],"7":[0,0],"8":[0,0],"9":[0,0],"10":[0,0],"11":[0,0],"12":[0,0],"13":[0,0],"14":[0,0],"15":[0,0],"16":[0,0],"17":[0,0],"18":[0,0],"19":[0,0,0],"20":[0,0],"21":[0,0],"22":[0,0],"23":[0,0],"24":[0,0],"25":[0,0],"26":[0,0],"27":[0,0],"28":[0,0],"29":[0,0],"30":[0,0],"31":[0,0],"32":[0,0],"33":[0,0],"34":[0,0],"35":[0,0],"36":[0,0],"37":[0,0],"38":[0,0],"39":[0,0],"40":[0,0],"41":[0,0],"42":[0,0],"43":[0,0],"44":[0,0],"45":[0,0],"46":[0,0],"47":[0,0],"48":[0,0],"49":[0,0],"50":[0,0],"51":[0,0],"52":[0,0,0,0,0],"53":[0,0],"54":[0,0],"55":[0,0],"56":[0,0],"57":[0,0],"58":[0,0]},"_coverageSchema":"1a1c01bbd47fc00a2c39e90264f33305004495a9","hash":"d36e138e8623a3202af9ab1d765a5b6aadf86d47"}
,"C:\\MessWala\\backend\\src\\controllers\\complianceController.js": {"path":"C:\\MessWala\\backend\\src\\controllers\\complianceController.js","statementMap":{"0":{"start":{"line":6,"column":27},"end":{"line":6,"column":66}},"1":{"start":{"line":13,"column":2},"end":{"line":47,"column":3}},"2":{"start":{"line":14,"column":57},"end":{"line":14,"column":65}},"3":{"start":{"line":15,"column":19},"end":{"line":15,"column":34}},"4":{"start":{"line":17,"column":4},"end":{"line":22,"column":5}},"5":{"start":{"line":18,"column":6},"end":{"line":21,"column":9}},"6":{"start":{"line":24,"column":21},"end":{"line":33,"column":6}},"7":{"start":{"line":35,"column":4},"end":{"line":35,"column":26}},"8":{"start":{"line":37,"column":4},"end":{"line":41,"column":7}},"9":{"start":{"line":43,"column":4},"end":{"line":46,"column":7}},"10":{"start":{"line":55,"column":2},"end":{"line":92,"column":3}},"11":{"start":{"line":56,"column":59},"end":{"line":56,"column":68}},"12":{"start":{"line":57,"column":19},"end":{"line":57,"column":34}},"13":{"start":{"line":59,"column":18},"end":{"line":59,"column":28}},"14":{"start":{"line":61,"column":4},"end":{"line":63,"column":5}},"15":{"start":{"line":62,"column":6},"end":{"line":62,"column":40}},"16":{"start":{"line":64,"column":4},"end":{"line":66,"column":5}},"17":{"start":{"line":65,"column":6},"end":{"line":65,"column":28}},"18":{"start":{"line":68,"column":22},"end":{"line":73,"column":30}},"19":{"start":{"line":75,"column":18},"end":{"line":75,"column":64}},"20":{"start":{"line":77,"column":4},"end":{"line":86,"column":7}},"21":{"start":{"line":88,"column":4},"end":{"line":91,"column":7}},"22":{"start":{"line":100,"column":2},"end":{"line":129,"column":3}},"23":{"start":{"line":101,"column":21},"end":{"line":103,"column":43}},"24":{"start":{"line":105,"column":4},"end":{"line":110,"column":5}},"25":{"start":{"line":106,"column":6},"end":{"line":109,"column":9}},"26":{"start":{"line":113,"column":4},"end":{"line":118,"column":5}},"27":{"start":{"line":114,"column":6},"end":{"line":117,"column":9}},"28":{"start":{"line":120,"column":4},"end":{"line":123,"column":7}},"29":{"start":{"line":125,"column":4},"end":{"line":128,"column":7}},"30":{"start":{"line":137,"column":2},"end":{"line":186,"column":3}},"31":{"start":{"line":138,"column":30},"end":{"line":138,"column":38}},"32":{"start":{"line":140,"column":4},"end":{"line":145,"column":5}},"33":{"start":{"line":141,"column":6},"end":{"line":144,"column":9}},"34":{"start":{"line":147,"column":21},"end":{"line":147,"column":69}},"35":{"start":{"line":148,"column":4},"end":{"line":153,"column":5}},"36":{"start":{"line":149,"column":6},"end":{"line":152,"column":9}},"37":{"start":{"line":156,"column":4},"end":{"line":161,"column":5}},"38":{"start":{"line":157,"column":6},"end":{"line":160,"column":9}},"39":{"start":{"line":163,"column":4},"end":{"line":163,"column":41}},"40":{"start":{"line":164,"column":4},"end":{"line":164,"column":39}},"41":{"start":{"line":165,"column":4},"end":{"line":165,"column":39}},"42":{"start":{"line":168,"column":4},"end":{"line":172,"column":7}},"43":{"start":{"line":174,"column":4},"end":{"line":174,"column":26}},"44":{"start":{"line":176,"column":4},"end":{"line":180,"column":7}},"45":{"start":{"line":182,"column":4},"end":{"line":185,"column":7}},"46":{"start":{"line":194,"column":2},"end":{"line":237,"column":3}},"47":{"start":{"line":195,"column":35},"end":{"line":195,"column":44}},"48":{"start":{"line":196,"column":19},"end":{"line":196,"column":34}},"49":{"start":{"line":198,"column":18},"end":{"line":201,"column":5}},"50":{"start":{"line":203,"column":4},"end":{"line":205,"column":5}},"51":{"start":{"line":204,"column":6},"end":{"line":204,"column":60}},"52":{"start":{"line":207,"column":22},"end":{"line":207,"column":58}},"53":{"start":{"line":209,"column":19},"end":{"line":220,"column":5}},"54":{"start":{"line":214,"column":42},"end":{"line":214,"column":77}},"55":{"start":{"line":215,"column":41},"end":{"line":215,"column":75}},"56":{"start":{"line":216,"column":42},"end":{"line":216,"column":77}},"57":{"start":{"line":223,"column":4},"end":{"line":226,"column":7}},"58":{"start":{"line":224,"column":6},"end":{"line":224,"column":83}},"59":{"start":{"line":225,"column":6},"end":{"line":225,"column":99}},"60":{"start":{"line":228,"column":4},"end":{"line":231,"column":7}},"61":{"start":{"line":233,"column":4},"end":{"line":236,"column":7}},"62":{"start":{"line":245,"column":2},"end":{"line":274,"column":3}},"63":{"start":{"line":246,"column":21},"end":{"line":246,"column":69}},"64":{"start":{"line":248,"column":4},"end":{"line":253,"column":5}},"65":{"start":{"line":249,"column":6},"end":{"line":252,"column":9}},"66":{"start":{"line":256,"column":4},"end":{"line":261,"column":5}},"67":{"start":{"line":257,"column":6},"end":{"line":260,"column":9}},"68":{"start":{"line":263,"column":4},"end":{"line":263,"column":62}},"69":{"start":{"line":265,"column":4},"end":{"line":268,"column":7}},"70":{"start":{"line":270,"column":4},"end":{"line":273,"column":7}},"71":{"start":{"line":277,"column":0},"end":{"line":284,"column":2}}},"fnMap":{"0":{"name":"uploadDocument","decl":{"start":{"line":12,"column":15},"end":{"line":12,"column":29}},"loc":{"start":{"line":12,"column":40},"end":{"line":48,"column":1}},"line":12},"1":{"name":"getDocuments","decl":{"start":{"line":54,"column":15},"end":{"line":54,"column":27}},"loc":{"start":{"line":54,"column":38},"end":{"line":93,"column":1}},"line":54},"2":{"name":"getDocument","decl":{"start":{"line":99,"column":15},"end":{"line":99,"column":26}},"loc":{"start":{"line":99,"column":37},"end":{"line":130,"column":1}},"line":99},"3":{"name":"verifyDocument","decl":{"start":{"line":136,"column":15},"end":{"line":136,"column":29}},"loc":{"start":{"line":136,"column":40},"end":{"line":187,"column":1}},"line":136},"4":{"name":"getComplianceReport","decl":{"start":{"line":193,"column":15},"end":{"line":193,"column":34}},"loc":{"start":{"line":193,"column":45},"end":{"line":238,"column":1}},"line":193},"5":{"name":"(anonymous_5)","decl":{"start":{"line":214,"column":35},"end":{"line":214,"column":36}},"loc":{"start":{"line":214,"column":42},"end":{"line":214,"column":77}},"line":214},"6":{"name":"(anonymous_6)","decl":{"start":{"line":215,"column":34},"end":{"line":215,"column":35}},"loc":{"start":{"line":215,"column":41},"end":{"line":215,"column":75}},"line":215},"7":{"name":"(anonymous_7)","decl":{"start":{"line":216,"column":35},"end":{"line":216,"column":36}},"loc":{"start":{"line":216,"column":42},"end":{"line":216,"column":77}},"line":216},"8":{"name":"(anonymous_8)","decl":{"start":{"line":223,"column":22},"end":{"line":223,"column":23}},"loc":{"start":{"line":223,"column":31},"end":{"line":226,"column":5}},"line":223},"9":{"name":"deleteDocument","decl":{"start":{"line":244,"column":15},"end":{"line":244,"column":29}},"loc":{"start":{"line":244,"column":40},"end":{"line":275,"column":1}},"line":244}},"branchMap":{"0":{"loc":{"start":{"line":17,"column":4},"end":{"line":22,"column":5}},"type":"if","locations":[{"start":{"line":17,"column":4},"end":{"line":22,"column":5}},{"start":{},"end":{}}],"line":17},"1":{"loc":{"start":{"line":17,"column":8},"end":{"line":17,"column":31}},"type":"binary-expr","locations":[{"start":{"line":17,"column":8},"end":{"line":17,"column":21}},{"start":{"line":17,"column":25},"end":{"line":17,"column":31}}],"line":17},"2":{"loc":{"start":{"line":29,"column":14},"end":{"line":29,"column":26}},"type":"binary-expr","locations":[{"start":{"line":29,"column":14},"end":{"line":29,"column":20}},{"start":{"line":29,"column":24},"end":{"line":29,"column":26}}],"line":29},"3":{"loc":{"start":{"line":31,"column":15},"end":{"line":31,"column":45}},"type":"cond-expr","locations":[{"start":{"line":31,"column":26},"end":{"line":31,"column":38}},{"start":{"line":31,"column":41},"end":{"line":31,"column":45}}],"line":31},"4":{"loc":{"start":{"line":32,"column":16},"end":{"line":32,"column":51}},"type":"cond-expr","locations":[{"start":{"line":32,"column":27},"end":{"line":32,"column":44}},{"start":{"line":32,"column":47},"end":{"line":32,"column":51}}],"line":32},"5":{"loc":{"start":{"line":56,"column":34},"end":{"line":56,"column":44}},"type":"default-arg","locations":[{"start":{"line":56,"column":42},"end":{"line":56,"column":44}}],"line":56},"6":{"loc":{"start":{"line":56,"column":46},"end":{"line":56,"column":54}},"type":"default-arg","locations":[{"start":{"line":56,"column":53},"end":{"line":56,"column":54}}],"line":56},"7":{"loc":{"start":{"line":61,"column":4},"end":{"line":63,"column":5}},"type":"if","locations":[{"start":{"line":61,"column":4},"end":{"line":63,"column":5}},{"start":{},"end":{}}],"line":61},"8":{"loc":{"start":{"line":64,"column":4},"end":{"line":66,"column":5}},"type":"if","locations":[{"start":{"line":64,"column":4},"end":{"line":66,"column":5}},{"start":{},"end":{}}],"line":64},"9":{"loc":{"start":{"line":105,"column":4},"end":{"line":110,"column":5}},"type":"if","locations":[{"start":{"line":105,"column":4},"end":{"line":110,"column":5}},{"start":{},"end":{}}],"line":105},"10":{"loc":{"start":{"line":113,"column":4},"end":{"line":118,"column":5}},"type":"if","locations":[{"start":{"line":113,"column":4},"end":{"line":118,"column":5}},{"start":{},"end":{}}],"line":113},"11":{"loc":{"start":{"line":140,"column":4},"end":{"line":145,"column":5}},"type":"if","locations":[{"start":{"line":140,"column":4},"end":{"line":145,"column":5}},{"start":{},"end":{}}],"line":140},"12":{"loc":{"start":{"line":148,"column":4},"end":{"line":153,"column":5}},"type":"if","locations":[{"start":{"line":148,"column":4},"end":{"line":153,"column":5}},{"start":{},"end":{}}],"line":148},"13":{"loc":{"start":{"line":156,"column":4},"end":{"line":161,"column":5}},"type":"if","locations":[{"start":{"line":156,"column":4},"end":{"line":161,"column":5}},{"start":{},"end":{}}],"line":156},"14":{"loc":{"start":{"line":156,"column":8},"end":{"line":156,"column":68}},"type":"binary-expr","locations":[{"start":{"line":156,"column":8},"end":{"line":156,"column":39}},{"start":{"line":156,"column":43},"end":{"line":156,"column":68}}],"line":156},"15":{"loc":{"start":{"line":200,"column":43},"end":{"line":200,"column":68}},"type":"binary-expr","locations":[{"start":{"line":200,"column":43},"end":{"line":200,"column":52}},{"start":{"line":200,"column":56},"end":{"line":200,"column":68}}],"line":200},"16":{"loc":{"start":{"line":203,"column":4},"end":{"line":205,"column":5}},"type":"if","locations":[{"start":{"line":203,"column":4},"end":{"line":205,"column":5}},{"start":{},"end":{}}],"line":203},"17":{"loc":{"start":{"line":224,"column":41},"end":{"line":224,"column":77}},"type":"binary-expr","locations":[{"start":{"line":224,"column":41},"end":{"line":224,"column":72}},{"start":{"line":224,"column":76},"end":{"line":224,"column":77}}],"line":224},"18":{"loc":{"start":{"line":225,"column":49},"end":{"line":225,"column":93}},"type":"binary-expr","locations":[{"start":{"line":225,"column":49},"end":{"line":225,"column":88}},{"start":{"line":225,"column":92},"end":{"line":225,"column":93}}],"line":225},"19":{"loc":{"start":{"line":248,"column":4},"end":{"line":253,"column":5}},"type":"if","locations":[{"start":{"line":248,"column":4},"end":{"line":253,"column":5}},{"start":{},"end":{}}],"line":248},"20":{"loc":{"start":{"line":256,"column":4},"end":{"line":261,"column":5}},"type":"if","locations":[{"start":{"line":256,"column":4},"end":{"line":261,"column":5}},{"start":{},"end":{}}],"line":256},"21":{"loc":{"start":{"line":256,"column":8},"end":{"line":256,"column":95}},"type":"binary-expr","locations":[{"start":{"line":256,"column":8},"end":{"line":256,"column":66}},{"start":{"line":256,"column":70},"end":{"line":256,"column":95}}],"line":256}},"s":{"0":0,"1":0,"2":0,"3":0,"4":0,"5":0,"6":0,"7":0,"8":0,"9":0,"10":0,"11":0,"12":0,"13":0,"14":0,"15":0,"16":0,"17":0,"18":0,"19":0,"20":0,"21":0,"22":0,"23":0,"24":0,"25":0,"26":0,"27":0,"28":0,"29":0,"30":0,"31":0,"32":0,"33":0,"34":0,"35":0,"36":0,"37":0,"38":0,"39":0,"40":0,"41":0,"42":0,"43":0,"44":0,"45":0,"46":0,"47":0,"48":0,"49":0,"50":0,"51":0,"52":0,"53":0,"54":0,"55":0,"56":0,"57":0,"58":0,"59":0,"60":0,"61":0,"62":0,"63":0,"64":0,"65":0,"66":0,"67":0,"68":0,"69":0,"70":0,"71":0},"f":{"0":0,"1":0,"2":0,"3":0,"4":0,"5":0,"6":0,"7":0,"8":0,"9":0},"b":{"0":[0,0],"1":[0,0],"2":[0,0],"3":[0,0],"4":[0,0],"5":[0],"6":[0],"7":[0,0],"8":[0,0],"9":[0,0],"10":[0,0],"11":[0,0],"12":[0,0],"13":[0,0],"14":[0,0],"15":[0,0],"16":[0,0],"17":[0,0],"18":[0,0],"19":[0,0],"20":[0,0],"21":[0,0]}}
,"C:\\MessWala\\backend\\src\\controllers\\expenseController.js": {"path":"C:\\MessWala\\backend\\src\\controllers\\expenseController.js","statementMap":{"0":{"start":{"line":1,"column":16},"end":{"line":1,"column":44}},"1":{"start":{"line":2,"column":23},"end":{"line":2,"column":58}},"2":{"start":{"line":7,"column":4},"end":{"line":7,"column":34}},"3":{"start":{"line":11,"column":0},"end":{"line":45,"column":2}},"4":{"start":{"line":12,"column":2},"end":{"line":44,"column":3}},"5":{"start":{"line":13,"column":52},"end":{"line":13,"column":60}},"6":{"start":{"line":16,"column":4},"end":{"line":18,"column":5}},"7":{"start":{"line":17,"column":6},"end":{"line":17,"column":89}},"8":{"start":{"line":21,"column":4},"end":{"line":23,"column":5}},"9":{"start":{"line":22,"column":6},"end":{"line":22,"column":97}},"10":{"start":{"line":25,"column":24},"end":{"line":25,"column":70}},"11":{"start":{"line":28,"column":26},"end":{"line":28,"column":57}},"12":{"start":{"line":29,"column":4},"end":{"line":31,"column":5}},"13":{"start":{"line":30,"column":6},"end":{"line":30,"column":100}},"14":{"start":{"line":33,"column":20},"end":{"line":39,"column":6}},"15":{"start":{"line":41,"column":4},"end":{"line":41,"column":53}},"16":{"start":{"line":43,"column":4},"end":{"line":43,"column":65}},"17":{"start":{"line":49,"column":0},"end":{"line":88,"column":2}},"18":{"start":{"line":50,"column":2},"end":{"line":87,"column":3}},"19":{"start":{"line":51,"column":37},"end":{"line":51,"column":46}},"20":{"start":{"line":52,"column":19},"end":{"line":52,"column":21}},"21":{"start":{"line":54,"column":4},"end":{"line":73,"column":5}},"22":{"start":{"line":55,"column":29},"end":{"line":55,"column":54}},"23":{"start":{"line":56,"column":27},"end":{"line":56,"column":50}},"24":{"start":{"line":58,"column":6},"end":{"line":62,"column":7}},"25":{"start":{"line":59,"column":8},"end":{"line":61,"column":82}},"26":{"start":{"line":64,"column":6},"end":{"line":64,"column":65}},"27":{"start":{"line":65,"column":11},"end":{"line":73,"column":5}},"28":{"start":{"line":66,"column":29},"end":{"line":66,"column":54}},"29":{"start":{"line":67,"column":6},"end":{"line":71,"column":7}},"30":{"start":{"line":68,"column":8},"end":{"line":70,"column":82}},"31":{"start":{"line":72,"column":6},"end":{"line":72,"column":45}},"32":{"start":{"line":75,"column":4},"end":{"line":80,"column":5}},"33":{"start":{"line":76,"column":32},"end":{"line":76,"column":58}},"34":{"start":{"line":77,"column":6},"end":{"line":79,"column":7}},"35":{"start":{"line":78,"column":8},"end":{"line":78,"column":44}},"36":{"start":{"line":82,"column":21},"end":{"line":82,"column":94}},"37":{"start":{"line":84,"column":4},"end":{"line":84,"column":66}},"38":{"start":{"line":86,"column":4},"end":{"line":86,"column":65}},"39":{"start":{"line":92,"column":0},"end":{"line":128,"column":2}},"40":{"start":{"line":93,"column":2},"end":{"line":127,"column":3}},"41":{"start":{"line":94,"column":18},"end":{"line":94,"column":73}},"42":{"start":{"line":97,"column":27},"end":{"line":97,"column":53}},"43":{"start":{"line":98,"column":4},"end":{"line":100,"column":5}},"44":{"start":{"line":99,"column":6},"end":{"line":99,"column":98}},"45":{"start":{"line":103,"column":20},"end":{"line":120,"column":6}},"46":{"start":{"line":122,"column":25},"end":{"line":122,"column":69}},"47":{"start":{"line":122,"column":52},"end":{"line":122,"column":65}},"48":{"start":{"line":124,"column":4},"end":{"line":124,"column":89}},"49":{"start":{"line":126,"column":4},"end":{"line":126,"column":65}},"50":{"start":{"line":132,"column":0},"end":{"line":178,"column":2}},"51":{"start":{"line":133,"column":2},"end":{"line":177,"column":3}},"52":{"start":{"line":134,"column":18},"end":{"line":134,"column":73}},"53":{"start":{"line":137,"column":27},"end":{"line":137,"column":53}},"54":{"start":{"line":138,"column":4},"end":{"line":140,"column":5}},"55":{"start":{"line":139,"column":6},"end":{"line":139,"column":98}},"56":{"start":{"line":143,"column":23},"end":{"line":153,"column":6}},"57":{"start":{"line":155,"column":25},"end":{"line":155,"column":72}},"58":{"start":{"line":158,"column":24},"end":{"line":164,"column":6}},"59":{"start":{"line":166,"column":25},"end":{"line":166,"column":86}},"60":{"start":{"line":168,"column":4},"end":{"line":174,"column":7}},"61":{"start":{"line":176,"column":4},"end":{"line":176,"column":65}},"62":{"start":{"line":182,"column":0},"end":{"line":220,"column":2}},"63":{"start":{"line":183,"column":2},"end":{"line":219,"column":3}},"64":{"start":{"line":184,"column":18},"end":{"line":184,"column":73}},"65":{"start":{"line":187,"column":27},"end":{"line":187,"column":53}},"66":{"start":{"line":188,"column":4},"end":{"line":190,"column":5}},"67":{"start":{"line":189,"column":6},"end":{"line":189,"column":98}},"68":{"start":{"line":192,"column":21},"end":{"line":199,"column":24}},"69":{"start":{"line":201,"column":20},"end":{"line":209,"column":5}},"70":{"start":{"line":205,"column":10},"end":{"line":207,"column":12}},"71":{"start":{"line":211,"column":25},"end":{"line":211,"column":71}},"72":{"start":{"line":211,"column":53},"end":{"line":211,"column":67}},"73":{"start":{"line":212,"column":4},"end":{"line":212,"column":47}},"74":{"start":{"line":214,"column":4},"end":{"line":214,"column":46}},"75":{"start":{"line":215,"column":4},"end":{"line":215,"column":96}},"76":{"start":{"line":216,"column":4},"end":{"line":216,"column":33}},"77":{"start":{"line":218,"column":4},"end":{"line":218,"column":65}},"78":{"start":{"line":224,"column":0},"end":{"line":237,"column":2}},"79":{"start":{"line":225,"column":2},"end":{"line":236,"column":3}},"80":{"start":{"line":226,"column":20},"end":{"line":226,"column":57}},"81":{"start":{"line":228,"column":4},"end":{"line":230,"column":5}},"82":{"start":{"line":229,"column":6},"end":{"line":229,"column":82}},"83":{"start":{"line":232,"column":4},"end":{"line":232,"column":30}},"84":{"start":{"line":233,"column":4},"end":{"line":233,"column":60}},"85":{"start":{"line":235,"column":4},"end":{"line":235,"column":65}}},"fnMap":{"0":{"name":"(anonymous_0)","decl":{"start":{"line":11,"column":21},"end":{"line":11,"column":22}},"loc":{"start":{"line":11,"column":41},"end":{"line":45,"column":1}},"line":11},"1":{"name":"(anonymous_1)","decl":{"start":{"line":49,"column":22},"end":{"line":49,"column":23}},"loc":{"start":{"line":49,"column":42},"end":{"line":88,"column":1}},"line":49},"2":{"name":"(anonymous_2)","decl":{"start":{"line":92,"column":28},"end":{"line":92,"column":29}},"loc":{"start":{"line":92,"column":48},"end":{"line":128,"column":1}},"line":92},"3":{"name":"(anonymous_3)","decl":{"start":{"line":122,"column":40},"end":{"line":122,"column":41}},"loc":{"start":{"line":122,"column":52},"end":{"line":122,"column":65}},"line":122},"4":{"name":"(anonymous_4)","decl":{"start":{"line":132,"column":26},"end":{"line":132,"column":27}},"loc":{"start":{"line":132,"column":46},"end":{"line":178,"column":1}},"line":132},"5":{"name":"(anonymous_5)","decl":{"start":{"line":182,"column":20},"end":{"line":182,"column":21}},"loc":{"start":{"line":182,"column":40},"end":{"line":220,"column":1}},"line":182},"6":{"name":"(anonymous_6)","decl":{"start":{"line":204,"column":8},"end":{"line":204,"column":9}},"loc":{"start":{"line":205,"column":10},"end":{"line":207,"column":12}},"line":205},"7":{"name":"(anonymous_7)","decl":{"start":{"line":211,"column":41},"end":{"line":211,"column":42}},"loc":{"start":{"line":211,"column":53},"end":{"line":211,"column":67}},"line":211},"8":{"name":"(anonymous_8)","decl":{"start":{"line":224,"column":24},"end":{"line":224,"column":25}},"loc":{"start":{"line":224,"column":44},"end":{"line":237,"column":1}},"line":2
[...]
":2},"end":{"line":49,"column":3}},"17":{"start":{"line":48,"column":4},"end":{"line":48,"column":64}},"18":{"start":{"line":51,"column":2},"end":{"line":51,"column":18}},"19":{"start":{"line":61,"column":14},"end":{"line":61,"column":29}},"20":{"start":{"line":62,"column":2},"end":{"line":64,"column":3}},"21":{"start":{"line":63,"column":4},"end":{"line":63,"column":24}},"22":{"start":{"line":65,"column":2},"end":{"line":65,"column":13}},"23":{"start":{"line":76,"column":2},"end":{"line":78,"column":3}},"24":{"start":{"line":77,"column":4},"end":{"line":77,"column":17}},"25":{"start":{"line":79,"column":2},"end":{"line":79,"column":22}},"26":{"start":{"line":88,"column":22},"end":{"line":88,"column":75}},"27":{"start":{"line":89,"column":2},"end":{"line":91,"column":3}},"28":{"start":{"line":90,"column":4},"end":{"line":90,"column":17}},"29":{"start":{"line":92,"column":2},"end":{"line":94,"column":3}},"30":{"start":{"line":93,"column":4},"end":{"line":93,"column":18}},"31":{"start":{"line":95,"column":2},"end":{"line":97,"column":3}},"32":{"start":{"line":96,"column":4},"end":{"line":96,"column":17}},"33":{"start":{"line":98,"column":2},"end":{"line":98,"column":15}},"34":{"start":{"line":108,"column":2},"end":{"line":110,"column":3}},"35":{"start":{"line":109,"column":4},"end":{"line":109,"column":24}},"36":{"start":{"line":111,"column":28},"end":{"line":118,"column":3}},"37":{"start":{"line":119,"column":2},"end":{"line":119,"column":86}},"38":{"start":{"line":128,"column":2},"end":{"line":130,"column":3}},"39":{"start":{"line":129,"column":4},"end":{"line":129,"column":17}},"40":{"start":{"line":132,"column":21},"end":{"line":132,"column":49}},"41":{"start":{"line":133,"column":2},"end":{"line":133,"column":46}},"42":{"start":{"line":142,"column":2},"end":{"line":144,"column":3}},"43":{"start":{"line":143,"column":4},"end":{"line":143,"column":17}},"44":{"start":{"line":146,"column":21},"end":{"line":146,"column":89}},"45":{"start":{"line":147,"column":2},"end":{"line":147,"column":51}},"46":{"start":{"line":150,"column":0},"end":{"line":159,"column":2}}},"fnMap":{"0":{"name":"validateDateString","decl":{"start":{"line":11,"column":9},"end":{"line":11,"column":27}},"loc":{"start":{"line":11,"column":58},"end":{"line":27,"column":1}},"line":11},"1":{"name":"validateMonthString","decl":{"start":{"line":35,"column":9},"end":{"line":35,"column":28}},"loc":{"start":{"line":35,"column":60},"end":{"line":52,"column":1}},"line":35},"2":{"name":"validatePositiveInteger","decl":{"start":{"line":60,"column":9},"end":{"line":60,"column":32}},"loc":{"start":{"line":60,"column":58},"end":{"line":66,"column":1}},"line":60},"3":{"name":"validateEnum","decl":{"start":{"line":75,"column":9},"end":{"line":75,"column":21}},"loc":{"start":{"line":75,"column":65},"end":{"line":80,"column":1}},"line":75},"4":{"name":"validateSortOrder","decl":{"start":{"line":87,"column":9},"end":{"line":87,"column":26}},"loc":{"start":{"line":87,"column":34},"end":{"line":99,"column":1}},"line":87},"5":{"name":"validateCategory","decl":{"start":{"line":107,"column":9},"end":{"line":107,"column":25}},"loc":{"start":{"line":107,"column":68},"end":{"line":120,"column":1}},"line":107},"6":{"name":"validateEmail","decl":{"start":{"line":127,"column":9},"end":{"line":127,"column":22}},"loc":{"start":{"line":127,"column":30},"end":{"line":134,"column":1}},"line":127},"7":{"name":"validatePhone","decl":{"start":{"line":141,"column":9},"end":{"line":141,"column":22}},"loc":{"start":{"line":141,"column":30},"end":{"line":148,"column":1}},"line":141}},"branchMap":{"0":{"loc":{"start":{"line":11,"column":37},"end":{"line":11,"column":56}},"type":"default-arg","locations":[{"start":{"line":11,"column":52},"end":{"line":11,"column":56}}],"line":11},"1":{"loc":{"start":{"line":12,"column":2},"end":{"line":14,"column":3}},"type":"if","locations":[{"start":{"line":12,"column":2},"end":{"line":14,"column":3}},{"start":{},"end":{}}],"line":12},"2":{"loc":{"start":{"line":13,"column":11},"end":{"line":13,"column":65}},"type":"binary-expr","locations":[{"start":{"line":13,"column":11},"end":{"line":13,"column":23}},{"start":{"line":13,"column":27},"end":{"line":13,"column":65}}],"line":13},"3":{"loc":{"start":{"line":16,"column":2},"end":{"line":18,"column":3}},"type":"if","locations":[{"start":{"line":16,"column":2},"end":{"line":18,"column":3}},{"start":{},"end":{}}],"line":16},"4":{"loc":{"start":{"line":17,"column":11},"end":{"line":17,"column":65}},"type":"binary-expr","locations":[{"start":{"line":17,"column":11},"end":{"line":17,"column":23}},{"start":{"line":17,"column":27},"end":{"line":17,"column":65}}],"line":17},"5":{"loc":{"start":{"line":22,"column":2},"end":{"line":24,"column":3}},"type":"if","locations":[{"start":{"line":22,"column":2},"end":{"line":24,"column":3}},{"start":{},"end":{}}],"line":22},"6":{"loc":{"start":{"line":23,"column":11},"end":{"line":23,"column":65}},"type":"binary-expr","locations":[{"start":{"line":23,"column":11},"end":{"line":23,"column":23}},{"start":{"line":23,"column":27},"end":{"line":23,"column":65}}],"line":23},"7":{"loc":{"start":{"line":35,"column":39},"end":{"line":35,"column":58}},"type":"default-arg","locations":[{"start":{"line":35,"column":54},"end":{"line":35,"column":58}}],"line":35},"8":{"loc":{"start":{"line":36,"column":2},"end":{"line":38,"column":3}},"type":"if","locations":[{"start":{"line":36,"column":2},"end":{"line":38,"column":3}},{"start":{},"end":{}}],"line":36},"9":{"loc":{"start":{"line":37,"column":11},"end":{"line":37,"column":63}},"type":"binary-expr","locations":[{"start":{"line":37,"column":11},"end":{"line":37,"column":23}},{"start":{"line":37,"column":27},"end":{"line":37,"column":63}}],"line":37},"10":{"loc":{"start":{"line":40,"column":2},"end":{"line":42,"column":3}},"type":"if","locations":[{"start":{"line":40,"column":2},"end":{"line":42,"column":3}},{"start":{},"end":{}}],"line":40},"11":{"loc":{"start":{"line":41,"column":11},"end":{"line":41,"column":63}},"type":"binary-expr","locations":[{"start":{"line":41,"column":11},"end":{"line":41,"column":23}},{"start":{"line":41,"column":27},"end":{"line":41,"column":63}}],"line":41},"12":{"loc":{"start":{"line":47,"column":2},"end":{"line":49,"column":3}},"type":"if","locations":[{"start":{"line":47,"column":2},"end":{"line":49,"column":3}},{"start":{},"end":{}}],"line":47},"13":{"loc":{"start":{"line":47,"column":6},"end":{"line":47,"column":29}},"type":"binary-expr","locations":[{"start":{"line":47,"column":6},"end":{"line":47,"column":15}},{"start":{"line":47,"column":19},"end":{"line":47,"column":29}}],"line":47},"14":{"loc":{"start":{"line":48,"column":11},"end":{"line":48,"column":63}},"type":"binary-expr","locations":[{"start":{"line":48,"column":11},"end":{"line":48,"column":23}},{"start":{"line":48,"column":27},"end":{"line":48,"column":63}}],"line":48},"15":{"loc":{"start":{"line":60,"column":40},"end":{"line":60,"column":56}},"type":"default-arg","locations":[{"start":{"line":60,"column":55},"end":{"line":60,"column":56}}],"line":60},"16":{"loc":{"start":{"line":62,"column":2},"end":{"line":64,"column":3}},"type":"if","locations":[{"start":{"line":62,"column":2},"end":{"line":64,"column":3}},{"start":{},"end":{}}],"line":62},"17":{"loc":{"start":{"line":62,"column":6},"end":{"line":62,"column":28}},"type":"binary-expr","locations":[{"start":{"line":62,"column":6},"end":{"line":62,"column":16}},{"start":{"line":62,"column":20},"end":{"line":62,"column":28}}],"line":62},"18":{"loc":{"start":{"line":75,"column":44},"end":{"line":75,"column":63}},"type":"default-arg","locations":[{"start":{"line":75,"column":59},"end":{"line":75,"column":63}}],"line":75},"19":{"loc":{"start":{"line":76,"column":2},"end":{"line":78,"column":3}},"type":"if","locations":[{"start":{"line":76,"column":2},"end":{"line":78,"column":3}},{"start":{},"end":{}}],"line":76},"20":{"loc":{"start":{"line":89,"column":2},"end":{"line":91,"column":3}},"type":"if","locations":[{"start":{"line":89,"column":2},"end":{"line":91,"column":3}},{"start":{},"end":{}}],"line":89},"21":{"loc":{"start":{"line":92,"column":2},"end":{"line":94,"column":3}},"type":"if","locations":[{"start":{"line":92,"column":2},"end":{"line":94,"column":3}},{"start":{},"end":{}}],"line":92},"22":{"loc":{"start":{"line":92,"column":6},"end":{"line":92,"column":46}},"type":"binary-expr","locations":[{"start":{"line":92,"column":6},"end":{"line":92,"column":20}},{"start":{"line":92,"column":24},"end":{"line":92,"column":46}}],"line":92},"23":{"loc":{"start":{"line":95,"column":2},"end":{"line":97,"column":3}},"type":"if","locations":[{"start":{"line":95,"column":2},"end":{"line":97,"column":3}},{"start":{},"end":{}}],"line":95},"24":{"loc":{"start":{"line":95,"column":6},"end":{"line":95,"column":44}},"type":"binary-expr","locations":[{"start":{"line":95,"column":6},"end":{"line":95,"column":19}},{"start":{"line":95,"column":23},"end":{"line":95,"column":44}}],"line":95},"25":{"loc":{"start":{"line":107,"column":36},"end":{"line":107,"column":66}},"type":"default-arg","locations":[{"start":{"line":107,"column":51},"end":{"line":107,"column":66}}],"line":107},"26":{"loc":{"start":{"line":108,"column":2},"end":{"line":110,"column":3}},"type":"if","locations":[{"start":{"line":108,"column":2},"end":{"line":110,"column":3}},{"start":{},"end":{}}],"line":108},"27":{"loc":{"start":{"line":119,"column":9},"end":{"line":119,"column":85}},"type":"cond-expr","locations":[{"start":{"line":119,"column":62},"end":{"line":119,"column":70}},{"start":{"line":119,"column":73},"end":{"line":119,"column":85}}],"line":119},"28":{"loc":{"start":{"line":128,"column":2},"end":{"line":130,"column":3}},"type":"if","locations":[{"start":{"line":128,"column":2},"end":{"line":130,"column":3}},{"start":{},"end":{}}],"line":128},"29":{"loc":{"start":{"line":128,"column":6},"end":{"line":128,"column":41}},"type":"binary-expr","locations":[{"start":{"line":128,"column":6},"end":{"line":128,"column":12}},{"start":{"line":128,"column":16},"end":{"line":128,"column":41}}],"line":128},"30":{"loc":{"start":{"line":142,"column":2},"end":{"line":144,"column":3}},"type":"if","locations":[{"start":{"line":142,"column":2},"end":{"line":144,"column":3}},{"start":{},"end":{}}],"line":142},"31":{"loc":{"start":{"line":142,"column":6},"end":{"line":142,"column":41}},"type":"binary-expr","locations":[{"start":{"line":142,"column":6},"end":{"line":142,"column":12}},{"start":{"line":142,"column":16},"end":{"line":142,"column":41}}],"line":142}},"s":{"0":3,"1":1,"2":2,"3":2,"4":1,"5":1,"6":1,"7":0,"8":1,"9":3,"10":1,"11":2,"12":2,"13":1,"14":1,"15":1,"16":1,"17":0,"18":1,"19":5,"20":5,"21":3,"22":2,"23":3,"24":1,"25":2,"26":3,"27":3,"28":1,"29":2,"30":0,"31":2,"32":0,"33":2,"34":3,"35":0,"36":3,"37":3,"38":0,"39":0,"40":0,"41":0,"42":0,"43":0,"44":0,"45":0,"46":2},"f":{"0":3,"1":3,"2":5,"3":3,"4":3,"5":3,"6":0,"7":0},"b":{"0":[2],"1":[1,2],"2":[1,1],"3":[1,1],"4":[1,0],"5":[0,1],"6":[0,0],"7":[2],"8":[1,2],"9":[1,1],"10":[1,1],"11":[1,0],"12":[0,1],"13":[1,1],"14":[0,0],"15":[2],"16":[3,2],"17":[5,4],"18":[0],"19":[1,2],"20":[1,2],"21":[0,2],"22":[2,2],"23":[0,2],"24":[2,2],"25":[3],"26":[0,3],"27":[2,1],"28":[0,0],"29":[0,0],"30":[0,0],"31":[0,0]},"_coverageSchema":"1a1c01bbd47fc00a2c39e90264f33305004495a9","hash":"a3ee7be9e838e1a60c3f4983217c7dee58e02913"}
,"C:\\MessWala\\backend\\src\\utils\\versioning.js": {"path":"C:\\MessWala\\backend\\src\\utils\\versioning.js","statementMap":{"0":{"start":{"line":6,"column":22},"end":{"line":6,"column":41}},"1":{"start":{"line":8,"column":15},"end":{"line":8,"column":41}},"2":{"start":{"line":13,"column":21},"end":{"line":35,"column":1}},"3":{"start":{"line":40,"column":29},"end":{"line":53,"column":1}},"4":{"start":{"line":60,"column":23},"end":{"line":60,"column":46}},"5":{"start":{"line":61,"column":23},"end":{"line":61,"column":65}},"6":{"start":{"line":62,"column":24},"end":{"line":62,"column":61}},"7":{"start":{"line":65,"column":20},"end":{"line":65,"column":57}},"8":{"start":{"line":66,"column":22},"end":{"line":66,"column":53}},"9":{"start":{"line":69,"column":23},"end":{"line":69,"column":44}},"10":{"start":{"line":72,"column":16},"end":{"line":72,"column":68}},"11":{"start":{"line":74,"column":2},"end":{"line":76,"column":3}},"12":{"start":{"line":75,"column":4},"end":{"line":75,"column":19}},"13":{"start":{"line":78,"column":2},"end":{"line":78,"column":27}},"14":{"start":{"line":79,"column":2},"end":{"line":79,"column":47}},"15":{"start":{"line":82,"column":2},"end":{"line":91,"column":3}},"16":{"start":{"line":83,"column":4},"end":{"line":83,"column":35}},"17":{"start":{"line":84,"column":4},"end":{"line":84,"column":56}},"18":{"start":{"line":86,"column":4},"end":{"line":90,"column":7}},"19":{"start":{"line":93,"column":2},"end":{"line":93,"column":9}},"20":{"start":{"line":100,"column":2},"end":{"line":113,"column":4}},"21":{"start":{"line":101,"column":4},"end":{"line":101,"column":35}},"22":{"start":{"line":102,"column":4},"end":{"line":102,"column":34}},"23":{"start":{"line":103,"column":4},"end":{"line":103,"column":73}},"24":{"start":{"line":105,"column":4},"end":{"line":109,"column":7}},"25":{"start":{"line":112,"column":4},"end":{"line":112,"column":11}},"26":{"start":{"line":120,"column":19},"end":{"line":120,"column":46}},"27":{"start":{"line":123,"column":2},"end":{"line":139,"column":3}},"28":{"start":{"line":124,"column":28},"end":{"line":124,"column":58}},"29":{"start":{"line":126,"column":4},"end":{"line":126,"column":35}},"30":{"start":{"line":127,"column":4},"end":{"line":127,"column":50}},"31":{"start":{"line":128,"column":4},"end":{"line":128,"column":81}},"32":{"start":{"line":130,"column":27},"end":{"line":132,"column":5}},"33":{"start":{"line":134,"column":4},"end":{"line":138,"column":7}},"34":{"start":{"line":141,"column":2},"end":{"line":141,"column":9}},"35":{"start":{"line":147,"column":22},"end":{"line":189,"column":1}},"36":{"start":{"line":194,"column":31},"end":{"line":198,"column":1}},"37":{"start":{"line":204,"column":18},"end":{"line":204,"column":26}},"38":{"start":{"line":205,"column":18},"end":{"line":205,"column":49}},"39":{"start":{"line":207,"column":2},"end":{"line":218,"column":3}},"40":{"start":{"line":208,"column":4},"end":{"line":211,"column":7}},"41":{"start":{"line":213,"column":4},"end":{"line":213,"column":35}},"42":{"start":{"line":214,"column":4},"end":{"line":214,"column":33}},"43":{"start":{"line":220,"column":2},"end":{"line":220,"column":9}},"44":{"start":{"line":227,"column":17},"end":{"line":227,"column":38}},"45":{"start":{"line":229,"column":2},"end":{"line":234,"column":4}},"46":{"start":{"line":242,"column":2},"end":{"line":264,"column":4}},"47":{"start":{"line":271,"column":18},"end":{"line":271,"column":32}},"48":{"start":{"line":272,"column":17},"end":{"line":272,"column":38}},"49":{"start":{"line":275,"column":2},"end":{"line":282,"column":3}},"50":{"start":{"line":276,"column":17},"end":{"line":276,"column":94}},"51":{"start":{"line":278,"column":4},"end":{"line":281,"column":6}},"52":{"start":{"line":285,"column":2},"end":{"line":288,"column":3}},"53":{"start":{"line":286,"column":4},"end":{"line":286,"column":38}},"54":{"start":{"line":287,"column":4},"end":{"line":287,"column":51}},"55":{"start":{"line":290,"column":2},"end":{"line":290,"column":9}},"56":{"start":{"line":293,"column":0},"end":{"line":304,"column":2}}},"fnMap":{"0":{"name":"detectApiVersion","decl":{"start":{"line":58,"column":9},"end":{"line":58,"column":25}},"loc":{"start":{"line":58,"column":42},"end":{"line":94,"column":1}},"line":58},"1":{"name":"deprecatedEndpoint","decl":{"start":{"line":99,"column":9},"end":{"line":99,"column":27}},"loc":{"start":{"line":99,"column":61},"end":{"line":114,"column":1}},"line":99},"2":{"name":"(anonymous_2)","decl":{"start":{"line":100,"column":9},"end":{"line":100,"column":10}},"loc":{"start":{"line":100,"column":29},"end":{"line":113,"column":3}},"line":100},"3":{"name":"validateVersionEndpoint","decl":{"start":{"line":119,"column":9},"end":{"line":119,"column":32}},"loc":{"start":{"line":119,"column":49},"end":{"line":142,"column":1}},"line":119},"4":{"name":"handleV1ApiRequest","decl":{"start":{"line":203,"column":9},"end":{"line":203,"column":27}},"loc":{"start":{"line":203,"column":44},"end":{"line":221,"column":1}},"line":203},"5":{"name":"getApiDocumentation","decl":{"start":{"line":226,"column":9},"end":{"line":226,"column":28}},"loc":{"start":{"line":226,"column":45},"end":{"line":235,"column":1}},"line":226},"6":{"name":"getEndpointsForVersion","decl":{"start":{"line":240,"column":9},"end":{"line":240,"column":31}},"loc":{"start":{"line":240,"column":42},"end":{"line":265,"column":1}},"line":240},"7":{"name":"checkVersionCompatibility","decl":{"start":{"line":270,"column":9},"end":{"line":270,"column":34}},"loc":{"start":{"line":270,"column":51},"end":{"line":291,"column":1}},"line":270}},"branchMap":{"0":{"loc":{"start":{"line":60,"column":23},"end":{"line":60,"column":46}},"type":"binary-expr","locations":[{"start":{"line":60,"column":23},"end":{"line":60,"column":40}},{"start":{"line":60,"column":44},"end":{"line":60,"column":46}}],"line":60},"1":{"loc":{"start":{"line":62,"column":24},"end":{"line":62,"column":61}},"type":"cond-expr","locations":[{"start":{"line":62,"column":39},"end":{"line":62,"column":54}},{"start":{"line":62,"column":57},"end":{"line":62,"column":61}}],"line":62},"2":{"loc":{"start":{"line":66,"column":22},"end":{"line":66,"column":53}},"type":"cond-expr","locations":[{"start":{"line":66,"column":34},"end":{"line":66,"column":46}},{"start":{"line":66,"column":49},"end":{"line":66,"column":53}}],"line":66},"3":{"loc":{"start":{"line":72,"column":16},"end":{"line":72,"column":68}},"type":"binary-expr","locations":[{"start":{"line":72,"column":16},"end":{"line":72,"column":27}},{"start":{"line":72,"column":31},"end":{"line":72,"column":43}},{"start":{"line":72,"column":47},"end":{"line":72,"column":60}},{"start":{"line":72,"column":64},"end":{"line":72,"column":68}}],"line":72},"4":{"loc":{"start":{"line":74,"column":2},"end":{"line":76,"column":3}},"type":"if","locations":[{"start":{"line":74,"column":2},"end":{"line":76,"column":3}},{"start":{},"end":{}}],"line":74},"5":{"loc":{"start":{"line":82,"column":2},"end":{"line":91,"column":3}},"type":"if","locations":[{"start":{"line":82,"column":2},"end":{"line":91,"column":3}},{"start":{},"end":{}}],"line":82},"6":{"loc":{"start":{"line":123,"column":2},"end":{"line":139,"column":3}},"type":"if","locations":[{"start":{"line":123,"column":2},"end":{"line":139,"column":3}},{"start":{},"end":{}}],"line":123},"7":{"loc":{"start":{"line":207,"column":2},"end":{"line":218,"column":3}},"type":"if","locations":[{"start":{"line":207,"column":2},"end":{"line":218,"column":3}},{"start":{},"end":{}}],"line":207},"8":{"loc":{"start":{"line":226,"column":29},"end":{"line":226,"column":43}},"type":"default-arg","locations":[{"start":{"line":226,"column":39},"end":{"line":226,"column":43}}],"line":226},"9":{"loc":{"start":{"line":275,"column":2},"end":{"line":282,"column":3}},"type":"if","locations":[{"start":{"line":275,"column":2},"end":{"line":282,"column":3}},{"start":{},"end":{}}],"line":275},"10":{"loc":{"start":{"line":285,"column":2},"end":{"line":288,"column":3}},"type":"if","locations":[{"start":{"line":285,"column":2},"end":{"line":288,"column":3}},{"start":{},"end":{}}],"line":285}},"s":{"0":0,"1":0,"2":0,"3":0,"4":0,"5":0,"6":0,"7":0,"8":0,"9":0,"10":0,"11":0,"12":0,"13":0,"14":0,"15":0,"16":0,"17":0,"18":0,"19":0,"20":0,"21":0,"22":0,"23":0,"24":0,"25":0,"26":0,"27":0,"28":0,"29":0,"30":0,"31":0,"32":0,"33":0,"34":0,"35":0,"36":0,"37":0,"38":0,"39":0,"40":0,"41":0,"42":0,"43":0,"44":0,"45":0,"46":0,"47":0,"48":0,"49":0,"50":0,"51":0,"52":0,"53":0,"54":0,"55":0,"56":0},"f":{"0":0,"1":0,"2":0,"3":0,"4":0,"5":0,"6":0,"7":0},"b":{"0":[0,0],"1":[0,0],"2":[0,0],"3":[0,0,0,0],"4":[0,0],"5":[0,0],"6":[0,0],"7":[0,0],"8":[0],"9":[0,0],"10":[0,0]}}
}
