TN:
SF:src\controllers\advancedAnalyticsController.js
FN:22,getMealPreferences
FN:57,getExpenseTrends
FN:92,getCostPredictions
FN:128,getWastageAnalysis
FN:167,getSatisfactionAnalytics
FN:202,getComprehensiveAnalytics
FN:230,(anonymous_6)
FNF:7
FNH:0
FNDA:0,getMealPreferences
FNDA:0,getExpenseTrends
FNDA:0,getCostPredictions
FNDA:0,getWastageAnalysis
FNDA:0,getSatisfactionAnalytics
FNDA:0,getComprehensiveAnalytics
FNDA:0,(anonymous_6)
DA:12,0
DA:14,0
DA:15,0
DA:16,0
DA:23,0
DA:24,0
DA:26,0
DA:27,0
DA:28,0
DA:29,0
DA:30,0
DA:32,0
DA:33,0
DA:37,0
DA:38,0
DA:40,0
DA:46,0
DA:58,0
DA:59,0
DA:61,0
DA:62,0
DA:63,0
DA:64,0
DA:65,0
DA:67,0
DA:68,0
DA:72,0
DA:73,0
DA:75,0
DA:81,0
DA:93,0
DA:94,0
DA:96,0
DA:97,0
DA:98,0
DA:99,0
DA:100,0
DA:102,0
DA:103,0
DA:107,0
DA:108,0
DA:110,0
DA:117,0
DA:129,0
DA:130,0
DA:132,0
DA:133,0
DA:134,0
DA:135,0
DA:136,0
DA:138,0
DA:139,0
DA:143,0
DA:148,0
DA:150,0
DA:156,0
DA:168,0
DA:169,0
DA:171,0
DA:172,0
DA:173,0
DA:174,0
DA:175,0
DA:177,0
DA:178,0
DA:182,0
DA:183,0
DA:185,0
DA:191,0
DA:203,0
DA:204,0
DA:206,0
DA:207,0
DA:208,0
DA:209,0
DA:210,0
DA:212,0
DA:213,0
DA:217,0
DA:223,0
DA:230,0
DA:238,0
DA:243,0
DA:250,0
LF:84
LH:0
BRDA:27,0,0,0
BRDA:27,0,1,0
BRDA:27,1,0,0
BRDA:27,1,1,0
BRDA:29,2,0,0
BRDA:29,2,1,0
BRDA:32,3,0,0
BRDA:32,3,1,0
BRDA:62,4,0,0
BRDA:62,4,1,0
BRDA:62,5,0,0
BRDA:62,5,1,0
BRDA:64,6,0,0
BRDA:64,6,1,0
BRDA:67,7,0,0
BRDA:67,7,1,0
BRDA:94,8,0,0
BRDA:97,9,0,0
BRDA:97,9,1,0
BRDA:97,10,0,0
BRDA:97,10,1,0
BRDA:99,11,0,0
BRDA:99,11,1,0
BRDA:102,12,0,0
BRDA:102,12,1,0
BRDA:133,13,0,0
BRDA:133,13,1,0
BRDA:133,14,0,0
BRDA:133,14,1,0
BRDA:135,15,0,0
BRDA:135,15,1,0
BRDA:138,16,0,0
BRDA:138,16,1,0
BRDA:172,17,0,0
BRDA:172,17,1,0
BRDA:172,18,0,0
BRDA:172,18,1,0
BRDA:174,19,0,0
BRDA:174,19,1,0
BRDA:177,20,0,0
BRDA:177,20,1,0
BRDA:207,21,0,0
BRDA:207,21,1,0
BRDA:207,22,0,0
BRDA:207,22,1,0
BRDA:209,23,0,0
BRDA:209,23,1,0
BRDA:212,24,0,0
BRDA:212,24,1,0
BRDA:220,25,0,0
BRDA:220,25,1,0
BRDA:233,26,0,0
BRDA:233,26,1,0
BRDA:234,27,0,0
BRDA:234,27,1,0
BRF:55
BRH:0
end_of_record
TN:
SF:src\controllers\analyticsController.js
FN:9,(anonymous_0)
FN:49,(anonymous_1)
FN:80,(anonymous_2)
FN:132,(anonymous_3)
FN:169,(anonymous_4)
FN:212,(anonymous_5)
FN:237,(anonymous_6)
FNF:7
FNH:0
FNDA:0,(anonymous_0)
FNDA:0,(anonymous_1)
FNDA:0,(anonymous_2)
FNDA:0,(anonymous_3)
FNDA:0,(anonymous_4)
FNDA:0,(anonymous_5)
FNDA:0,(anonymous_6)
DA:1,0
DA:2,0
DA:3,0
DA:4,0
DA:5,0
DA:9,0
DA:10,0
DA:11,0
DA:12,0
DA:13,0
DA:16,0
DA:18,0
DA:19,0
DA:20,0
DA:21,0
DA:23,0
DA:35,0
DA:41,0
DA:43,0
DA:49,0
DA:50,0
DA:51,0
DA:54,0
DA:55,0
DA:56,0
DA:59,0
DA:72,0
DA:74,0
DA:80,0
DA:81,0
DA:82,0
DA:83,0
DA:84,0
DA:87,0
DA:89,0
DA:90,0
DA:91,0
DA:92,0
DA:94,0
DA:106,0
DA:108,0
DA:116,0
DA:124,0
DA:126,0
DA:132,0
DA:133,0
DA:134,0
DA:135,0
DA:138,0
DA:142,0
DA:147,0
DA:152,0
DA:154,0
DA:163,0
DA:169,0
DA:170,0
DA:171,0
DA:172,0
DA:173,0
DA:176,0
DA:177,0
DA:180,0
DA:181,0
DA:184,0
DA:185,0
DA:189,0
DA:192,0
DA:196,0
DA:206,0
DA:212,0
DA:213,0
DA:214,0
DA:215,0
DA:217,0
DA:218,0
DA:219,0
DA:220,0
DA:221,0
DA:223,0
DA:228,0
DA:231,0
DA:233,0
DA:237,0
DA:240,0
LF:84
LH:0
BRDA:12,0,0,0
BRDA:12,0,1,0
BRDA:37,1,0,0
BRDA:37,1,1,0
BRDA:51,2,0,0
BRDA:51,2,1,0
BRDA:55,3,0,0
BRDA:55,3,1,0
BRDA:83,4,0,0
BRDA:83,4,1,0
BRDA:106,5,0,0
BRDA:106,5,1,0
BRDA:118,6,0,0
BRDA:118,6,1,0
BRDA:134,7,0,0
BRDA:134,7,1,0
BRDA:152,8,0,0
BRDA:152,8,1,0
BRDA:189,9,0,0
BRDA:189,9,1,0
BRDA:228,10,0,0
BRDA:228,10,1,0
BRDA:237,11,0,0
BRDA:237,11,1,0
BRF:24
BRH:0
end_of_record
TN:
SF:src\controllers\authController.js
FN:10,(anonymous_0)
FN:16,verifyCaptcha
FN:28,userResponse
FN:48,(anonymous_3)
FN:85,(anonymous_4)
FN:151,(anonymous_5)
FN:203,(anonymous_6)
FN:240,(anonymous_7)
FN:283,(anonymous_8)
FN:325,(anonymous_9)
FN:353,(anonymous_10)
FN:373,(anonymous_11)
FN:388,(anonymous_12)
FN:399,(anonymous_13)
FN:410,(anonymous_14)
FN:423,(anonymous_15)
FN:486,(anonymous_16)
FNF:17
FNH:1
FNDA:0,(anonymous_0)
FNDA:0,verifyCaptcha
FNDA:0,userResponse
FNDA:2,(anonymous_3)
FNDA:0,(anonymous_4)
FNDA:0,(anonymous_5)
FNDA:0,(anonymous_6)
FNDA:0,(anonymous_7)
FNDA:0,(anonymous_8)
FNDA:0,(anonymous_9)
FNDA:0,(anonymous_10)
FNDA:0,(anonymous_11)
FNDA:0,(anonymous_12)
FNDA:0,(anonymous_13)
FNDA:0,(anonymous_14)
FNDA:0,(anonymous_15)
FNDA:0,(anonymous_16)
DA:1,1
DA:3,1
DA:4,1
DA:5,1
DA:6,1
DA:8,1
DA:10,1
DA:11,0
DA:17,0
DA:18,0
DA:19,0
DA:21,0
DA:24,0
DA:25,0
DA:29,0
DA:48,1
DA:49,2
DA:50,2
DA:51,2
DA:52,2
DA:56,0
DA:57,0
DA:60,0
DA:61,0
DA:62,0
DA:65,0
DA:66,0
DA:71,0
DA:72,0
DA:73,0
DA:76,0
DA:77,0
DA:79,0
DA:85,1
DA:86,0
DA:87,0
DA:89,0
DA:90,0
DA:93,0
DA:94,0
DA:95,0
DA:100,0
DA:104,0
DA:105,0
DA:107,0
DA:108,0
DA:110,0
DA:111,0
DA:112,0
DA:113,0
DA:114,0
DA:116,0
DA:119,0
DA:120,0
DA:131,0
DA:133,0
DA:140,0
DA:141,0
DA:145,0
DA:151,1
DA:152,0
DA:153,0
DA:155,0
DA:156,0
DA:162,0
DA:163,0
DA:167,0
DA:168,0
DA:172,0
DA:173,0
DA:178,0
DA:179,0
DA:180,0
DA:183,0
DA:184,0
DA:185,0
DA:186,0
DA:187,0
DA:189,0
DA:190,0
DA:192,0
DA:193,0
DA:195,0
DA:197,0
DA:203,1
DA:204,0
DA:205,0
DA:206,0
DA:207,0
DA:211,0
DA:212,0
DA:215,0
DA:216,0
DA:218,0
DA:221,0
DA:222,0
DA:225,0
DA:226,0
DA:227,0
DA:228,0
DA:230,0
DA:232,0
DA:234,0
DA:240,1
DA:241,0
DA:242,0
DA:243,0
DA:244,0
DA:247,0
DA:248,0
DA:249,0
DA:252,0
DA:253,0
DA:254,0
DA:255,0
DA:256,0
DA:261,0
DA:262,0
DA:266,0
DA:271,0
DA:272,0
DA:273,0
DA:275,0
DA:277,0
DA:283,1
DA:284,0
DA:285,0
DA:286,0
DA:287,0
DA:292,0
DA:293,0
DA:299,0
DA:300,0
DA:302,0
DA:305,0
DA:306,0
DA:309,0
DA:310,0
DA:311,0
DA:314,0
DA:315,0
DA:317,0
DA:319,0
DA:325,1
DA:326,0
DA:327,0
DA:328,0
DA:329,0
DA:332,0
DA:333,0
DA:334,0
DA:337,0
DA:338,0
DA:341,0
DA:342,0
DA:343,0
DA:345,0
DA:347,0
DA:353,1
DA:354,0
DA:355,0
DA:356,0
DA:357,0
DA:360,0
DA:361,0
DA:364,0
DA:365,0
DA:367,0
DA:373,1
DA:374,0
DA:375,0
DA:380,0
DA:382,0
DA:388,1
DA:389,0
DA:390,0
DA:391,0
DA:393,0
DA:399,1
DA:400,0
DA:401,0
DA:402,0
DA:404,0
DA:410,1
DA:411,0
DA:412,0
DA:413,0
DA:415,0
DA:421,1
DA:423,1
DA:424,0
DA:426,0
DA:427,0
DA:431,0
DA:432,0
DA:433,0
DA:447,0
DA:449,0
DA:456,0
DA:461,0
DA:462,0
DA:465,0
DA:466,0
DA:467,0
DA:468,0
DA:469,0
DA:470,0
DA:471,0
DA:472,0
DA:473,0
DA:474,0
DA:476,0
DA:478,0
DA:480,0
DA:486,1
DA:487,0
DA:488,0
DA:490,0
DA:491,0
DA:494,0
DA:496,0
LF:221
LH:26
BRDA:12,0,0,0
BRDA:12,0,1,0
BRDA:18,1,0,0
BRDA:18,1,1,0
BRDA:25,2,0,0
BRDA:25,2,1,0
BRDA:51,3,0,2
BRDA:51,3,1,0
BRDA:51,4,0,2
BRDA:51,4,1,1
BRDA:56,5,0,0
BRDA:56,5,1,0
BRDA:61,6,0,0
BRDA:61,6,1,0
BRDA:61,7,0,0
BRDA:61,7,1,0
BRDA:65,8,0,0
BRDA:65,8,1,0
BRDA:72,9,0,0
BRDA:72,9,1,0
BRDA:89,10,0,0
BRDA:89,10,1,0
BRDA:94,11,0,0
BRDA:94,11,1,0
BRDA:110,12,0,0
BRDA:110,12,1,0
BRDA:111,13,0,0
BRDA:111,13,1,0
BRDA:113,14,0,0
BRDA:113,14,1,0
BRDA:124,15,0,0
BRDA:124,15,1,0
BRDA:140,16,0,0
BRDA:140,16,1,0
BRDA:140,17,0,0
BRDA:140,17,1,0
BRDA:155,18,0,0
BRDA:155,18,1,0
BRDA:155,19,0,0
BRDA:155,19,1,0
BRDA:155,19,2,0
BRDA:162,20,0,0
BRDA:162,20,1,0
BRDA:167,21,0,0
BRDA:167,21,1,0
BRDA:167,22,0,0
BRDA:167,22,1,0
BRDA:172,23,0,0
BRDA:172,23,1,0
BRDA:172,24,0,0
BRDA:172,24,1,0
BRDA:179,25,0,0
BRDA:179,25,1,0
BRDA:186,26,0,0
BRDA:186,26,1,0
BRDA:189,27,0,0
BRDA:189,27,1,0
BRDA:206,28,0,0
BRDA:206,28,1,0
BRDA:211,29,0,0
BRDA:211,29,1,0
BRDA:216,30,0,0
BRDA:216,30,1,0
BRDA:221,31,0,0
BRDA:221,31,1,0
BRDA:243,32,0,0
BRDA:243,32,1,0
BRDA:243,33,0,0
BRDA:243,33,1,0
BRDA:248,34,0,0
BRDA:248,34,1,0
BRDA:248,35,0,0
BRDA:248,35,1,0
BRDA:252,36,0,0
BRDA:252,36,1,0
BRDA:261,37,0,0
BRDA:261,37,1,0
BRDA:286,38,0,0
BRDA:286,38,1,0
BRDA:286,39,0,0
BRDA:286,39,1,0
BRDA:292,40,0,0
BRDA:292,40,1,0
BRDA:305,41,0,0
BRDA:305,41,1,0
BRDA:310,42,0,0
BRDA:310,42,1,0
BRDA:328,43,0,0
BRDA:328,43,1,0
BRDA:333,44,0,0
BRDA:333,44,1,0
BRDA:337,45,0,0
BRDA:337,45,1,0
BRDA:356,46,0,0
BRDA:356,46,1,0
BRDA:360,47,0,0
BRDA:360,47,1,0
BRDA:426,48,0,0
BRDA:426,48,1,0
BRDA:432,49,0,0
BRDA:432,49,1,0
BRDA:432,50,0,0
BRDA:432,50,1,0
BRDA:449,51,0,0
BRDA:449,51,1,0
BRDA:450,52,0,0
BRDA:450,52,1,0
BRDA:450,52,2,0
BRDA:450,52,3,0
BRDA:450,52,4,0
BRDA:461,53,0,0
BRDA:461,53,1,0
BRDA:466,54,0,0
BRDA:466,54,1,0
BRDA:467,55,0,0
BRDA:467,55,1,0
BRDA:468,56,0,0
BRDA:468,56,1,0
BRDA:471,57,0,0
BRDA:471,57,1,0
BRDA:490,58,0,0
BRDA:490,58,1,0
BRF:122
BRH:3
end_of_record
TN:
SF:src\controllers\complianceController.js
FN:12,uploadDocument
FN:54,getDocuments
FN:99,getDocument
FN:136,verifyDocument
FN:193,getComplianceReport
FN:214,(anonymous_5)
FN:215,(anonymous_6)
FN:216,(anonymous_7)
FN:223,(anonymous_8)
FN:244,deleteDocument
FNF:10
FNH:0
FNDA:0,uploadDocument
FNDA:0,getDocuments
FNDA:0,getDocument
FNDA:0,verifyDocument
FNDA:0,getComplianceReport
FNDA:0,(anonymous_5)
FNDA:0,(anonymous_6)
FNDA:0,(anonymous_7)
FNDA:0,(anonymous_8)
FNDA:0,deleteDocument
DA:6,0
DA:13,0
DA:14,0
DA:15,0
DA:17,0
DA:18,0
DA:24,0
DA:35,0
DA:37,0
DA:43,0
DA:55,0
DA:56,0
DA:57,0
DA:59,0
DA:61,0
DA:62,0
DA:64,0
DA:65,0
DA:68,0
DA:75,0
DA:77,0
DA:88,0
DA:100,0
DA:101,0
DA:105,0
DA:106,0
DA:113,0
DA:114,0
DA:120,0
DA:125,0
DA:137,0
DA:138,0
DA:140,0
DA:141,0
DA:147,0
DA:148,0
DA:149,0
DA:156,0
DA:157,0
DA:163,0
DA:164,0
DA:165,0
DA:168,0
DA:174,0
DA:176,0
DA:182,0
DA:194,0
DA:195,0
DA:196,0
DA:198,0
DA:203,0
DA:204,0
DA:207,0
DA:209,0
DA:214,0
DA:215,0
DA:216,0
DA:223,0
DA:224,0
DA:225,0
DA:228,0
DA:233,0
DA:245,0
DA:246,0
DA:248,0
DA:249,0
DA:256,0
DA:257,0
DA:263,0
DA:265,0
DA:270,0
DA:277,0
LF:72
LH:0
BRDA:17,0,0,0
BRDA:17,0,1,0
BRDA:17,1,0,0
BRDA:17,1,1,0
BRDA:29,2,0,0
BRDA:29,2,1,0
BRDA:31,3,0,0
BRDA:31,3,1,0
BRDA:32,4,0,0
BRDA:32,4,1,0
BRDA:56,5,0,0
BRDA:56,6,0,0
BRDA:61,7,0,0
BRDA:61,7,1,0
BRDA:64,8,0,0
BRDA:64,8,1,0
BRDA:105,9,0,0
BRDA:105,9,1,0
BRDA:113,10,0,0
BRDA:113,10,1,0
BRDA:140,11,0,0
BRDA:140,11,1,0
BRDA:148,12,0,0
BRDA:148,12,1,0
BRDA:156,13,0,0
BRDA:156,13,1,0
BRDA:156,14,0,0
BRDA:156,14,1,0
BRDA:200,15,0,0
BRDA:200,15,1,0
BRDA:203,16,0,0
BRDA:203,16,1,0
BRDA:224,17,0,0
BRDA:224,17,1,0
BRDA:225,18,0,0
BRDA:225,18,1,0
BRDA:248,19,0,0
BRDA:248,19,1,0
BRDA:256,20,0,0
BRDA:256,20,1,0
BRDA:256,21,0,0
BRDA:256,21,1,0
BRF:42
BRH:0
end_of_record
TN:
SF:src\controllers\expenseController.js
FN:11,(anonymous_0)
FN:49,(anonymous_1)
FN:92,(anonymous_2)
FN:122,(anonymous_3)
FN:132,(anonymous_4)
FN:182,(anonymous_5)
FN:204,(anonymous_6)
FN:211,(anonymous_7)
FN:224,(anonymous_8)
FNF:9
FNH:0
FNDA:0,(anonymous_0)
FNDA:0,(anonymous_1)
FNDA:0,(anonymous_2)
FNDA:0,(anonymous_3)
FNDA:0,(anonymous_4)
FNDA:0,(anonymous_5)
FNDA:0,(anonymous_6)
FNDA:0,(anonymous_7)
FNDA:0,(anonymous_8)
DA:1,0
DA:2,0
DA:7,0
DA:11,0
DA:12,0
DA:13,0
DA:16,0
DA:17,0
DA:21,0
DA:22,0
DA:25,0
DA:28,0
DA:29,0
DA:30,0
DA:33,0
DA:41,0
DA:43,0
DA:49,0
DA:50,0
DA:51,0
DA:52,0
DA:54,0
DA:55,0
DA:56,0
DA:58,0
DA:59,0
DA:64,0
DA:65,0
DA:66,0
DA:67,0
DA:68,0
DA:72,0
DA:75,0
DA:76,0
DA:77,0
DA:78,0
DA:82,0
DA:84,0
DA:86,0
DA:92,0
DA:93,0
DA:94,0
DA:97,0
DA:98,0
DA:99,0
DA:103,0
DA:122,0
DA:124,0
DA:126,0
DA:132,0
DA:133,0
DA:134,0
DA:137,0
DA:138,0
DA:139,0
DA:143,0
DA:155,0
DA:158,0
DA:166,0
DA:168,0
DA:176,0
DA:182,0
DA:183,0
DA:184,0
DA:187,0
DA:188,0
DA:189,0
DA:192,0
DA:201,0
DA:205,0
DA:211,0
DA:212,0
DA:214,0
DA:215,0
DA:216,0
DA:218,0
DA:224,0
DA:225,0
DA:226,0
DA:228,0
DA:229,0
DA:232,0
DA:233,0
DA:235,0
LF:84
LH:0
BRDA:16,0,0,0
BRDA:16,0,1,0
BRDA:21,1,0,0
BRDA:21,1,1,0
BRDA:21,2,0,0
BRDA:21,2,1,0
BRDA:25,3,0,0
BRDA:25,3,1,0
BRDA:29,4,0,0
BRDA:29,4,1,0
BRDA:54,5,0,0
BRDA:54,5,1,0
BRDA:54,6,0,0
BRDA:54,6,1,0
BRDA:58,7,0,0
BRDA:58,7,1,0
BRDA:58,8,0,0
BRDA:58,8,1,0
BRDA:65,9,0,0
BRDA:65,9,1,0
BRDA:67,10,0,0
BRDA:67,10,1,0
BRDA:75,11,0,0
BRDA:75,11,1,0
BRDA:77,12,0,0
BRDA:77,12,1,0
BRDA:94,13,0,0
BRDA:94,13,1,0
BRDA:98,14,0,0
BRDA:98,14,1,0
BRDA:134,15,0,0
BRDA:134,15,1,0
BRDA:138,16,0,0
BRDA:138,16,1,0
BRDA:155,17,0,0
BRDA:155,17,1,0
BRDA:166,18,0,0
BRDA:166,18,1,0
BRDA:184,19,0,0
BRDA:184,19,1,0
BRDA:188,20,0,0
BRDA:188,20,1,0
BRDA:205,21,0,0
BRDA:205,21,1,0
BRDA:206,22,0,0
BRDA:206,22,1,0
BRDA:228,23,0,0
BRDA:228,23,1,0
BRF:48
BRH:0
end_of_record
TN:
SF:src\controllers\feedbackController.js
FN:11,(anonymous_0)
FN:48,(anonymous_1)
FN:67,(anonymous_2)
FN:80,(anonymous_3)
FN:129,(anonymous_4)
FN:155,(anonymous_5)
FN:177,(anonymous_6)
FNF:7
FNH:0
FNDA:0,(anonymous_0)
FNDA:0,(anonymous_1)
FNDA:0,(anonymous_2)
FNDA:0,(anonymous_3)
FNDA:0,(anonymous_4)
FNDA:0,(anonymous_5)
FNDA:0,(anonymous_6)
DA:1,0
DA:2,0
DA:7,0
DA:11,0
DA:12,0
DA:13,0
DA:14,0
DA:17,0
DA:18,0
DA:22,0
DA:23,0
DA:24,0
DA:28,0
DA:29,0
DA:34,0
DA:40,0
DA:42,0
DA:48,0
DA:49,0
DA:50,0
DA:53,0
DA:54,0
DA:55,0
DA:58,0
DA:67,0
DA:72,0
DA:74,0
DA:80,0
DA:81,0
DA:82,0
DA:83,0
DA:84,0
DA:87,0
DA:88,0
DA:89,0
DA:90,0
DA:92,0
DA:121,0
DA:123,0
DA:129,0
DA:130,0
DA:131,0
DA:132,0
DA:133,0
DA:135,0
DA:147,0
DA:149,0
DA:155,0
DA:156,0
DA:157,0
DA:158,0
DA:159,0
DA:161,0
DA:176,0
DA:178,0
DA:179,0
DA:180,0
DA:184,0
DA:186,0
LF:59
LH:0
BRDA:14,0,0,0
BRDA:14,0,1,0
BRDA:17,1,0,0
BRDA:17,1,1,0
BRDA:23,2,0,0
BRDA:23,2,1,0
BRDA:28,3,0,0
BRDA:28,3,1,0
BRDA:28,4,0,0
BRDA:28,4,1,0
BRDA:28,4,2,0
BRDA:28,4,3,0
BRDA:36,5,0,0
BRDA:36,5,1,0
BRDA:50,6,0,0
BRDA:50,6,1,0
BRDA:54,7,0,0
BRDA:54,7,1,0
BRDA:69,8,0,0
BRDA:69,8,1,0
BRDA:83,9,0,0
BRDA:83,9,1,0
BRDA:179,10,0,0
BRDA:179,10,1,0
BRDA:180,11,0,0
BRDA:180,11,1,0
BRF:26
BRH:0
end_of_record
TN:
SF:src\controllers\hostelController.js
FN:14,createHostel
FN:68,getHostels
FN:101,getHostelById
FN:130,updateHostel
FN:151,(anonymous_4)
FN:176,addCoAdmin
FN:233,getHostelStats
FN:266,deleteHostel
FNF:8
FNH:0
FNDA:0,createHostel
FNDA:0,getHostels
FNDA:0,getHostelById
FNDA:0,updateHostel
FNDA:0,(anonymous_4)
FNDA:0,addCoAdmin
FNDA:0,getHostelStats
FNDA:0,deleteHostel
DA:6,0
DA:7,0
DA:8,0
DA:15,0
DA:16,0
DA:19,0
DA:20,0
DA:27,0
DA:28,0
DA:29,0
DA:35,0
DA:43,0
DA:46,0
DA:51,0
DA:57,0
DA:69,0
DA:70,0
DA:72,0
DA:74,0
DA:75,0
DA:80,0
DA:84,0
DA:90,0
DA:102,0
DA:103,0
DA:107,0
DA:108,0
DA:114,0
DA:119,0
DA:131,0
DA:132,0
DA:134,0
DA:135,0
DA:142,0
DA:143,0
DA:150,0
DA:151,0
DA:152,0
DA:153,0
DA:157,0
DA:159,0
DA:165,0
DA:177,0
DA:178,0
DA:180,0
DA:181,0
DA:182,0
DA:189,0
DA:190,0
DA:197,0
DA:198,0
DA:199,0
DA:206,0
DA:207,0
DA:213,0
DA:214,0
DA:216,0
DA:222,0
DA:234,0
DA:235,0
DA:237,0
DA:238,0
DA:245,0
DA:247,0
DA:255,0
DA:267,0
DA:268,0
DA:270,0
DA:271,0
DA:278,0
DA:279,0
DA:285,0
DA:287,0
DA:292,0
DA:299,0
LF:75
LH:0
BRDA:19,0,0,0
BRDA:19,0,1,0
BRDA:19,1,0,0
BRDA:19,1,1,0
BRDA:28,2,0,0
BRDA:28,2,1,0
BRDA:74,3,0,0
BRDA:74,3,1,0
BRDA:107,4,0,0
BRDA:107,4,1,0
BRDA:134,5,0,0
BRDA:134,5,1,0
BRDA:142,6,0,0
BRDA:142,6,1,0
BRDA:142,7,0,0
BRDA:142,7,1,0
BRDA:152,8,0,0
BRDA:152,8,1,0
BRDA:181,9,0,0
BRDA:181,9,1,0
BRDA:189,10,0,0
BRDA:189,10,1,0
BRDA:198,11,0,0
BRDA:198,11,1,0
BRDA:206,12,0,0
BRDA:206,12,1,0
BRDA:237,13,0,0
BRDA:237,13,1,0
BRDA:270,14,0,0
BRDA:270,14,1,0
BRDA:278,15,0,0
BRDA:278,15,1,0
BRDA:278,16,0,0
BRDA:278,16,1,0
BRF:34
BRH:0
end_of_record
TN:
SF:src\controllers\mealController.js
FN:7,(anonymous_0)
FN:38,(anonymous_1)
FN:54,(anonymous_2)
FN:66,(anonymous_3)
FN:92,(anonymous_4)
FN:117,(anonymous_5)
FN:127,(anonymous_6)
FN:139,(anonymous_7)
FN:162,(anonymous_8)
FNF:9
FNH:0
FNDA:0,(anonymous_0)
FNDA:0,(anonymous_1)
FNDA:0,(anonymous_2)
FNDA:0,(anonymous_3)
FNDA:0,(anonymous_4)
FNDA:0,(anonymous_5)
FNDA:0,(anonymous_6)
FNDA:0,(anonymous_7)
FNDA:0,(anonymous_8)
DA:1,0
DA:2,0
DA:3,0
DA:7,0
DA:8,0
DA:9,0
DA:12,0
DA:13,0
DA:16,0
DA:19,0
DA:20,0
DA:21,0
DA:24,0
DA:30,0
DA:32,0
DA:38,0
DA:39,0
DA:40,0
DA:43,0
DA:44,0
DA:45,0
DA:48,0
DA:53,0
DA:54,0
DA:55,0
DA:58,0
DA:60,0
DA:66,0
DA:67,0
DA:68,0
DA:71,0
DA:72,0
DA:73,0
DA:76,0
DA:84,0
DA:86,0
DA:92,0
DA:93,0
DA:94,0
DA:95,0
DA:96,0
DA:98,0
DA:109,0
DA:111,0
DA:117,0
DA:118,0
DA:119,0
DA:121,0
DA:126,0
DA:127,0
DA:128,0
DA:131,0
DA:133,0
DA:139,0
DA:140,0
DA:141,0
DA:142,0
DA:144,0
DA:145,0
DA:146,0
DA:147,0
DA:148,0
DA:149,0
DA:151,0
DA:156,0
DA:159,0
DA:160,0
DA:162,0
DA:167,0
DA:169,0
LF:70
LH:0
BRDA:12,0,0,0
BRDA:12,0,1,0
BRDA:16,1,0,0
BRDA:16,1,1,0
BRDA:20,2,0,0
BRDA:20,2,1,0
BRDA:26,3,0,0
BRDA:26,3,1,0
BRDA:40,4,0,0
BRDA:40,4,1,0
BRDA:44,5,0,0
BRDA:44,5,1,0
BRDA:68,6,0,0
BRDA:68,6,1,0
BRDA:72,7,0,0
BRDA:72,7,1,0
BRF:16
BRH:0
end_of_record
TN:
SF:src\controllers\menuController.js
FN:6,(anonymous_0)
FN:61,(anonymous_1)
FN:81,(anonymous_2)
FNF:3
FNH:0
FNDA:0,(anonymous_0)
FNDA:0,(anonymous_1)
FNDA:0,(anonymous_2)
DA:1,0
DA:2,0
DA:6,0
DA:7,0
DA:8,0
DA:9,0
DA:12,0
DA:13,0
DA:17,0
DA:18,0
DA:22,0
DA:23,0
DA:25,0
DA:26,0
DA:30,0
DA:31,0
DA:32,0
DA:33,0
DA:34,0
DA:36,0
DA:42,0
DA:53,0
DA:55,0
DA:61,0
DA:62,0
DA:63,0
DA:64,0
DA:66,0
DA:67,0
DA:73,0
DA:75,0
DA:81,0
DA:82,0
DA:83,0
DA:85,0
DA:86,0
DA:88,0
DA:89,0
DA:91,0
DA:92,0
DA:97,0
DA:100,0
DA:101,0
DA:102,0
DA:103,0
DA:104,0
DA:106,0
DA:112,0
DA:113,0
DA:115,0
LF:50
LH:0
BRDA:12,0,0,0
BRDA:12,0,1,0
BRDA:12,1,0,0
BRDA:12,1,1,0
BRDA:12,1,2,0
BRDA:17,2,0,0
BRDA:17,2,1,0
BRDA:17,3,0,0
BRDA:17,3,1,0
BRDA:17,3,2,0
BRDA:22,4,0,0
BRDA:22,4,1,0
BRDA:22,5,0,0
BRDA:22,5,1,0
BRDA:22,5,2,0
BRDA:25,6,0,0
BRDA:25,6,1,0
BRDA:25,7,0,0
BRDA:25,7,1,0
BRDA:25,7,2,0
BRDA:31,8,0,0
BRDA:31,8,1,0
BRDA:33,9,0,0
BRDA:33,9,1,0
BRDA:45,10,0,0
BRDA:45,10,1,0
BRDA:46,11,0,0
BRDA:46,11,1,0
BRDA:47,12,0,0
BRDA:47,12,1,0
BRDA:66,13,0,0
BRDA:66,13,1,0
BRDA:86,14,0,0
BRDA:86,14,1,0
BRDA:86,15,0,0
BRDA:86,15,1,0
BRDA:91,16,0,0
BRDA:91,16,1,0
BRDA:91,17,0,0
BRDA:91,17,1,0
BRF:40
BRH:0
end_of_record
TN:
SF:src\controllers\taskController.js
FN:6,(anonymous_0)
FN:46,(anonymous_1)
FN:115,(anonymous_2)
FN:154,(anonymous_3)
FN:177,(anonymous_4)
FNF:5
FNH:0
FNDA:0,(anonymous_0)
FNDA:0,(anonymous_1)
FNDA:0,(anonymous_2)
FNDA:0,(anonymous_3)
FNDA:0,(anonymous_4)
DA:1,0
DA:2,0
DA:6,0
DA:7,0
DA:8,0
DA:11,0
DA:12,0
DA:18,0
DA:19,0
DA:20,0
DA:25,0
DA:34,0
DA:38,0
DA:40,0
DA:46,0
DA:47,0
DA:48,0
DA:51,0
DA:52,0
DA:53,0
DA:54,0
DA:55,0
DA:56,0
DA:61,0
DA:62,0
DA:65,0
DA:66,0
DA:69,0
DA:71,0
DA:91,0
DA:96,0
DA:99,0
DA:100,0
DA:102,0
DA:107,0
DA:109,0
DA:115,0
DA:116,0
DA:117,0
DA:119,0
DA:120,0
DA:121,0
DA:124,0
DA:125,0
DA:127,0
DA:128,0
DA:130,0
DA:131,0
DA:133,0
DA:134,0
DA:136,0
DA:137,0
DA:140,0
DA:142,0
DA:146,0
DA:148,0
DA:154,0
DA:155,0
DA:156,0
DA:157,0
DA:158,0
DA:161,0
DA:162,0
DA:163,0
DA:165,0
DA:169,0
DA:171,0
DA:177,0
DA:178,0
DA:179,0
DA:180,0
DA:181,0
DA:184,0
DA:185,0
DA:187,0
LF:75
LH:0
BRDA:11,0,0,0
BRDA:11,0,1,0
BRDA:11,1,0,0
BRDA:11,1,1,0
BRDA:11,1,2,0
BRDA:18,2,0,0
BRDA:18,2,1,0
BRDA:19,3,0,0
BRDA:19,3,1,0
BRDA:19,4,0,0
BRDA:19,4,1,0
BRDA:28,5,0,0
BRDA:28,5,1,0
BRDA:29,6,0,0
BRDA:29,6,1,0
BRDA:30,7,0,0
BRDA:30,7,1,0
BRDA:53,8,0,0
BRDA:53,8,1,0
BRDA:55,9,0,0
BRDA:55,9,1,0
BRDA:62,10,0,0
BRDA:62,10,1,0
BRDA:66,11,0,0
BRDA:66,11,1,0
BRDA:66,12,0,0
BRDA:66,12,1,0
BRDA:69,13,0,0
BRDA:69,13,1,0
BRDA:120,14,0,0
BRDA:120,14,1,0
BRDA:124,15,0,0
BRDA:124,15,1,0
BRDA:127,16,0,0
BRDA:127,16,1,0
BRDA:130,17,0,0
BRDA:130,17,1,0
BRDA:133,18,0,0
BRDA:133,18,1,0
BRDA:136,19,0,0
BRDA:136,19,1,0
BRDA:157,20,0,0
BRDA:157,20,1,0
BRDA:162,21,0,0
BRDA:162,21,1,0
BRDA:180,22,0,0
BRDA:180,22,1,0
BRF:47
BRH:0
end_of_record
TN:
SF:src\middleware\authMiddleware.js
FN:5,(anonymous_0)
FN:31,(anonymous_1)
FN:32,(anonymous_2)
FN:44,(anonymous_3)
FNF:4
FNH:0
FNDA:0,(anonymous_0)
FNDA:0,(anonymous_1)
FNDA:0,(anonymous_2)
FNDA:0,(anonymous_3)
DA:1,0
DA:2,0
DA:5,0
DA:8,0
DA:9,0
DA:12,0
DA:13,0
DA:16,0
DA:17,0
DA:18,0
DA:20,0
DA:21,0
DA:24,0
DA:26,0
DA:31,0
DA:32,0
DA:33,0
DA:34,0
DA:39,0
DA:44,0
DA:45,0
DA:46,0
DA:52,0
DA:55,0
LF:24
LH:0
BRDA:8,0,0,0
BRDA:8,0,1,0
BRDA:8,1,0,0
BRDA:8,1,1,0
BRDA:12,2,0,0
BRDA:12,2,1,0
BRDA:20,3,0,0
BRDA:20,3,1,0
BRDA:33,4,0,0
BRDA:33,4,1,0
BRDA:45,5,0,0
BRDA:45,5,1,0
BRDA:45,6,0,0
BRDA:45,6,1,0
BRF:14
BRH:0
end_of_record
TN:
SF:src\models\ComplianceDocument.js
FNF:0
FNH:0
DA:1,0
DA:8,0
DA:80,0
DA:81,0
DA:82,0
DA:83,0
DA:85,0
LF:7
LH:0
BRF:0
BRH:0
end_of_record
TN:
SF:src\models\Expense.js
FNF:0
FNH:0
DA:1,0
DA:3,0
DA:35,0
DA:36,0
DA:38,0
LF:5
LH:0
BRF:0
BRH:0
end_of_record
TN:
SF:src\models\Feedback.js
FNF:0
FNH:0
DA:1,0
DA:3,0
DA:40,0
DA:41,0
DA:43,0
LF:5
LH:0
BRF:0
BRH:0
end_of_record
TN:
SF:src\models\Hostel.js
FN:125,(anonymous_0)
FNF:1
FNH:0
FNDA:0,(anonymous_0)
DA:1,0
DA:8,0
DA:120,0
DA:121,0
DA:122,0
DA:125,0
DA:126,0
DA:129,0
LF:8
LH:0
BRF:0
BRH:0
end_of_record
TN:
SF:src\models\MealAttendance.js
FNF:0
FNH:0
DA:1,0
DA:3,0
DA:30,0
DA:32,0
LF:4
LH:0
BRF:0
BRH:0
end_of_record
TN:
SF:src\models\Menu.js
FNF:0
FNH:0
DA:1,0
DA:3,0
DA:32,0
LF:3
LH:0
BRF:0
BRH:0
end_of_record
TN:
SF:src\models\MessConfig.js
FNF:0
FNH:0
DA:1,1
DA:3,1
DA:60,1
LF:3
LH:3
BRF:0
BRH:0
end_of_record
TN:
SF:src\models\Task.js
FNF:0
FNH:0
DA:1,0
DA:3,0
DA:49,0
DA:50,0
DA:51,0
DA:53,0
LF:6
LH:0
BRF:0
BRH:0
end_of_record
TN:
SF:src\models\User.js
FN:83,(anonymous_0)
FN:93,(anonymous_1)
FNF:2
FNH:0
FNDA:0,(anonymous_0)
FNDA:0,(anonymous_1)
DA:1,1
DA:2,1
DA:4,1
DA:83,1
DA:84,0
DA:85,0
DA:87,0
DA:88,0
DA:89,0
DA:93,1
DA:94,0
DA:97,1
LF:12
LH:6
BRDA:84,0,0,0
BRDA:84,0,1,0
BRF:2
BRH:0
end_of_record
TN:
SF:src\routes\advancedAnalyticsRoutes.js
FNF:0
FNH:0
DA:1,0
DA:2,0
DA:3,0
DA:5,0
DA:8,0
DA:14,0
DA:20,0
DA:26,0
DA:32,0
DA:38,0
DA:44,0
DA:46,0
LF:12
LH:0
BRF:0
BRH:0
end_of_record
TN:
SF:src\routes\analyticsRoutes.js
FNF:0
FNH:0
DA:1,0
DA:2,0
DA:3,0
DA:12,0
DA:13,0
DA:15,0
DA:21,0
DA:23,0
DA:24,0
DA:25,0
DA:26,0
DA:27,0
DA:28,0
DA:30,0
LF:14
LH:0
BRF:0
BRH:0
end_of_record
TN:
SF:src\routes\authRoutes.js
FNF:0
FNH:0
DA:1,0
DA:2,0
DA:18,0
DA:19,0
DA:22,0
DA:23,0
DA:24,0
DA:25,0
DA:26,0
DA:27,0
DA:30,0
DA:31,0
DA:34,0
DA:37,0
DA:38,0
DA:39,0
DA:40,0
DA:41,0
DA:43,0
LF:19
LH:0
BRF:0
BRH:0
end_of_record
TN:
SF:src\routes\expenseRoutes.js
FNF:0
FNH:0
DA:1,0
DA:2,0
DA:10,0
DA:11,0
DA:13,0
DA:14,0
DA:15,0
DA:16,0
DA:17,0
DA:18,0
DA:20,0
LF:11
LH:0
BRF:0
BRH:0
end_of_record
TN:
SF:src\routes\feedbackRoutes.js
FNF:0
FNH:0
DA:1,0
DA:2,0
DA:9,0
DA:10,0
DA:12,0
DA:13,0
DA:14,0
DA:15,0
DA:16,0
DA:24,0
LF:10
LH:0
BRF:0
BRH:0
end_of_record
TN:
SF:src\routes\mealRoutes.js
FNF:0
FNH:0
DA:1,0
DA:2,0
DA:10,0
DA:11,0
DA:13,0
DA:14,0
DA:15,0
DA:16,0
DA:17,0
DA:18,0
DA:20,0
LF:11
LH:0
BRF:0
BRH:0
end_of_record
TN:
SF:src\routes\menuRoutes.js
FNF:0
FNH:0
DA:1,0
DA:2,0
DA:3,0
DA:4,0
DA:6,0
DA:7,0
DA:8,0
DA:10,0
LF:8
LH:0
BRF:0
BRH:0
end_of_record
TN:
SF:src\routes\taskRoutes.js
FNF:0
FNH:0
DA:1,0
DA:2,0
DA:9,0
DA:10,0
DA:12,0
DA:13,0
DA:14,0
DA:15,0
DA:16,0
DA:18,0
LF:10
LH:0
BRF:0
BRH:0
end_of_record
TN:
SF:src\utils\advancedAnalytics.js
FN:11,analyzeMealPreferences
FN:15,(anonymous_1)
FN:17,(anonymous_2)
FN:31,(anonymous_3)
FN:39,(anonymous_4)
FN:41,(anonymous_5)
FN:50,analyzeExpenseTrends
FN:56,(anonymous_7)
FN:60,(anonymous_8)
FN:66,(anonymous_9)
FN:68,(anonymous_10)
FN:73,(anonymous_11)
FN:85,(anonymous_12)
FN:92,(anonymous_13)
FN:110,(anonymous_14)
FN:124,predictMealCosts
FN:131,(anonymous_16)
FN:132,(anonymous_17)
FN:136,(anonymous_18)
FN:142,(anonymous_19)
FN:144,(anonymous_20)
FN:150,(anonymous_21)
FN:151,(anonymous_22)
FN:187,analyzeWastage
FN:194,(anonymous_24)
FN:201,(anonymous_25)
FN:208,(anonymous_26)
FN:211,(anonymous_27)
FN:244,generateWastageRecommendations
FN:251,(anonymous_29)
FN:253,(anonymous_30)
FN:276,analyzeSatisfaction
FN:281,(anonymous_32)
FN:281,(anonymous_33)
FN:282,(anonymous_34)
FN:293,(anonymous_35)
FN:306,(anonymous_36)
FN:309,(anonymous_37)
FN:314,(anonymous_38)
FN:346,generateSatisfactionRecommendations
FNF:40
FNH:0
FNDA:0,analyzeMealPreferences
FNDA:0,(anonymous_1)
FNDA:0,(anonymous_2)
FNDA:0,(anonymous_3)
FNDA:0,(anonymous_4)
FNDA:0,(anonymous_5)
FNDA:0,analyzeExpenseTrends
FNDA:0,(anonymous_7)
FNDA:0,(anonymous_8)
FNDA:0,(anonymous_9)
FNDA:0,(anonymous_10)
FNDA:0,(anonymous_11)
FNDA:0,(anonymous_12)
FNDA:0,(anonymous_13)
FNDA:0,(anonymous_14)
FNDA:0,predictMealCosts
FNDA:0,(anonymous_16)
FNDA:0,(anonymous_17)
FNDA:0,(anonymous_18)
FNDA:0,(anonymous_19)
FNDA:0,(anonymous_20)
FNDA:0,(anonymous_21)
FNDA:0,(anonymous_22)
FNDA:0,analyzeWastage
FNDA:0,(anonymous_24)
FNDA:0,(anonymous_25)
FNDA:0,(anonymous_26)
FNDA:0,(anonymous_27)
FNDA:0,generateWastageRecommendations
FNDA:0,(anonymous_29)
FNDA:0,(anonymous_30)
FNDA:0,analyzeSatisfaction
FNDA:0,(anonymous_32)
FNDA:0,(anonymous_33)
FNDA:0,(anonymous_34)
FNDA:0,(anonymous_35)
FNDA:0,(anonymous_36)
FNDA:0,(anonymous_37)
FNDA:0,(anonymous_38)
FNDA:0,generateSatisfactionRecommendations
DA:12,0
DA:13,0
DA:15,0
DA:16,0
DA:17,0
DA:18,0
DA:19,0
DA:20,0
DA:21,0
DA:23,0
DA:24,0
DA:30,0
DA:31,0
DA:32,0
DA:35,0
DA:39,0
DA:41,0
DA:51,0
DA:52,0
DA:56,0
DA:59,0
DA:60,0
DA:61,0
DA:62,0
DA:65,0
DA:66,0
DA:68,0
DA:69,0
DA:72,0
DA:73,0
DA:74,0
DA:75,0
DA:84,0
DA:85,0
DA:86,0
DA:87,0
DA:91,0
DA:92,0
DA:93,0
DA:94,0
DA:95,0
DA:98,0
DA:100,0
DA:104,0
DA:110,0
DA:125,0
DA:126,0
DA:130,0
DA:131,0
DA:132,0
DA:135,0
DA:136,0
DA:137,0
DA:138,0
DA:141,0
DA:142,0
DA:144,0
DA:145,0
DA:148,0
DA:149,0
DA:150,0
DA:151,0
DA:152,0
DA:153,0
DA:154,0
DA:157,0
DA:158,0
DA:160,0
DA:161,0
DA:162,0
DA:164,0
DA:165,0
DA:167,0
DA:178,0
DA:188,0
DA:189,0
DA:193,0
DA:194,0
DA:195,0
DA:196,0
DA:200,0
DA:201,0
DA:202,0
DA:203,0
DA:206,0
DA:208,0
DA:211,0
DA:212,0
DA:213,0
DA:216,0
DA:218,0
DA:219,0
DA:231,0
DA:245,0
DA:247,0
DA:248,0
DA:251,0
DA:253,0
DA:255,0
DA:256,0
DA:261,0
DA:262,0
DA:265,0
DA:266,0
DA:268,0
DA:277,0
DA:278,0
DA:281,0
DA:282,0
DA:285,0
DA:293,0
DA:294,0
DA:295,0
DA:300,0
DA:301,0
DA:303,0
DA:304,0
DA:306,0
DA:307,0
DA:308,0
DA:309,0
DA:310,0
DA:311,0
DA:314,0
DA:315,0
DA:316,0
DA:322,0
DA:347,0
DA:349,0
DA:350,0
DA:351,0
DA:352,0
DA:353,0
DA:355,0
DA:358,0
DA:359,0
DA:362,0
DA:363,0
DA:366,0
DA:369,0
LF:140
LH:0
BRDA:16,0,0,0
BRDA:16,0,1,0
BRDA:18,1,0,0
BRDA:18,1,1,0
BRDA:19,2,0,0
BRDA:19,2,1,0
BRDA:20,3,0,0
BRDA:20,3,1,0
BRDA:51,4,0,0
BRDA:51,4,1,0
BRDA:62,5,0,0
BRDA:62,5,1,0
BRDA:74,6,0,0
BRDA:74,6,1,0
BRDA:86,7,0,0
BRDA:86,7,1,0
BRDA:87,8,0,0
BRDA:87,8,1,0
BRDA:95,9,0,0
BRDA:95,9,1,0
BRDA:100,10,0,0
BRDA:100,10,1,0
BRDA:124,11,0,0
BRDA:125,12,0,0
BRDA:125,12,1,0
BRDA:138,13,0,0
BRDA:138,13,1,0
BRDA:188,14,0,0
BRDA:188,14,1,0
BRDA:188,15,0,0
BRDA:188,15,1,0
BRDA:196,16,0,0
BRDA:196,16,1,0
BRDA:203,17,0,0
BRDA:203,17,1,0
BRDA:212,18,0,0
BRDA:212,18,1,0
BRDA:213,19,0,0
BRDA:213,19,1,0
BRDA:218,20,0,0
BRDA:218,20,1,0
BRDA:247,21,0,0
BRDA:247,21,1,0
BRDA:255,22,0,0
BRDA:255,22,1,0
BRDA:261,23,0,0
BRDA:261,23,1,0
BRDA:277,24,0,0
BRDA:277,24,1,0
BRDA:294,25,0,0
BRDA:294,25,1,0
BRDA:307,26,0,0
BRDA:307,26,1,0
BRDA:310,27,0,0
BRDA:310,27,1,0
BRDA:315,28,0,0
BRDA:315,28,1,0
BRDA:349,29,0,0
BRDA:349,29,1,0
BRDA:352,30,0,0
BRDA:352,30,1,0
BRDA:358,31,0,0
BRDA:358,31,1,0
BRDA:362,32,0,0
BRDA:362,32,1,0
BRF:65
BRH:0
end_of_record
TN:
SF:src\utils\backup.js
FN:28,ensureBackupDir
FN:39,(anonymous_1)
FN:48,(anonymous_2)
FN:97,(anonymous_3)
FN:143,(anonymous_4)
FN:150,(anonymous_5)
FN:203,(anonymous_6)
FN:209,(anonymous_7)
FN:210,(anonymous_8)
FN:218,(anonymous_9)
FN:230,(anonymous_10)
FN:233,(anonymous_11)
FN:278,(anonymous_12)
FN:313,(anonymous_13)
FN:316,(anonymous_14)
FN:371,schedulePeriodicBackups
FN:390,(anonymous_16)
FN:393,(anonymous_17)
FNF:18
FNH:0
FNDA:0,ensureBackupDir
FNDA:0,(anonymous_1)
FNDA:0,(anonymous_2)
FNDA:0,(anonymous_3)
FNDA:0,(anonymous_4)
FNDA:0,(anonymous_5)
FNDA:0,(anonymous_6)
FNDA:0,(anonymous_7)
FNDA:0,(anonymous_8)
FNDA:0,(anonymous_9)
FNDA:0,(anonymous_10)
FNDA:0,(anonymous_11)
FNDA:0,(anonymous_12)
FNDA:0,(anonymous_13)
FNDA:0,(anonymous_14)
FNDA:0,schedulePeriodicBackups
FNDA:0,(anonymous_16)
FNDA:0,(anonymous_17)
DA:6,0
DA:7,0
DA:8,0
DA:9,0
DA:11,0
DA:16,0
DA:29,0
DA:30,0
DA:31,0
DA:40,0
DA:41,0
DA:42,0
DA:49,0
DA:50,0
DA:53,0
DA:55,0
DA:62,0
DA:63,0
DA:66,0
DA:68,0
DA:70,0
DA:77,0
DA:85,0
DA:90,0
DA:98,0
DA:99,0
DA:102,0
DA:103,0
DA:107,0
DA:109,0
DA:115,0
DA:117,0
DA:123,0
DA:129,0
DA:134,0
DA:144,0
DA:151,0
DA:152,0
DA:154,0
DA:155,0
DA:156,0
DA:158,0
DA:160,0
DA:161,0
DA:162,0
DA:163,0
DA:164,0
DA:166,0
DA:172,0
DA:178,0
DA:183,0
DA:185,0
DA:190,0
DA:191,0
DA:193,0
DA:195,0
DA:196,0
DA:204,0
DA:205,0
DA:207,0
DA:208,0
DA:209,0
DA:211,0
DA:212,0
DA:213,0
DA:218,0
DA:220,0
DA:222,0
DA:223,0
DA:231,0
DA:232,0
DA:233,0
DA:235,0
DA:236,0
DA:239,0
DA:244,0
DA:246,0
DA:247,0
DA:248,0
DA:249,0
DA:250,0
DA:251,0
DA:253,0
DA:260,0
DA:265,0
DA:270,0
DA:271,0
DA:279,0
DA:280,0
DA:282,0
DA:283,0
DA:284,0
DA:286,0
DA:288,0
DA:289,0
DA:290,0
DA:291,0
DA:293,0
DA:294,0
DA:295,0
DA:299,0
DA:300,0
DA:306,0
DA:314,0
DA:315,0
DA:316,0
DA:318,0
DA:319,0
DA:322,0
DA:323,0
DA:325,0
DA:326,0
DA:327,0
DA:328,0
DA:330,0
DA:331,0
DA:333,0
DA:336,0
DA:340,0
DA:342,0
DA:349,0
DA:356,0
DA:358,0
DA:366,0
DA:372,0
DA:376,0
DA:378,0
DA:379,0
DA:381,0
DA:382,0
DA:384,0
DA:385,0
DA:387,0
DA:390,0
DA:391,0
DA:393,0
DA:396,0
DA:402,0
LF:138
LH:0
BRDA:18,0,0,0
BRDA:18,0,1,0
BRDA:19,1,0,0
BRDA:19,1,1,0
BRDA:20,2,0,0
BRDA:20,2,1,0
BRDA:29,3,0,0
BRDA:29,3,1,0
BRDA:102,4,0,0
BRDA:102,4,1,0
BRDA:102,5,0,0
BRDA:102,5,1,0
BRDA:209,6,0,0
BRDA:209,6,1,0
BRDA:235,7,0,0
BRDA:235,7,1,0
BRDA:293,8,0,0
BRDA:293,8,1,0
BRDA:299,9,0,0
BRDA:299,9,1,0
BRDA:318,10,0,0
BRDA:318,10,1,0
BRDA:330,11,0,0
BRDA:330,11,1,0
BRDA:330,12,0,0
BRDA:330,12,1,0
BRDA:376,13,0,0
BRDA:376,13,1,0
BRDA:376,13,2,0
BRDA:376,13,3,0
BRF:30
BRH:0
end_of_record
TN:
SF:src\utils\database.js
FN:72,initializeIndexes
FN:101,(anonymous_1)
FN:109,(anonymous_2)
FN:114,(anonymous_3)
FN:118,(anonymous_4)
FN:127,(anonymous_5)
FN:141,(anonymous_6)
FN:153,(anonymous_7)
FN:168,(anonymous_8)
FN:181,(anonymous_9)
FN:190,(anonymous_10)
FN:197,(anonymous_11)
FN:211,(anonymous_12)
FN:226,(anonymous_13)
FN:240,(anonymous_14)
FN:262,(anonymous_15)
FN:270,(anonymous_16)
FN:271,(anonymous_17)
FN:281,(anonymous_18)
FN:292,(anonymous_19)
FN:296,(anonymous_20)
FN:323,(anonymous_21)
FN:327,(anonymous_22)
FN:338,(anonymous_23)
FN:346,(anonymous_24)
FN:354,(anonymous_25)
FN:368,(anonymous_26)
FN:376,(anonymous_27)
FN:384,(anonymous_28)
FN:392,(anonymous_29)
FN:405,(anonymous_30)
FN:414,(anonymous_31)
FN:422,(anonymous_32)
FN:430,(anonymous_33)
FN:438,(anonymous_34)
FN:446,(anonymous_35)
FNF:36
FNH:0
FNDA:0,initializeIndexes
FNDA:0,(anonymous_1)
FNDA:0,(anonymous_2)
FNDA:0,(anonymous_3)
FNDA:0,(anonymous_4)
FNDA:0,(anonymous_5)
FNDA:0,(anonymous_6)
FNDA:0,(anonymous_7)
FNDA:0,(anonymous_8)
FNDA:0,(anonymous_9)
FNDA:0,(anonymous_10)
FNDA:0,(anonymous_11)
FNDA:0,(anonymous_12)
FNDA:0,(anonymous_13)
FNDA:0,(anonymous_14)
FNDA:0,(anonymous_15)
FNDA:0,(anonymous_16)
FNDA:0,(anonymous_17)
FNDA:0,(anonymous_18)
FNDA:0,(anonymous_19)
FNDA:0,(anonymous_20)
FNDA:0,(anonymous_21)
FNDA:0,(anonymous_22)
FNDA:0,(anonymous_23)
FNDA:0,(anonymous_24)
FNDA:0,(anonymous_25)
FNDA:0,(anonymous_26)
FNDA:0,(anonymous_27)
FNDA:0,(anonymous_28)
FNDA:0,(anonymous_29)
FNDA:0,(anonymous_30)
FNDA:0,(anonymous_31)
FNDA:0,(anonymous_32)
FNDA:0,(anonymous_33)
FNDA:0,(anonymous_34)
FNDA:0,(anonymous_35)
DA:6,0
DA:7,0
DA:9,0
DA:15,0
DA:73,0
DA:74,0
DA:76,0
DA:77,0
DA:78,0
DA:80,0
DA:81,0
DA:82,0
DA:83,0
DA:85,0
DA:91,0
DA:93,0
DA:102,0
DA:103,0
DA:110,0
DA:113,0
DA:114,0
DA:117,0
DA:118,0
DA:120,0
DA:121,0
DA:128,0
DA:129,0
DA:130,0
DA:132,0
DA:135,0
DA:142,0
DA:143,0
DA:144,0
DA:147,0
DA:154,0
DA:155,0
DA:156,0
DA:158,0
DA:159,0
DA:160,0
DA:162,0
DA:169,0
DA:170,0
DA:171,0
DA:173,0
DA:175,0
DA:182,0
DA:191,0
DA:198,0
DA:199,0
DA:202,0
DA:203,0
DA:205,0
DA:212,0
DA:213,0
DA:214,0
DA:216,0
DA:217,0
DA:219,0
DA:227,0
DA:228,0
DA:229,0
DA:231,0
DA:233,0
DA:241,0
DA:242,0
DA:243,0
DA:244,0
DA:246,0
DA:248,0
DA:249,0
DA:257,0
DA:263,0
DA:264,0
DA:265,0
DA:266,0
DA:270,0
DA:271,0
DA:272,0
DA:273,0
DA:274,0
DA:275,0
DA:282,0
DA:283,0
DA:293,0
DA:297,0
DA:298,0
DA:307,0
DA:308,0
DA:309,0
DA:310,0
DA:311,0
DA:312,0
DA:315,0
DA:316,0
DA:324,0
DA:328,0
DA:332,0
DA:339,0
DA:340,0
DA:347,0
DA:348,0
DA:355,0
DA:362,0
DA:369,0
DA:370,0
DA:377,0
DA:378,0
DA:385,0
DA:386,0
DA:393,0
DA:394,0
DA:395,0
DA:397,0
DA:399,0
DA:406,0
DA:415,0
DA:416,0
DA:423,0
DA:424,0
DA:431,0
DA:432,0
DA:439,0
DA:440,0
DA:447,0
DA:448,0
DA:451,0
DA:452,0
DA:456,0
DA:462,0
DA:464,0
DA:465,0
DA:470,0
LF:133
LH:0
BRDA:77,0,0,0
BRDA:77,0,1,0
BRDA:128,1,0,0
BRDA:128,1,1,0
BRDA:142,2,0,0
BRDA:142,2,1,0
BRDA:154,3,0,0
BRDA:154,3,1,0
BRDA:155,4,0,0
BRDA:155,4,1,0
BRDA:190,5,0,0
BRDA:198,6,0,0
BRDA:198,6,1,0
BRDA:263,7,0,0
BRDA:263,7,1,0
BRDA:272,8,0,0
BRDA:272,8,1,0
BRDA:282,9,0,0
BRDA:282,9,1,0
BRDA:297,10,0,0
BRDA:297,10,1,0
BRDA:315,11,0,0
BRDA:315,11,1,0
BRDA:354,12,0,0
BRDA:447,13,0,0
BRDA:447,13,1,0
BRF:26
BRH:0
end_of_record
TN:
SF:src\utils\email.js
FN:15,generateOTP
FN:24,sendOTPEmail
FNF:2
FNH:0
FNDA:0,generateOTP
FNDA:0,sendOTPEmail
DA:1,1
DA:2,1
DA:4,1
DA:16,0
DA:17,0
DA:18,0
DA:25,0
DA:46,0
DA:49,1
LF:9
LH:4
BRF:0
BRH:0
end_of_record
TN:
SF:src\utils\errors.js
FN:7,(anonymous_0)
FN:21,(anonymous_1)
FN:27,(anonymous_2)
FN:33,(anonymous_3)
FN:39,(anonymous_4)
FN:46,(anonymous_5)
FN:52,(anonymous_6)
FN:59,(anonymous_7)
FN:65,(anonymous_8)
FN:141,errorHandler
FN:169,(anonymous_10)
FN:239,(anonymous_11)
FN:239,(anonymous_12)
FNF:13
FNH:0
FNDA:0,(anonymous_0)
FNDA:0,(anonymous_1)
FNDA:0,(anonymous_2)
FNDA:0,(anonymous_3)
FNDA:0,(anonymous_4)
FNDA:0,(anonymous_5)
FNDA:0,(anonymous_6)
FNDA:0,(anonymous_7)
FNDA:0,(anonymous_8)
FNDA:0,errorHandler
FNDA:0,(anonymous_10)
FNDA:0,(anonymous_11)
FNDA:0,(anonymous_12)
DA:8,0
DA:10,0
DA:11,0
DA:12,0
DA:13,0
DA:14,0
DA:16,0
DA:22,0
DA:28,0
DA:34,0
DA:40,0
DA:41,0
DA:47,0
DA:53,0
DA:54,0
DA:60,0
DA:66,0
DA:73,0
DA:143,0
DA:155,0
DA:158,0
DA:159,0
DA:168,0
DA:169,0
DA:171,0
DA:180,0
DA:181,0
DA:183,0
DA:192,0
DA:193,0
DA:201,0
DA:202,0
DA:209,0
DA:210,0
DA:218,0
DA:219,0
DA:228,0
DA:239,0
DA:240,0
DA:243,0
LF:40
LH:0
BRDA:7,0,0,0
BRDA:7,1,0,0
BRDA:21,2,0,0
BRDA:27,3,0,0
BRDA:27,4,0,0
BRDA:33,5,0,0
BRDA:33,6,0,0
BRDA:39,7,0,0
BRDA:46,8,0,0
BRDA:52,9,0,0
BRDA:52,10,0,0
BRDA:52,11,0,0
BRDA:59,12,0,0
BRDA:65,13,0,0
BRDA:149,14,0,0
BRDA:149,14,1,0
BRDA:151,15,0,0
BRDA:151,15,1,0
BRDA:152,16,0,0
BRDA:152,16,1,0
BRDA:158,17,0,0
BRDA:158,17,1,0
BRDA:163,18,0,0
BRDA:163,18,1,0
BRDA:168,19,0,0
BRDA:168,19,1,0
BRDA:180,20,0,0
BRDA:180,20,1,0
BRDA:192,21,0,0
BRDA:192,21,1,0
BRDA:201,22,0,0
BRDA:201,22,1,0
BRDA:209,23,0,0
BRDA:209,23,1,0
BRDA:218,24,0,0
BRDA:218,24,1,0
BRDA:223,25,0,0
BRDA:223,25,1,0
BRDA:228,26,0,0
BRDA:228,26,1,0
BRDA:230,27,0,0
BRDA:230,27,1,0
BRDA:232,28,0,0
BRDA:232,28,1,0
BRF:44
BRH:0
end_of_record
TN:
SF:src\utils\i18n.js
FN:15,getUserLanguage
FN:36,translate
FN:59,i18nMiddleware
FN:61,(anonymous_3)
FN:63,(anonymous_4)
FN:64,(anonymous_5)
FN:87,getTranslatedMessage
FN:94,sendLocalizedError
FN:106,sendLocalizedSuccess
FN:117,createI18nRoutes
FN:125,(anonymous_10)
FN:137,(anonymous_11)
FN:159,(anonymous_12)
FN:160,(anonymous_13)
FN:162,(anonymous_14)
FNF:15
FNH:0
FNDA:0,getUserLanguage
FNDA:0,translate
FNDA:0,i18nMiddleware
FNDA:0,(anonymous_3)
FNDA:0,(anonymous_4)
FNDA:0,(anonymous_5)
FNDA:0,getTranslatedMessage
FNDA:0,sendLocalizedError
FNDA:0,sendLocalizedSuccess
FNDA:0,createI18nRoutes
FNDA:0,(anonymous_10)
FNDA:0,(anonymous_11)
FNDA:0,(anonymous_12)
FNDA:0,(anonymous_13)
FNDA:0,(anonymous_14)
DA:6,0
DA:16,0
DA:17,0
DA:18,0
DA:20,0
DA:21,0
DA:23,0
DA:24,0
DA:26,0
DA:27,0
DA:30,0
DA:37,0
DA:38,0
DA:41,0
DA:42,0
DA:44,0
DA:45,0
DA:46,0
DA:48,0
DA:52,0
DA:60,0
DA:61,0
DA:63,0
DA:64,0
DA:66,0
DA:67,0
DA:70,0
DA:71,0
DA:75,0
DA:77,0
DA:81,0
DA:88,0
DA:95,0
DA:96,0
DA:107,0
DA:108,0
DA:118,0
DA:119,0
DA:125,0
DA:126,0
DA:137,0
DA:138,0
DA:140,0
DA:141,0
DA:148,0
DA:159,0
DA:160,0
DA:161,0
DA:162,0
DA:163,0
DA:164,0
DA:165,0
DA:167,0
DA:170,0
DA:173,0
DA:180,0
DA:183,0
LF:57
LH:0
BRDA:16,0,0,0
BRDA:16,0,1,0
BRDA:20,1,0,0
BRDA:20,1,1,0
BRDA:20,2,0,0
BRDA:20,2,1,0
BRDA:23,3,0,0
BRDA:23,3,1,0
BRDA:23,4,0,0
BRDA:23,4,1,0
BRDA:26,5,0,0
BRDA:26,5,1,0
BRDA:26,6,0,0
BRDA:26,6,1,0
BRDA:36,7,0,0
BRDA:36,8,0,0
BRDA:37,9,0,0
BRDA:37,9,1,0
BRDA:45,10,0,0
BRDA:45,10,1,0
BRDA:45,11,0,0
BRDA:45,11,1,0
BRDA:45,11,2,0
BRDA:66,12,0,0
BRDA:66,12,1,0
BRDA:66,13,0,0
BRDA:66,13,1,0
BRDA:70,14,0,0
BRDA:70,14,1,0
BRDA:70,15,0,0
BRDA:70,15,1,0
BRDA:107,16,0,0
BRDA:107,16,1,0
BRDA:140,17,0,0
BRDA:140,17,1,0
BRDA:160,18,0,0
BRDA:163,19,0,0
BRDA:163,19,1,0
BRDA:164,20,0,0
BRDA:164,20,1,0
BRDA:164,21,0,0
BRDA:164,21,1,0
BRF:42
BRH:0
end_of_record
TN:
SF:src\utils\logger.js
FN:32,(anonymous_0)
FN:41,(anonymous_1)
FN:53,(anonymous_2)
FN:60,(anonymous_3)
FN:82,(anonymous_4)
FN:119,(anonymous_5)
FN:133,(anonymous_6)
FN:137,(anonymous_7)
FN:141,(anonymous_8)
FN:145,(anonymous_9)
FN:149,(anonymous_10)
FN:160,requestLogger
FN:177,(anonymous_12)
FN:196,errorLogger
FN:216,getLogger
FNF:15
FNH:0
FNDA:0,(anonymous_0)
FNDA:0,(anonymous_1)
FNDA:0,(anonymous_2)
FNDA:0,(anonymous_3)
FNDA:0,(anonymous_4)
FNDA:0,(anonymous_5)
FNDA:0,(anonymous_6)
FNDA:0,(anonymous_7)
FNDA:0,(anonymous_8)
FNDA:0,(anonymous_9)
FNDA:0,(anonymous_10)
FNDA:0,requestLogger
FNDA:0,(anonymous_12)
FNDA:0,errorLogger
FNDA:0,getLogger
DA:6,0
DA:7,0
DA:10,0
DA:11,0
DA:12,0
DA:15,0
DA:23,0
DA:33,0
DA:34,0
DA:35,0
DA:42,0
DA:54,0
DA:61,0
DA:62,0
DA:63,0
DA:65,0
DA:83,0
DA:84,0
DA:87,0
DA:88,0
DA:91,0
DA:100,0
DA:102,0
DA:105,0
DA:106,0
DA:109,0
DA:110,0
DA:113,0
DA:120,0
DA:121,0
DA:122,0
DA:124,0
DA:125,0
DA:126,0
DA:134,0
DA:138,0
DA:142,0
DA:146,0
DA:150,0
DA:155,0
DA:161,0
DA:162,0
DA:165,0
DA:168,0
DA:176,0
DA:177,0
DA:178,0
DA:180,0
DA:187,0
DA:190,0
DA:197,0
DA:199,0
DA:210,0
DA:217,0
DA:220,0
LF:55
LH:0
BRDA:11,0,0,0
BRDA:11,0,1,0
BRDA:32,1,0,0
BRDA:41,2,0,0
BRDA:41,3,0,0
BRDA:60,4,0,0
BRDA:63,5,0,0
BRDA:63,5,1,0
BRDA:71,6,0,0
BRDA:71,6,1,0
BRDA:72,7,0,0
BRDA:72,7,1,0
BRDA:82,8,0,0
BRDA:83,9,0,0
BRDA:83,9,1,0
BRDA:100,10,0,0
BRDA:100,10,1,0
BRDA:122,11,0,0
BRDA:122,11,1,0
BRDA:197,12,0,0
BRDA:197,12,1,0
BRDA:202,13,0,0
BRDA:202,13,1,0
BRDA:207,14,0,0
BRDA:207,14,1,0
BRDA:217,15,0,0
BRDA:217,15,1,0
BRF:27
BRH:0
end_of_record
TN:
SF:src\utils\performance.js
FN:11,(anonymous_0)
FN:44,(anonymous_1)
FN:75,(anonymous_2)
FN:92,(anonymous_3)
FN:93,(anonymous_4)
FN:100,(anonymous_5)
FN:109,(anonymous_6)
FN:128,(anonymous_7)
FN:141,(anonymous_8)
FN:165,(anonymous_9)
FN:182,performanceMonitoringMiddleware
FN:189,(anonymous_11)
FN:205,(anonymous_12)
FN:218,getHealthStatus
FN:234,checkHealthAlerts
FNF:15
FNH:0
FNDA:0,(anonymous_0)
FNDA:0,(anonymous_1)
FNDA:0,(anonymous_2)
FNDA:0,(anonymous_3)
FNDA:0,(anonymous_4)
FNDA:0,(anonymous_5)
FNDA:0,(anonymous_6)
FNDA:0,(anonymous_7)
FNDA:0,(anonymous_8)
FNDA:0,(anonymous_9)
FNDA:0,performanceMonitoringMiddleware
FNDA:0,(anonymous_11)
FNDA:0,(anonymous_12)
FNDA:0,getHealthStatus
FNDA:0,checkHealthAlerts
DA:6,0
DA:8,0
DA:12,0
DA:45,0
DA:48,0
DA:49,0
DA:53,0
DA:57,0
DA:60,0
DA:63,0
DA:64,0
DA:65,0
DA:66,0
DA:67,0
DA:68,0
DA:76,0
DA:79,0
DA:80,0
DA:83,0
DA:86,0
DA:93,0
DA:94,0
DA:96,0
DA:97,0
DA:100,0
DA:101,0
DA:102,0
DA:103,0
DA:110,0
DA:112,0
DA:113,0
DA:115,0
DA:116,0
DA:129,0
DA:131,0
DA:142,0
DA:145,0
DA:146,0
DA:150,0
DA:151,0
DA:155,0
DA:156,0
DA:159,0
DA:166,0
DA:172,0
DA:173,0
DA:177,0
DA:183,0
DA:186,0
DA:187,0
DA:189,0
DA:190,0
DA:191,0
DA:193,0
DA:194,0
DA:202,0
DA:205,0
DA:206,0
DA:207,0
DA:209,0
DA:212,0
DA:219,0
DA:235,0
DA:238,0
DA:239,0
DA:246,0
DA:247,0
DA:248,0
DA:255,0
DA:256,0
DA:257,0
DA:264,0
LF:72
LH:0
BRDA:50,0,0,0
BRDA:50,0,1,0
BRDA:54,1,0,0
BRDA:54,1,1,0
BRDA:57,2,0,0
BRDA:57,2,1,0
BRDA:63,3,0,0
BRDA:63,3,1,0
BRDA:66,4,0,0
BRDA:66,4,1,0
BRDA:79,5,0,0
BRDA:79,5,1,0
BRDA:96,6,0,0
BRDA:96,6,1,0
BRDA:109,7,0,0
BRDA:112,8,0,0
BRDA:112,8,1,0
BRDA:115,9,0,0
BRDA:115,9,1,0
BRDA:145,10,0,0
BRDA:145,10,1,0
BRDA:150,11,0,0
BRDA:150,11,1,0
BRDA:155,12,0,0
BRDA:155,12,1,0
BRDA:193,13,0,0
BRDA:193,13,1,0
BRDA:226,14,0,0
BRDA:226,14,1,0
BRDA:238,15,0,0
BRDA:238,15,1,0
BRDA:247,16,0,0
BRDA:247,16,1,0
BRDA:256,17,0,0
BRDA:256,17,1,0
BRF:35
BRH:0
end_of_record
TN:
SF:src\utils\predictor.js
FN:6,linearRegression
FNF:1
FNH:0
FNDA:0,linearRegression
DA:7,0
DA:8,0
DA:9,0
DA:11,0
DA:12,0
DA:15,0
DA:16,0
DA:17,0
DA:18,0
DA:20,0
DA:21,0
DA:22,0
DA:23,0
DA:24,0
DA:27,0
DA:29,0
DA:30,0
DA:33,0
DA:34,0
DA:37,0
DA:40,0
LF:21
LH:0
BRDA:8,0,0,0
BRDA:8,0,1,0
BRDA:11,1,0,0
BRDA:11,1,1,0
BRDA:29,2,0,0
BRDA:29,2,1,0
BRF:6
BRH:0
end_of_record
TN:
SF:src\utils\validation.extended.js
FN:9,validateEmail
FN:39,validatePassword
FN:57,validatePhoneNumber
FN:76,validateDateString
FN:104,validateDateRange
FN:115,validateMonthString
FN:138,validatePositiveInteger
FN:151,validateNumberRange
FN:164,validateEnum
FN:179,validateStringLength
FN:196,validateSortOrder
FN:209,validateCategory
FN:222,validateMealType
FN:235,validateRating
FN:248,validateRole
FN:257,validateObjectId
FN:270,sanitizeString
FN:287,sanitizeInput
FN:314,validateExpenseAmount
FN:329,validateCollegeId
FN:349,validateRoomNumber
FNF:21
FNH:0
FNDA:0,validateEmail
FNDA:0,validatePassword
FNDA:0,validatePhoneNumber
FNDA:0,validateDateString
FNDA:0,validateDateRange
FNDA:0,validateMonthString
FNDA:0,validatePositiveInteger
FNDA:0,validateNumberRange
FNDA:0,validateEnum
FNDA:0,validateStringLength
FNDA:0,validateSortOrder
FNDA:0,validateCategory
FNDA:0,validateMealType
FNDA:0,validateRating
FNDA:0,validateRole
FNDA:0,validateObjectId
FNDA:0,sanitizeString
FNDA:0,sanitizeInput
FNDA:0,validateExpenseAmount
FNDA:0,validateCollegeId
FNDA:0,validateRoomNumber
DA:10,0
DA:11,0
DA:15,0
DA:18,0
DA:19,0
DA:20,0
DA:24,0
DA:25,0
DA:29,0
DA:30,0
DA:33,0
DA:40,0
DA:41,0
DA:45,0
DA:47,0
DA:48,0
DA:51,0
DA:58,0
DA:59,0
DA:63,0
DA:64,0
DA:66,0
DA:67,0
DA:70,0
DA:77,0
DA:78,0
DA:81,0
DA:82,0
DA:83,0
DA:86,0
DA:87,0
DA:88,0
DA:92,0
DA:93,0
DA:94,0
DA:95,0
DA:98,0
DA:105,0
DA:106,0
DA:109,0
DA:116,0
DA:117,0
DA:120,0
DA:121,0
DA:122,0
DA:125,0
DA:126,0
DA:128,0
DA:129,0
DA:132,0
DA:139,0
DA:141,0
DA:142,0
DA:145,0
DA:152,0
DA:154,0
DA:155,0
DA:158,0
DA:165,0
DA:166,0
DA:169,0
DA:170,0
DA:173,0
DA:180,0
DA:181,0
DA:184,0
DA:186,0
DA:187,0
DA:190,0
DA:197,0
DA:199,0
DA:200,0
DA:203,0
DA:210,0
DA:211,0
DA:214,0
DA:216,0
DA:223,0
DA:224,0
DA:227,0
DA:229,0
DA:236,0
DA:238,0
DA:239,0
DA:242,0
DA:249,0
DA:251,0
DA:258,0
DA:259,0
DA:262,0
DA:264,0
DA:271,0
DA:272,0
DA:275,0
DA:288,0
DA:289,0
DA:292,0
DA:293,0
DA:295,0
DA:296,0
DA:297,0
DA:298,0
DA:299,0
DA:301,0
DA:305,0
DA:308,0
DA:315,0
DA:318,0
DA:319,0
DA:323,0
DA:330,0
DA:331,0
DA:334,0
DA:337,0
DA:339,0
DA:340,0
DA:343,0
DA:350,0
DA:351,0
DA:355,0
DA:357,0
DA:358,0
DA:361,0
DA:364,0
LF:124
LH:0
BRDA:10,0,0,0
BRDA:10,0,1,0
BRDA:10,1,0,0
BRDA:10,1,1,0
BRDA:19,2,0,0
BRDA:19,2,1,0
BRDA:24,3,0,0
BRDA:24,3,1,0
BRDA:24,4,0,0
BRDA:24,4,1,0
BRDA:29,5,0,0
BRDA:29,5,1,0
BRDA:40,6,0,0
BRDA:40,6,1,0
BRDA:40,7,0,0
BRDA:40,7,1,0
BRDA:47,8,0,0
BRDA:47,8,1,0
BRDA:58,9,0,0
BRDA:58,9,1,0
BRDA:58,10,0,0
BRDA:58,10,1,0
BRDA:66,11,0,0
BRDA:66,11,1,0
BRDA:77,12,0,0
BRDA:77,12,1,0
BRDA:82,13,0,0
BRDA:82,13,1,0
BRDA:87,14,0,0
BRDA:87,14,1,0
BRDA:94,15,0,0
BRDA:94,15,1,0
BRDA:94,16,0,0
BRDA:94,16,1,0
BRDA:105,17,0,0
BRDA:105,17,1,0
BRDA:105,18,0,0
BRDA:105,18,1,0
BRDA:116,19,0,0
BRDA:116,19,1,0
BRDA:121,20,0,0
BRDA:121,20,1,0
BRDA:128,21,0,0
BRDA:128,21,1,0
BRDA:128,22,0,0
BRDA:128,22,1,0
BRDA:138,23,0,0
BRDA:138,24,0,0
BRDA:138,25,0,0
BRDA:141,26,0,0
BRDA:141,26,1,0
BRDA:141,27,0,0
BRDA:141,27,1,0
BRDA:141,27,2,0
BRDA:154,28,0,0
BRDA:154,28,1,0
BRDA:154,29,0,0
BRDA:154,29,1,0
BRDA:154,29,2,0
BRDA:164,30,0,0
BRDA:165,31,0,0
BRDA:165,31,1,0
BRDA:165,32,0,0
BRDA:165,32,1,0
BRDA:169,33,0,0
BRDA:169,33,1,0
BRDA:179,34,0,0
BRDA:179,35,0,0
BRDA:180,36,0,0
BRDA:180,36,1,0
BRDA:186,37,0,0
BRDA:186,37,1,0
BRDA:186,38,0,0
BRDA:186,38,1,0
BRDA:199,39,0,0
BRDA:199,39,1,0
BRDA:210,40,0,0
BRDA:210,40,1,0
BRDA:216,41,0,0
BRDA:216,41,1,0
BRDA:223,42,0,0
BRDA:223,42,1,0
BRDA:229,43,0,0
BRDA:229,43,1,0
BRDA:238,44,0,0
BRDA:238,44,1,0
BRDA:238,45,0,0
BRDA:238,45,1,0
BRDA:238,45,2,0
BRDA:251,46,0,0
BRDA:251,46,1,0
BRDA:258,47,0,0
BRDA:258,47,1,0
BRDA:258,48,0,0
BRDA:258,48,1,0
BRDA:264,49,0,0
BRDA:264,49,1,0
BRDA:271,50,0,0
BRDA:271,50,1,0
BRDA:288,51,0,0
BRDA:288,51,1,0
BRDA:292,52,0,0
BRDA:292,52,1,0
BRDA:292,53,0,0
BRDA:292,53,1,0
BRDA:296,54,0,0
BRDA:296,54,1,0
BRDA:298,55,0,0
BRDA:298,55,1,0
BRDA:298,56,0,0
BRDA:298,56,1,0
BRDA:318,57,0,0
BRDA:318,57,1,0
BRDA:318,58,0,0
BRDA:318,58,1,0
BRDA:318,58,2,0
BRDA:330,59,0,0
BRDA:330,59,1,0
BRDA:330,60,0,0
BRDA:330,60,1,0
BRDA:339,61,0,0
BRDA:339,61,1,0
BRDA:350,62,0,0
BRDA:350,62,1,0
BRDA:350,63,0,0
BRDA:350,63,1,0
BRDA:357,64,0,0
BRDA:357,64,1,0
BRF:128
BRH:0
end_of_record
TN:
SF:src\utils\validation.js
FN:11,validateDateString
FN:35,validateMonthString
FN:60,validatePositiveInteger
FN:75,validateEnum
FN:87,validateSortOrder
FN:107,validateCategory
FN:127,validateEmail
FN:141,validatePhone
FNF:8
FNH:6
FNDA:3,validateDateString
FNDA:3,validateMonthString
FNDA:5,validatePositiveInteger
FNDA:3,validateEnum
FNDA:3,validateSortOrder
FNDA:3,validateCategory
FNDA:0,validateEmail
FNDA:0,validatePhone
DA:12,3
DA:13,1
DA:15,2
DA:16,2
DA:17,1
DA:21,1
DA:22,1
DA:23,0
DA:26,1
DA:36,3
DA:37,1
DA:39,2
DA:40,2
DA:41,1
DA:45,1
DA:46,1
DA:47,1
DA:48,0
DA:51,1
DA:61,5
DA:62,5
DA:63,3
DA:65,2
DA:76,3
DA:77,1
DA:79,2
DA:88,3
DA:89,3
DA:90,1
DA:92,2
DA:93,0
DA:95,2
DA:96,0
DA:98,2
DA:108,3
DA:109,0
DA:111,3
DA:119,3
DA:128,0
DA:129,0
DA:132,0
DA:133,0
DA:142,0
DA:143,0
DA:146,0
DA:147,0
DA:150,2
LF:47
LH:34
BRDA:11,0,0,2
BRDA:12,1,0,1
BRDA:12,1,1,2
BRDA:13,2,0,1
BRDA:13,2,1,1
BRDA:16,3,0,1
BRDA:16,3,1,1
BRDA:17,4,0,1
BRDA:17,4,1,0
BRDA:22,5,0,0
BRDA:22,5,1,1
BRDA:23,6,0,0
BRDA:23,6,1,0
BRDA:35,7,0,2
BRDA:36,8,0,1
BRDA:36,8,1,2
BRDA:37,9,0,1
BRDA:37,9,1,1
BRDA:40,10,0,1
BRDA:40,10,1,1
BRDA:41,11,0,1
BRDA:41,11,1,0
BRDA:47,12,0,0
BRDA:47,12,1,1
BRDA:47,13,0,1
BRDA:47,13,1,1
BRDA:48,14,0,0
BRDA:48,14,1,0
BRDA:60,15,0,2
BRDA:62,16,0,3
BRDA:62,16,1,2
BRDA:62,17,0,5
BRDA:62,17,1,4
BRDA:75,18,0,0
BRDA:76,19,0,1
BRDA:76,19,1,2
BRDA:89,20,0,1
BRDA:89,20,1,2
BRDA:92,21,0,0
BRDA:92,21,1,2
BRDA:92,22,0,2
BRDA:92,22,1,2
BRDA:95,23,0,0
BRDA:95,23,1,2
BRDA:95,24,0,2
BRDA:95,24,1,2
BRDA:107,25,0,3
BRDA:108,26,0,0
BRDA:108,26,1,3
BRDA:119,27,0,2
BRDA:119,27,1,1
BRDA:128,28,0,0
BRDA:128,28,1,0
BRDA:128,29,0,0
BRDA:128,29,1,0
BRDA:142,30,0,0
BRDA:142,30,1,0
BRDA:142,31,0,0
BRDA:142,31,1,0
BRF:59
BRH:39
end_of_record
TN:
SF:src\utils\versioning.js
FN:58,detectApiVersion
FN:99,deprecatedEndpoint
FN:100,(anonymous_2)
FN:119,validateVersionEndpoint
FN:203,handleV1ApiRequest
FN:226,getApiDocumentation
FN:240,getEndpointsForVersion
FN:270,checkVersionCompatibility
FNF:8
FNH:0
FNDA:0,detectApiVersion
FNDA:0,deprecatedEndpoint
FNDA:0,(anonymous_2)
FNDA:0,validateVersionEndpoint
FNDA:0,handleV1ApiRequest
FNDA:0,getApiDocumentation
FNDA:0,getEndpointsForVersion
FNDA:0,checkVersionCompatibility
DA:6,0
DA:8,0
DA:13,0
DA:40,0
DA:60,0
DA:61,0
DA:62,0
DA:65,0
DA:66,0
DA:69,0
DA:72,0
DA:74,0
DA:75,0
DA:78,0
DA:79,0
DA:82,0
DA:83,0
DA:84,0
DA:86,0
DA:93,0
DA:100,0
DA:101,0
DA:102,0
DA:103,0
DA:105,0
DA:112,0
DA:120,0
DA:123,0
DA:124,0
DA:126,0
DA:127,0
DA:128,0
DA:130,0
DA:134,0
DA:141,0
DA:147,0
DA:194,0
DA:204,0
DA:205,0
DA:207,0
DA:208,0
DA:213,0
DA:214,0
DA:220,0
DA:227,0
DA:229,0
DA:242,0
DA:271,0
DA:272,0
DA:275,0
DA:276,0
DA:278,0
DA:285,0
DA:286,0
DA:287,0
DA:290,0
DA:293,0
LF:57
LH:0
BRDA:60,0,0,0
BRDA:60,0,1,0
BRDA:62,1,0,0
BRDA:62,1,1,0
BRDA:66,2,0,0
BRDA:66,2,1,0
BRDA:72,3,0,0
BRDA:72,3,1,0
BRDA:72,3,2,0
BRDA:72,3,3,0
BRDA:74,4,0,0
BRDA:74,4,1,0
BRDA:82,5,0,0
BRDA:82,5,1,0
BRDA:123,6,0,0
BRDA:123,6,1,0
BRDA:207,7,0,0
BRDA:207,7,1,0
BRDA:226,8,0,0
BRDA:275,9,0,0
BRDA:275,9,1,0
BRDA:285,10,0,0
BRDA:285,10,1,0
BRF:23
BRH:0
end_of_record
